#
# A fatal error has been detected by the Java Runtime Environment:
#
#  EXCEPTION_ACCESS_VIOLATION (0xc0000005) at pc=0x0000000000000000, pid=19320, tid=1740
#
# JRE version: OpenJDK Runtime Environment Corretto-11.0.20.9.1 (11.0.20.1+9) (build 11.0.20.1+9-LTS)
# Java VM: OpenJDK 64-Bit Server VM Corretto-11.0.20.9.1 (11.0.20.1+9-LTS, mixed mode, tiered, compressed oops, g1 gc, windows-amd64)
# Problematic frame:
# C  0x0000000000000000
#
# No core dump will be written. Minidumps are not enabled by default on client versions of Windows
#
# If you would like to submit a bug report, please visit:
#   https://github.com/corretto/corretto-11/issues/
# The crash happened outside the Java Virtual Machine in native code.
# See problematic frame for where to report the bug.
#

---------------  S U M M A R Y ------------

Command Line: -Dorg.gradle.native=false -Xmx512m -Dfile.encoding=windows-1251 -Duser.country=RU -Duser.language=ru -Duser.variant -ea worker.org.gradle.process.internal.worker.GradleWorkerMain 'Gradle Test Executor 1'

Host: AMD FX(tm)-8350 Eight-Core Processor           , 8 cores, 15G,  Windows 11 , 64 bit Build 22621 (10.0.22621.2070)
Time: Mon Aug 28 16:23:00 2023 RTZ 2 (s 11 , 64 bit Build 22621 (10.0.22621.2070) elapsed time: 2.216236 seconds (0d 0h 0m 2s)

---------------  T H R E A D  ---------------

Current thread (0x000001a1a72d5000):  JavaThread "Test worker" [_thread_in_native, id=1740, stack(0x0000003d8a800000,0x0000003d8a900000)]

Stack: [0x0000003d8a800000,0x0000003d8a900000],  sp=0x0000003d8a8fab48,  free space=1002k
Native frames: (J=compiled Java code, j=interpreted, Vv=VM code, C=native code)

Java frames: (J=compiled Java code, j=interpreted, Vv=VM code)
j  com.huskerdev.ojgl.GLMin.glFinish()V+0
j  com.huskerdev.ojgl.GLMin$Companion.glFinish()V+0
j  com.husker.ojgl.OJGLTest.testFunctions()V+37
v  ~StubRoutines::call_stub
j  jdk.internal.reflect.NativeMethodAccessorImpl.invoke0(Ljava/lang/reflect/Method;Ljava/lang/Object;[Ljava/lang/Object;)Ljava/lang/Object;+0 java.base@11.0.20.1
j  jdk.internal.reflect.NativeMethodAccessorImpl.invoke(Ljava/lang/Object;[Ljava/lang/Object;)Ljava/lang/Object;+100 java.base@11.0.20.1
j  jdk.internal.reflect.DelegatingMethodAccessorImpl.invoke(Ljava/lang/Object;[Ljava/lang/Object;)Ljava/lang/Object;+6 java.base@11.0.20.1
j  java.lang.reflect.Method.invoke(Ljava/lang/Object;[Ljava/lang/Object;)Ljava/lang/Object;+59 java.base@11.0.20.1
j  org.junit.platform.commons.util.ReflectionUtils.invokeMethod(Ljava/lang/reflect/Method;Ljava/lang/Object;[Ljava/lang/Object;)Ljava/lang/Object;+42
j  org.junit.jupiter.engine.execution.MethodInvocation.proceed()Ljava/lang/Object;+16
j  org.junit.jupiter.engine.execution.InvocationInterceptorChain$ValidatingInvocation.proceed()Ljava/lang/Object;+8
j  org.junit.jupiter.engine.extension.TimeoutExtension.intercept(Lorg/junit/jupiter/api/extension/InvocationInterceptor$Invocation;Lorg/junit/jupiter/api/extension/ReflectiveInvocationContext;Lorg/junit/jupiter/api/extension/ExtensionContext;Lorg/junit/jupiter/engine/extension/TimeoutDuration;Lorg/junit/jupiter/engine/extension/TimeoutExtension$TimeoutProvider;)Ljava/lang/Object;+28
j  org.junit.jupiter.engine.extension.TimeoutExtension.interceptTestableMethod(Lorg/junit/jupiter/api/extension/InvocationInterceptor$Invocation;Lorg/junit/jupiter/api/extension/ReflectiveInvocationContext;Lorg/junit/jupiter/api/extension/ExtensionContext;Lorg/junit/jupiter/engine/extension/TimeoutExtension$TimeoutProvider;)Ljava/lang/Object;+31
j  org.junit.jupiter.engine.extension.TimeoutExtension.interceptTestMethod(Lorg/junit/jupiter/api/extension/InvocationInterceptor$Invocation;Lorg/junit/jupiter/api/extension/ReflectiveInvocationContext;Lorg/junit/jupiter/api/extension/ExtensionContext;)V+9
j  org.junit.jupiter.engine.descriptor.TestMethodTestDescriptor$$Lambda$161.apply(Lorg/junit/jupiter/api/extension/InvocationInterceptor;Lorg/junit/jupiter/api/extension/InvocationInterceptor$Invocation;Lorg/junit/jupiter/api/extension/ReflectiveInvocationContext;Lorg/junit/jupiter/api/extension/ExtensionContext;)V+5
j  org.junit.jupiter.engine.execution.ExecutableInvoker$ReflectiveInterceptorCall.lambda$ofVoidMethod$0(Lorg/junit/jupiter/engine/execution/ExecutableInvoker$ReflectiveInterceptorCall$VoidMethodInterceptorCall;Lorg/junit/jupiter/api/extension/InvocationInterceptor;Lorg/junit/jupiter/api/extension/InvocationInterceptor$Invocation;Lorg/junit/jupiter/api/extension/ReflectiveInvocationContext;Lorg/junit/jupiter/api/extension/ExtensionContext;)Ljava/lang/Void;+6
j  org.junit.jupiter.engine.execution.ExecutableInvoker$ReflectiveInterceptorCall$$Lambda$162.apply(Lorg/junit/jupiter/api/extension/InvocationInterceptor;Lorg/junit/jupiter/api/extension/InvocationInterceptor$Invocation;Lorg/junit/jupiter/api/extension/ReflectiveInvocationContext;Lorg/junit/jupiter/api/extension/ExtensionContext;)Ljava/lang/Object;+9
j  org.junit.jupiter.engine.execution.ExecutableInvoker.lambda$invoke$0(Lorg/junit/jupiter/engine/execution/ExecutableInvoker$ReflectiveInterceptorCall;Lorg/junit/jupiter/api/extension/ReflectiveInvocationContext;Lorg/junit/jupiter/api/extension/ExtensionContext;Lorg/junit/jupiter/api/extension/InvocationInterceptor;Lorg/junit/jupiter/api/extension/InvocationInterceptor$Invocation;)Ljava/lang/Object;+6
j  org.junit.jupiter.engine.execution.ExecutableInvoker$$Lambda$311.apply(Lorg/junit/jupiter/api/extension/InvocationInterceptor;Lorg/junit/jupiter/api/extension/InvocationInterceptor$Invocation;)Ljava/lang/Object;+14
j  org.junit.jupiter.engine.execution.InvocationInterceptorChain$InterceptedInvocation.proceed()Ljava/lang/Object;+12
j  org.junit.jupiter.engine.execution.InvocationInterceptorChain.proceed(Lorg/junit/jupiter/api/extension/InvocationInterceptor$Invocation;)Ljava/lang/Object;+1
j  org.junit.jupiter.engine.execution.InvocationInterceptorChain.chainAndInvoke(Lorg/junit/jupiter/api/extension/InvocationInterceptor$Invocation;Lorg/junit/jupiter/engine/execution/InvocationInterceptorChain$InterceptorCall;Ljava/util/List;)Ljava/lang/Object;+24
j  org.junit.jupiter.engine.execution.InvocationInterceptorChain.invoke(Lorg/junit/jupiter/api/extension/InvocationInterceptor$Invocation;Lorg/junit/jupiter/engine/extension/ExtensionRegistry;Lorg/junit/jupiter/engine/execution/InvocationInterceptorChain$InterceptorCall;)Ljava/lang/Object;+31
j  org.junit.jupiter.engine.execution.ExecutableInvoker.invoke(Lorg/junit/jupiter/api/extension/InvocationInterceptor$Invocation;Lorg/junit/jupiter/api/extension/ReflectiveInvocationContext;Lorg/junit/jupiter/api/extension/ExtensionContext;Lorg/junit/jupiter/engine/extension/ExtensionRegistry;Lorg/junit/jupiter/engine/execution/ExecutableInvoker$ReflectiveInterceptorCall;)Ljava/lang/Object;+15
j  org.junit.jupiter.engine.execution.ExecutableInvoker.invoke(Ljava/lang/reflect/Method;Ljava/lang/Object;Lorg/junit/jupiter/api/extension/ExtensionContext;Lorg/junit/jupiter/engine/extension/ExtensionRegistry;Lorg/junit/jupiter/engine/execution/ExecutableInvoker$ReflectiveInterceptorCall;)Ljava/lang/Object;+56
j  org.junit.jupiter.engine.descriptor.TestMethodTestDescriptor.lambda$invokeTestMethod$7(Lorg/junit/jupiter/api/extension/ExtensionContext;Lorg/junit/jupiter/engine/execution/JupiterEngineExecutionContext;)V+28
j  org.junit.jupiter.engine.descriptor.TestMethodTestDescriptor$$Lambda$323.execute()V+12
j  org.junit.platform.engine.support.hierarchical.ThrowableCollector.execute(Lorg/junit/platform/engine/support/hierarchical/ThrowableCollector$Executable;)V+1
j  org.junit.jupiter.engine.descriptor.TestMethodTestDescriptor.invokeTestMethod(Lorg/junit/jupiter/engine/execution/JupiterEngineExecutionContext;Lorg/junit/platform/engine/support/hierarchical/Node$DynamicTestExecutor;)V+21
j  org.junit.jupiter.engine.descriptor.TestMethodTestDescriptor.execute(Lorg/junit/jupiter/engine/execution/JupiterEngineExecutionContext;Lorg/junit/platform/engine/support/hierarchical/Node$DynamicTestExecutor;)Lorg/junit/jupiter/engine/execution/JupiterEngineExecutionContext;+44
j  org.junit.jupiter.engine.descriptor.TestMethodTestDescriptor.execute(Lorg/junit/platform/engine/support/hierarchical/EngineExecutionContext;Lorg/junit/platform/engine/support/hierarchical/Node$DynamicTestExecutor;)Lorg/junit/platform/engine/support/hierarchical/EngineExecutionContext;+6
j  org.junit.platform.engine.support.hierarchical.NodeTestTask.lambda$executeRecursively$6()V+79
j  org.junit.platform.engine.support.hierarchical.NodeTestTask$$Lambda$251.execute()V+4
j  org.junit.platform.engine.support.hierarchical.ThrowableCollector.execute(Lorg/junit/platform/engine/support/hierarchical/ThrowableCollector$Executable;)V+1
j  org.junit.platform.engine.support.hierarchical.NodeTestTask.lambda$executeRecursively$8(Lorg/junit/platform/engine/support/hierarchical/EngineExecutionContext;)V+15
j  org.junit.platform.engine.support.hierarchical.NodeTestTask$$Lambda$250.invoke(Lorg/junit/platform/engine/support/hierarchical/EngineExecutionContext;)V+5
j  org.junit.platform.engine.support.hierarchical.Node.around(Lorg/junit/platform/engine/support/hierarchical/EngineExecutionContext;Lorg/junit/platform/engine/support/hierarchical/Node$Invocation;)V+2
j  org.junit.platform.engine.support.hierarchical.NodeTestTask.lambda$executeRecursively$9()V+14
j  org.junit.platform.engine.support.hierarchical.NodeTestTask$$Lambda$249.execute()V+4
j  org.junit.platform.engine.support.hierarchical.ThrowableCollector.execute(Lorg/junit/platform/engine/support/hierarchical/ThrowableCollector$Executable;)V+1
j  org.junit.platform.engine.support.hierarchical.NodeTestTask.executeRecursively()V+31
j  org.junit.platform.engine.support.hierarchical.NodeTestTask.execute()V+55
j  org.junit.platform.engine.support.hierarchical.SameThreadHierarchicalTestExecutorService$$Lambda$255.accept(Ljava/lang/Object;)V+4
j  java.util.ArrayList.forEach(Ljava/util/function/Consumer;)V+46 java.base@11.0.20.1
j  org.junit.platform.engine.support.hierarchical.SameThreadHierarchicalTestExecutorService.invokeAll(Ljava/util/List;)V+6
j  org.junit.platform.engine.support.hierarchical.NodeTestTask.lambda$executeRecursively$6()V+116
j  org.junit.platform.engine.support.hierarchical.NodeTestTask$$Lambda$251.execute()V+4
j  org.junit.platform.engine.support.hierarchical.ThrowableCollector.execute(Lorg/junit/platform/engine/support/hierarchical/ThrowableCollector$Executable;)V+1
j  org.junit.platform.engine.support.hierarchical.NodeTestTask.lambda$executeRecursively$8(Lorg/junit/platform/engine/support/hierarchical/EngineExecutionContext;)V+15
j  org.junit.platform.engine.support.hierarchical.NodeTestTask$$Lambda$250.invoke(Lorg/junit/platform/engine/support/hierarchical/EngineExecutionContext;)V+5
j  org.junit.platform.engine.support.hierarchical.Node.around(Lorg/junit/platform/engine/support/hierarchical/EngineExecutionContext;Lorg/junit/platform/engine/support/hierarchical/Node$Invocation;)V+2
j  org.junit.platform.engine.support.hierarchical.NodeTestTask.lambda$executeRecursively$9()V+14
j  org.junit.platform.engine.support.hierarchical.NodeTestTask$$Lambda$249.execute()V+4
j  org.junit.platform.engine.support.hierarchical.ThrowableCollector.execute(Lorg/junit/platform/engine/support/hierarchical/ThrowableCollector$Executable;)V+1
j  org.junit.platform.engine.support.hierarchical.NodeTestTask.executeRecursively()V+31
j  org.junit.platform.engine.support.hierarchical.NodeTestTask.execute()V+55
j  org.junit.platform.engine.support.hierarchical.SameThreadHierarchicalTestExecutorService$$Lambda$255.accept(Ljava/lang/Object;)V+4
j  java.util.ArrayList.forEach(Ljava/util/function/Consumer;)V+46 java.base@11.0.20.1
j  org.junit.platform.engine.support.hierarchical.SameThreadHierarchicalTestExecutorService.invokeAll(Ljava/util/List;)V+6
j  org.junit.platform.engine.support.hierarchical.NodeTestTask.lambda$executeRecursively$6()V+116
j  org.junit.platform.engine.support.hierarchical.NodeTestTask$$Lambda$251.execute()V+4
j  org.junit.platform.engine.support.hierarchical.ThrowableCollector.execute(Lorg/junit/platform/engine/support/hierarchical/ThrowableCollector$Executable;)V+1
j  org.junit.platform.engine.support.hierarchical.NodeTestTask.lambda$executeRecursively$8(Lorg/junit/platform/engine/support/hierarchical/EngineExecutionContext;)V+15
j  org.junit.platform.engine.support.hierarchical.NodeTestTask$$Lambda$250.invoke(Lorg/junit/platform/engine/support/hierarchical/EngineExecutionContext;)V+5
j  org.junit.platform.engine.support.hierarchical.Node.around(Lorg/junit/platform/engine/support/hierarchical/EngineExecutionContext;Lorg/junit/platform/engine/support/hierarchical/Node$Invocation;)V+2
j  org.junit.platform.engine.support.hierarchical.NodeTestTask.lambda$executeRecursively$9()V+14
j  org.junit.platform.engine.support.hierarchical.NodeTestTask$$Lambda$249.execute()V+4
j  org.junit.platform.engine.support.hierarchical.ThrowableCollector.execute(Lorg/junit/platform/engine/support/hierarchical/ThrowableCollector$Executable;)V+1
j  org.junit.platform.engine.support.hierarchical.NodeTestTask.executeRecursively()V+31
j  org.junit.platform.engine.support.hierarchical.NodeTestTask.execute()V+55
j  org.junit.platform.engine.support.hierarchical.SameThreadHierarchicalTestExecutorService.submit(Lorg/junit/platform/engine/support/hierarchical/HierarchicalTestExecutorService$TestTask;)Ljava/util/concurrent/Future;+1
j  org.junit.platform.engine.support.hierarchical.HierarchicalTestExecutor.execute()Ljava/util/concurrent/Future;+74
j  org.junit.platform.engine.support.hierarchical.HierarchicalTestEngine.execute(Lorg/junit/platform/engine/ExecutionRequest;)V+31
j  org.junit.platform.launcher.core.EngineExecutionOrchestrator.execute(Lorg/junit/platform/engine/TestDescriptor;Lorg/junit/platform/engine/EngineExecutionListener;Lorg/junit/platform/engine/ConfigurationParameters;Lorg/junit/platform/engine/TestEngine;)V+24
j  org.junit.platform.launcher.core.EngineExecutionOrchestrator.execute(Lorg/junit/platform/launcher/core/LauncherDiscoveryResult;Lorg/junit/platform/engine/EngineExecutionListener;)V+86
j  org.junit.platform.launcher.core.EngineExecutionOrchestrator.lambda$execute$0(Lorg/junit/platform/launcher/core/InternalTestPlan;Lorg/junit/platform/launcher/core/LauncherDiscoveryResult;Lorg/junit/platform/launcher/TestExecutionListener;)V+18
j  org.junit.platform.launcher.core.EngineExecutionOrchestrator$$Lambda$209.accept(Ljava/lang/Object;)V+16
j  org.junit.platform.launcher.core.EngineExecutionOrchestrator.withInterceptedStreams(Lorg/junit/platform/engine/ConfigurationParameters;Lorg/junit/platform/launcher/core/TestExecutionListenerRegistry;Ljava/util/function/Consumer;)V+43
j  org.junit.platform.launcher.core.EngineExecutionOrchestrator.execute(Lorg/junit/platform/launcher/core/InternalTestPlan;[Lorg/junit/platform/launcher/TestExecutionListener;)V+35
j  org.junit.platform.launcher.core.DefaultLauncher.execute(Lorg/junit/platform/launcher/core/InternalTestPlan;[Lorg/junit/platform/launcher/TestExecutionListener;)V+6
j  org.junit.platform.launcher.core.DefaultLauncher.execute(Lorg/junit/platform/launcher/LauncherDiscoveryRequest;[Lorg/junit/platform/launcher/TestExecutionListener;)V+33
j  org.gradle.api.internal.tasks.testing.junitplatform.JUnitPlatformTestClassProcessor$CollectAllTestClassesExecutor.processAllTestClasses()V+58
j  org.gradle.api.internal.tasks.testing.junitplatform.JUnitPlatformTestClassProcessor$CollectAllTestClassesExecutor.access$000(Lorg/gradle/api/internal/tasks/testing/junitplatform/JUnitPlatformTestClassProcessor$CollectAllTestClassesExecutor;)V+1
j  org.gradle.api.internal.tasks.testing.junitplatform.JUnitPlatformTestClassProcessor.stop()V+4
j  org.gradle.api.internal.tasks.testing.SuiteTestClassProcessor.stop()V+4
v  ~StubRoutines::call_stub
j  jdk.internal.reflect.NativeMethodAccessorImpl.invoke0(Ljava/lang/reflect/Method;Ljava/lang/Object;[Ljava/lang/Object;)Ljava/lang/Object;+0 java.base@11.0.20.1
j  jdk.internal.reflect.NativeMethodAccessorImpl.invoke(Ljava/lang/Object;[Ljava/lang/Object;)Ljava/lang/Object;+100 java.base@11.0.20.1
j  jdk.internal.reflect.DelegatingMethodAccessorImpl.invoke(Ljava/lang/Object;[Ljava/lang/Object;)Ljava/lang/Object;+6 java.base@11.0.20.1
j  java.lang.reflect.Method.invoke(Ljava/lang/Object;[Ljava/lang/Object;)Ljava/lang/Object;+59 java.base@11.0.20.1
j  org.gradle.internal.dispatch.ReflectionDispatch.dispatch(Lorg/gradle/internal/dispatch/MethodInvocation;)V+19
j  org.gradle.internal.dispatch.ReflectionDispatch.dispatch(Ljava/lang/Object;)V+5
j  org.gradle.internal.dispatch.ContextClassLoaderDispatch.dispatch(Ljava/lang/Object;)V+22
j  org.gradle.internal.dispatch.ProxyDispatchAdapter$DispatchingInvocationHandler.invoke(Ljava/lang/Object;Ljava/lang/reflect/Method;[Ljava/lang/Object;)Ljava/lang/Object;+177
j  com.sun.proxy.$Proxy2.stop()V+9
j  org.gradle.api.internal.tasks.testing.worker.TestWorker.stop()V+12
v  ~StubRoutines::call_stub
j  jdk.internal.reflect.NativeMethodAccessorImpl.invoke0(Ljava/lang/reflect/Method;Ljava/lang/Object;[Ljava/lang/Object;)Ljava/lang/Object;+0 java.base@11.0.20.1
j  jdk.internal.reflect.NativeMethodAccessorImpl.invoke(Ljava/lang/Object;[Ljava/lang/Object;)Ljava/lang/Object;+100 java.base@11.0.20.1
j  jdk.internal.reflect.DelegatingMethodAccessorImpl.invoke(Ljava/lang/Object;[Ljava/lang/Object;)Ljava/lang/Object;+6 java.base@11.0.20.1
j  java.lang.reflect.Method.invoke(Ljava/lang/Object;[Ljava/lang/Object;)Ljava/lang/Object;+59 java.base@11.0.20.1
j  org.gradle.internal.dispatch.ReflectionDispatch.dispatch(Lorg/gradle/internal/dispatch/MethodInvocation;)V+19
j  org.gradle.internal.dispatch.ReflectionDispatch.dispatch(Ljava/lang/Object;)V+5
j  org.gradle.internal.remote.internal.hub.MessageHubBackedObjectConnection$DispatchWrapper.dispatch(Lorg/gradle/internal/dispatch/MethodInvocation;)V+5
j  org.gradle.internal.remote.internal.hub.MessageHubBackedObjectConnection$DispatchWrapper.dispatch(Ljava/lang/Object;)V+5
j  org.gradle.internal.remote.internal.hub.MessageHub$Handler.run()V+174
j  org.gradle.internal.concurrent.ExecutorPolicy$CatchAndRecordFailures.onExecute(Ljava/lang/Runnable;)V+1
j  org.gradle.internal.concurrent.ManagedExecutorImpl$1.run()V+25
j  java.util.concurrent.ThreadPoolExecutor.runWorker(Ljava/util/concurrent/ThreadPoolExecutor$Worker;)V+92 java.base@11.0.20.1
j  java.util.concurrent.ThreadPoolExecutor$Worker.run()V+5 java.base@11.0.20.1
j  org.gradle.internal.concurrent.ThreadFactoryImpl$ManagedThreadRunnable.run()V+7
j  java.lang.Thread.run()V+11 java.base@11.0.20.1
v  ~StubRoutines::call_stub

siginfo: EXCEPTION_ACCESS_VIOLATION (0xc0000005), data execution prevention violation at address 0x0000000000000000


Register to memory mapping:

RIP=0x0 is NULL
RAX=0x00007ffc85ed185c ojgl-x64.dll
RBX={method} {0x000001a1a900d310} 'glFinish' '()V' in 'com/huskerdev/ojgl/GLMin'
RCX=0x000001a1a72d5348 points into unknown readable memory: 0x00007ffc3fc6beb0 | b0 be c6 3f fc 7f 00 00
RDX=0x0000003d8a8fabd0 is pointing into the stack for thread: 0x000001a1a72d5000
RSP=0x0000003d8a8fab48 is pointing into the stack for thread: 0x000001a1a72d5000
RBP=0x0000003d8a8fabc0 is pointing into the stack for thread: 0x000001a1a72d5000
RSI=0x0000003d8a8fb140 is pointing into the stack for thread: 0x000001a1a72d5000
RDI=0x000001a19312a4c3 is at code_begin+2307 in an Interpreter codelet
invoke return entry points  [0x000001a193129bc0, 0x000001a19312a5a0]  2528 bytes
R8 =0x000000000000000a is an unknown value
R9 =0x000000000000000a is an unknown value
R10=0x000001a19312f6a8 is at code_begin+1000 in an Interpreter codelet
method entry point (kind = native)  [0x000001a19312f2c0, 0x000001a19312fd60]  2720 bytes
R11=0x00000000efb26f48 is an oop: java.lang.Class 
{0x00000000efb26f48} - klass: 'java/lang/Class'
 - ---- fields (total size 15 words):
 - private volatile transient strict 'cachedConstructor' 'Ljava/lang/reflect/Constructor;' @12  NULL (0)
 - private volatile transient strict 'newInstanceCallerCache' 'Ljava/lang/Class;' @16  NULL (0)
 - private transient 'name' 'Ljava/lang/String;' @20  "com.huskerdev.ojgl.GLMin"{0x00000000efb26fd0} (efb26fd0)
 - private transient 'module' 'Ljava/lang/Module;' @24  a 'java/lang/Module'{0x00000000ee715350} (ee715350)
 - private final 'classLoader' 'Ljava/lang/ClassLoader;' @28  a 'jdk/internal/loader/ClassLoaders$AppClassLoader'{0x00000000ee700000} (ee700000)
 - private transient 'packageName' 'Ljava/lang/String;' @32  "com.huskerdev.ojgl"{0x00000000efddce20} (efddce20)
 - private final strict 'componentType' 'Ljava/lang/Class;' @36  NULL (0)
 - private volatile transient strict 'reflectionData' 'Ljava/lang/ref/SoftReference;' @40  NULL (0)
 - private volatile transient 'genericInfo' 'Lsun/reflect/generics/repository/ClassRepository;' @44  NULL (0)
 - private volatile transient strict 'enumConstants' '[Ljava/lang/Object;' @48  NULL (0)
 - private volatile transient strict 'enumConstantDirectory' 'Ljava/util/Map;' @52  NULL (0)
 - private volatile transient 'annotationData' 'Ljava/lang/Class$AnnotationData;' @56  NULL (0)
 - private volatile transient 'annotationType' 'Lsun/reflect/annotation/AnnotationType;' @60  NULL (0)
 - transient 'classValueMap' 'Ljava/lang/ClassValue$ClassValueMap;' @64  NULL (0)
 - private volatile transient 'classRedefinedCount' 'I' @96  0
 - signature: Lcom/huskerdev/ojgl/GLMin;
 - fake entry for mirror: 'com/huskerdev/ojgl/GLMin'
 - fake entry for array: NULL
 - fake entry for oop_size: 15
 - fake entry for static_oop_field_count: 1
 - public static final 'Companion' 'Lcom/huskerdev/ojgl/GLMin$Companion;' @112  a 'com/huskerdev/ojgl/GLMin$Companion'{0x00000000efb2a438} (efb2a438)
R12=0x0 is NULL
R13=0x000001a1a900d300 is pointing into metadata
R14=0x0000003d8a8fabd8 is pointing into the stack for thread: 0x000001a1a72d5000
R15=0x000001a1a72d5000 is a thread


Registers:
RAX=0x00007ffc85ed185c, RBX=0x000001a1a900d308, RCX=0x000001a1a72d5348, RDX=0x0000003d8a8fabd0
RSP=0x0000003d8a8fab48, RBP=0x0000003d8a8fabc0, RSI=0x0000003d8a8fb140, RDI=0x000001a19312a4c3
R8 =0x000000000000000a, R9 =0x000000000000000a, R10=0x000001a19312f6a8, R11=0x00000000efb26f48
R12=0x0000000000000000, R13=0x000001a1a900d300, R14=0x0000003d8a8fabd8, R15=0x000001a1a72d5000
RIP=0x0000000000000000, EFLAGS=0x0000000000010206

Top of Stack: (sp=0x0000003d8a8fab48)
0x0000003d8a8fab48:   000001a19312f6d7 000001a1a900d308
0x0000003d8a8fab58:   0000003d8a8fabc0 0000003d8a8fb140
0x0000003d8a8fab68:   000001a1a72d5000 000001a19312f376
0x0000003d8a8fab78:   0000003d8a8fab78 000001a1a900d300
0x0000003d8a8fab88:   0000003d8a8fabd8 000001a1a900d4a8
0x0000003d8a8fab98:   0000000000000000 00000000efb26f48
0x0000003d8a8faba8:   000001a1a900d308 0000000000000000
0x0000003d8a8fabb8:   0000003d8a8fabe0 0000003d8a8fac28
0x0000003d8a8fabc8:   000001a19312a4c3 00000000efb26f48
0x0000003d8a8fabd8:   000001a19312c698 0000003d8a8fabe0
0x0000003d8a8fabe8:   000001a1a900eb78 0000003d8a8fac38
0x0000003d8a8fabf8:   000001a1a900edb8 0000000000000000
0x0000003d8a8fac08:   00000000efb2a328 000001a1a900eb98
0x0000003d8a8fac18:   0000003d8a8fabe0 0000003d8a8fac38
0x0000003d8a8fac28:   0000003d8a8fac88 000001a19312a4c3
0x0000003d8a8fac38:   00000000efb2a438 0000003d8a8fac40 

Instructions: (pc=0x0000000000000000)
0xffffffffffffff00:   


Stack slot to memory mapping:
stack at sp + 0 slots: 0x000001a19312f6d7 is at code_begin+1047 in an Interpreter codelet
method entry point (kind = native)  [0x000001a19312f2c0, 0x000001a19312fd60]  2720 bytes
stack at sp + 1 slots: {method} {0x000001a1a900d310} 'glFinish' '()V' in 'com/huskerdev/ojgl/GLMin'
stack at sp + 2 slots: 0x0000003d8a8fabc0 is pointing into the stack for thread: 0x000001a1a72d5000
stack at sp + 3 slots: 0x0000003d8a8fb140 is pointing into the stack for thread: 0x000001a1a72d5000
stack at sp + 4 slots: 0x000001a1a72d5000 is a thread
stack at sp + 5 slots: 0x000001a19312f376 is at code_begin+182 in an Interpreter codelet
method entry point (kind = native)  [0x000001a19312f2c0, 0x000001a19312fd60]  2720 bytes
stack at sp + 6 slots: 0x0000003d8a8fab78 is pointing into the stack for thread: 0x000001a1a72d5000
stack at sp + 7 slots: 0x000001a1a900d300 is pointing into metadata


---------------  P R O C E S S  ---------------

Threads class SMR info:
_java_thread_list=0x000001a1a7f3b890, length=14, elements={
0x000001a18a9a8800, 0x000001a1a61e2800, 0x000001a1a6a18800, 0x000001a1a6a65000,
0x000001a1a6a67000, 0x000001a1a6a68000, 0x000001a1a6a6d800, 0x000001a1a6a79800,
0x000001a1a6a89800, 0x000001a1a6bdf800, 0x000001a1a72d5000, 0x000001a1a735a800,
0x000001a1a7347800, 0x000001a1a7525800
}

Java Threads: ( => current thread )
  0x000001a18a9a8800 JavaThread "main" [_thread_blocked, id=10748, stack(0x0000003d89600000,0x0000003d89700000)]
  0x000001a1a61e2800 JavaThread "Reference Handler" daemon [_thread_blocked, id=17416, stack(0x0000003d89d00000,0x0000003d89e00000)]
  0x000001a1a6a18800 JavaThread "Finalizer" daemon [_thread_blocked, id=6120, stack(0x0000003d89e00000,0x0000003d89f00000)]
  0x000001a1a6a65000 JavaThread "Signal Dispatcher" daemon [_thread_blocked, id=6256, stack(0x0000003d89f00000,0x0000003d8a000000)]
  0x000001a1a6a67000 JavaThread "Attach Listener" daemon [_thread_blocked, id=15872, stack(0x0000003d8a000000,0x0000003d8a100000)]
  0x000001a1a6a68000 JavaThread "Service Thread" daemon [_thread_blocked, id=6312, stack(0x0000003d8a100000,0x0000003d8a200000)]
  0x000001a1a6a6d800 JavaThread "C2 CompilerThread0" daemon [_thread_blocked, id=10900, stack(0x0000003d8a200000,0x0000003d8a300000)]
  0x000001a1a6a79800 JavaThread "C1 CompilerThread0" daemon [_thread_blocked, id=18008, stack(0x0000003d8a300000,0x0000003d8a400000)]
  0x000001a1a6a89800 JavaThread "Sweeper thread" daemon [_thread_blocked, id=10116, stack(0x0000003d8a400000,0x0000003d8a500000)]
  0x000001a1a6bdf800 JavaThread "Common-Cleaner" daemon [_thread_blocked, id=11928, stack(0x0000003d8a600000,0x0000003d8a700000)]
=>0x000001a1a72d5000 JavaThread "Test worker" [_thread_in_native, id=1740, stack(0x0000003d8a800000,0x0000003d8a900000)]
  0x000001a1a735a800 JavaThread "/127.0.0.1:63376 to /127.0.0.1:63373 workers Thread 2" [_thread_blocked, id=584, stack(0x0000003d8a900000,0x0000003d8aa00000)]
  0x000001a1a7347800 JavaThread "/127.0.0.1:63376 to /127.0.0.1:63373 workers Thread 3" [_thread_in_native, id=14064, stack(0x0000003d8aa00000,0x0000003d8ab00000)]
  0x000001a1a7525800 JavaThread "C2 CompilerThread1" daemon [_thread_blocked, id=16772, stack(0x0000003d8ab00000,0x0000003d8ac00000)]

Other Threads:
  0x000001a1a61df800 VMThread "VM Thread" [stack: 0x0000003d89c00000,0x0000003d89d00000] [id=21100]
  0x000001a1a6bd7800 WatcherThread [stack: 0x0000003d8a500000,0x0000003d8a600000] [id=4124]
  0x000001a18a9c1000 GCTaskThread "GC Thread#0" [stack: 0x0000003d89700000,0x0000003d89800000] [id=11088]
  0x000001a1a751f800 GCTaskThread "GC Thread#1" [stack: 0x0000003d8ac00000,0x0000003d8ad00000] [id=21404]
  0x000001a1a81cc800 GCTaskThread "GC Thread#2" [stack: 0x0000003d8ad00000,0x0000003d8ae00000] [id=5576]
  0x000001a1a76b3000 GCTaskThread "GC Thread#3" [stack: 0x0000003d8ae00000,0x0000003d8af00000] [id=19412]
  0x000001a1a8036800 GCTaskThread "GC Thread#4" [stack: 0x0000003d8af00000,0x0000003d8b000000] [id=5768]
  0x000001a1a7ff9800 GCTaskThread "GC Thread#5" [stack: 0x0000003d8b000000,0x0000003d8b100000] [id=9144]
  0x000001a1a74b0800 GCTaskThread "GC Thread#6" [stack: 0x0000003d8b100000,0x0000003d8b200000] [id=11456]
  0x000001a1a748c800 GCTaskThread "GC Thread#7" [stack: 0x0000003d8b200000,0x0000003d8b300000] [id=15696]
  0x000001a18a9d4000 ConcurrentGCThread "G1 Main Marker" [stack: 0x0000003d89800000,0x0000003d89900000] [id=5824]
  0x000001a18a9d6800 ConcurrentGCThread "G1 Conc#0" [stack: 0x0000003d89900000,0x0000003d89a00000] [id=20336]
  0x000001a1a604c800 ConcurrentGCThread "G1 Refine#0" [stack: 0x0000003d89a00000,0x0000003d89b00000] [id=12940]
  0x000001a1a604f000 ConcurrentGCThread "G1 Young RemSet Sampling" [stack: 0x0000003d89b00000,0x0000003d89c00000] [id=17456]

Threads with active compile tasks:

VM state:not at safepoint (normal execution)

VM Mutex/Monitor currently owned by a thread: None

Heap address: 0x00000000e0000000, size: 512 MB, Compressed Oops mode: 32-bit
Narrow klass base: 0x0000000000000000, Narrow klass shift: 3
Compressed class space size: 1073741824 Address: 0x0000000100000000

Heap:
 garbage-first heap   total 262144K, used 7902K [0x00000000e0000000, 0x0000000100000000)
  region size 1024K, 8 young (8192K), 3 survivors (3072K)
 Metaspace       used 15670K, capacity 16237K, committed 16384K, reserved 1062912K
  class space    used 1743K, capacity 1950K, committed 2048K, reserved 1048576K
Heap Regions: E=young(eden), S=young(survivor), O=old, HS=humongous(starts), HC=humongous(continues), CS=collection set, F=free, A=archive, TAMS=top-at-mark-start (previous, next)
|   0|0x00000000e0000000, 0x00000000e00b7800, 0x00000000e0100000| 71%| O|  |TAMS 0x00000000e0000000, 0x00000000e0000000| Untracked 
|   1|0x00000000e0100000, 0x00000000e0100000, 0x00000000e0200000|  0%| F|  |TAMS 0x00000000e0100000, 0x00000000e0100000| Untracked 
|   2|0x00000000e0200000, 0x00000000e0200000, 0x00000000e0300000|  0%| F|  |TAMS 0x00000000e0200000, 0x00000000e0200000| Untracked 
|   3|0x00000000e0300000, 0x00000000e0300000, 0x00000000e0400000|  0%| F|  |TAMS 0x00000000e0300000, 0x00000000e0300000| Untracked 
|   4|0x00000000e0400000, 0x00000000e0400000, 0x00000000e0500000|  0%| F|  |TAMS 0x00000000e0400000, 0x00000000e0400000| Untracked 
|   5|0x00000000e0500000, 0x00000000e0500000, 0x00000000e0600000|  0%| F|  |TAMS 0x00000000e0500000, 0x00000000e0500000| Untracked 
|   6|0x00000000e0600000, 0x00000000e0600000, 0x00000000e0700000|  0%| F|  |TAMS 0x00000000e0600000, 0x00000000e0600000| Untracked 
|   7|0x00000000e0700000, 0x00000000e0700000, 0x00000000e0800000|  0%| F|  |TAMS 0x00000000e0700000, 0x00000000e0700000| Untracked 
|   8|0x00000000e0800000, 0x00000000e0800000, 0x00000000e0900000|  0%| F|  |TAMS 0x00000000e0800000, 0x00000000e0800000| Untracked 
|   9|0x00000000e0900000, 0x00000000e0900000, 0x00000000e0a00000|  0%| F|  |TAMS 0x00000000e0900000, 0x00000000e0900000| Untracked 
|  10|0x00000000e0a00000, 0x00000000e0a00000, 0x00000000e0b00000|  0%| F|  |TAMS 0x00000000e0a00000, 0x00000000e0a00000| Untracked 
|  11|0x00000000e0b00000, 0x00000000e0b00000, 0x00000000e0c00000|  0%| F|  |TAMS 0x00000000e0b00000, 0x00000000e0b00000| Untracked 
|  12|0x00000000e0c00000, 0x00000000e0c00000, 0x00000000e0d00000|  0%| F|  |TAMS 0x00000000e0c00000, 0x00000000e0c00000| Untracked 
|  13|0x00000000e0d00000, 0x00000000e0d00000, 0x00000000e0e00000|  0%| F|  |TAMS 0x00000000e0d00000, 0x00000000e0d00000| Untracked 
|  14|0x00000000e0e00000, 0x00000000e0e00000, 0x00000000e0f00000|  0%| F|  |TAMS 0x00000000e0e00000, 0x00000000e0e00000| Untracked 
|  15|0x00000000e0f00000, 0x00000000e0f00000, 0x00000000e1000000|  0%| F|  |TAMS 0x00000000e0f00000, 0x00000000e0f00000| Untracked 
|  16|0x00000000e1000000, 0x00000000e1000000, 0x00000000e1100000|  0%| F|  |TAMS 0x00000000e1000000, 0x00000000e1000000| Untracked 
|  17|0x00000000e1100000, 0x00000000e1100000, 0x00000000e1200000|  0%| F|  |TAMS 0x00000000e1100000, 0x00000000e1100000| Untracked 
|  18|0x00000000e1200000, 0x00000000e1200000, 0x00000000e1300000|  0%| F|  |TAMS 0x00000000e1200000, 0x00000000e1200000| Untracked 
|  19|0x00000000e1300000, 0x00000000e1300000, 0x00000000e1400000|  0%| F|  |TAMS 0x00000000e1300000, 0x00000000e1300000| Untracked 
|  20|0x00000000e1400000, 0x00000000e1400000, 0x00000000e1500000|  0%| F|  |TAMS 0x00000000e1400000, 0x00000000e1400000| Untracked 
|  21|0x00000000e1500000, 0x00000000e1500000, 0x00000000e1600000|  0%| F|  |TAMS 0x00000000e1500000, 0x00000000e1500000| Untracked 
|  22|0x00000000e1600000, 0x00000000e1600000, 0x00000000e1700000|  0%| F|  |TAMS 0x00000000e1600000, 0x00000000e1600000| Untracked 
|  23|0x00000000e1700000, 0x00000000e1700000, 0x00000000e1800000|  0%| F|  |TAMS 0x00000000e1700000, 0x00000000e1700000| Untracked 
|  24|0x00000000e1800000, 0x00000000e1800000, 0x00000000e1900000|  0%| F|  |TAMS 0x00000000e1800000, 0x00000000e1800000| Untracked 
|  25|0x00000000e1900000, 0x00000000e1900000, 0x00000000e1a00000|  0%| F|  |TAMS 0x00000000e1900000, 0x00000000e1900000| Untracked 
|  26|0x00000000e1a00000, 0x00000000e1a00000, 0x00000000e1b00000|  0%| F|  |TAMS 0x00000000e1a00000, 0x00000000e1a00000| Untracked 
|  27|0x00000000e1b00000, 0x00000000e1b00000, 0x00000000e1c00000|  0%| F|  |TAMS 0x00000000e1b00000, 0x00000000e1b00000| Untracked 
|  28|0x00000000e1c00000, 0x00000000e1c00000, 0x00000000e1d00000|  0%| F|  |TAMS 0x00000000e1c00000, 0x00000000e1c00000| Untracked 
|  29|0x00000000e1d00000, 0x00000000e1d00000, 0x00000000e1e00000|  0%| F|  |TAMS 0x00000000e1d00000, 0x00000000e1d00000| Untracked 
|  30|0x00000000e1e00000, 0x00000000e1e00000, 0x00000000e1f00000|  0%| F|  |TAMS 0x00000000e1e00000, 0x00000000e1e00000| Untracked 
|  31|0x00000000e1f00000, 0x00000000e1f00000, 0x00000000e2000000|  0%| F|  |TAMS 0x00000000e1f00000, 0x00000000e1f00000| Untracked 
|  32|0x00000000e2000000, 0x00000000e2000000, 0x00000000e2100000|  0%| F|  |TAMS 0x00000000e2000000, 0x00000000e2000000| Untracked 
|  33|0x00000000e2100000, 0x00000000e2100000, 0x00000000e2200000|  0%| F|  |TAMS 0x00000000e2100000, 0x00000000e2100000| Untracked 
|  34|0x00000000e2200000, 0x00000000e2200000, 0x00000000e2300000|  0%| F|  |TAMS 0x00000000e2200000, 0x00000000e2200000| Untracked 
|  35|0x00000000e2300000, 0x00000000e2300000, 0x00000000e2400000|  0%| F|  |TAMS 0x00000000e2300000, 0x00000000e2300000| Untracked 
|  36|0x00000000e2400000, 0x00000000e2400000, 0x00000000e2500000|  0%| F|  |TAMS 0x00000000e2400000, 0x00000000e2400000| Untracked 
|  37|0x00000000e2500000, 0x00000000e2500000, 0x00000000e2600000|  0%| F|  |TAMS 0x00000000e2500000, 0x00000000e2500000| Untracked 
|  38|0x00000000e2600000, 0x00000000e2600000, 0x00000000e2700000|  0%| F|  |TAMS 0x00000000e2600000, 0x00000000e2600000| Untracked 
|  39|0x00000000e2700000, 0x00000000e2700000, 0x00000000e2800000|  0%| F|  |TAMS 0x00000000e2700000, 0x00000000e2700000| Untracked 
|  40|0x00000000e2800000, 0x00000000e2800000, 0x00000000e2900000|  0%| F|  |TAMS 0x00000000e2800000, 0x00000000e2800000| Untracked 
|  41|0x00000000e2900000, 0x00000000e2900000, 0x00000000e2a00000|  0%| F|  |TAMS 0x00000000e2900000, 0x00000000e2900000| Untracked 
|  42|0x00000000e2a00000, 0x00000000e2a00000, 0x00000000e2b00000|  0%| F|  |TAMS 0x00000000e2a00000, 0x00000000e2a00000| Untracked 
|  43|0x00000000e2b00000, 0x00000000e2b00000, 0x00000000e2c00000|  0%| F|  |TAMS 0x00000000e2b00000, 0x00000000e2b00000| Untracked 
|  44|0x00000000e2c00000, 0x00000000e2c00000, 0x00000000e2d00000|  0%| F|  |TAMS 0x00000000e2c00000, 0x00000000e2c00000| Untracked 
|  45|0x00000000e2d00000, 0x00000000e2d00000, 0x00000000e2e00000|  0%| F|  |TAMS 0x00000000e2d00000, 0x00000000e2d00000| Untracked 
|  46|0x00000000e2e00000, 0x00000000e2e00000, 0x00000000e2f00000|  0%| F|  |TAMS 0x00000000e2e00000, 0x00000000e2e00000| Untracked 
|  47|0x00000000e2f00000, 0x00000000e2f00000, 0x00000000e3000000|  0%| F|  |TAMS 0x00000000e2f00000, 0x00000000e2f00000| Untracked 
|  48|0x00000000e3000000, 0x00000000e3000000, 0x00000000e3100000|  0%| F|  |TAMS 0x00000000e3000000, 0x00000000e3000000| Untracked 
|  49|0x00000000e3100000, 0x00000000e3100000, 0x00000000e3200000|  0%| F|  |TAMS 0x00000000e3100000, 0x00000000e3100000| Untracked 
|  50|0x00000000e3200000, 0x00000000e3200000, 0x00000000e3300000|  0%| F|  |TAMS 0x00000000e3200000, 0x00000000e3200000| Untracked 
|  51|0x00000000e3300000, 0x00000000e3300000, 0x00000000e3400000|  0%| F|  |TAMS 0x00000000e3300000, 0x00000000e3300000| Untracked 
|  52|0x00000000e3400000, 0x00000000e3400000, 0x00000000e3500000|  0%| F|  |TAMS 0x00000000e3400000, 0x00000000e3400000| Untracked 
|  53|0x00000000e3500000, 0x00000000e3500000, 0x00000000e3600000|  0%| F|  |TAMS 0x00000000e3500000, 0x00000000e3500000| Untracked 
|  54|0x00000000e3600000, 0x00000000e3600000, 0x00000000e3700000|  0%| F|  |TAMS 0x00000000e3600000, 0x00000000e3600000| Untracked 
|  55|0x00000000e3700000, 0x00000000e3700000, 0x00000000e3800000|  0%| F|  |TAMS 0x00000000e3700000, 0x00000000e3700000| Untracked 
|  56|0x00000000e3800000, 0x00000000e3800000, 0x00000000e3900000|  0%| F|  |TAMS 0x00000000e3800000, 0x00000000e3800000| Untracked 
|  57|0x00000000e3900000, 0x00000000e3900000, 0x00000000e3a00000|  0%| F|  |TAMS 0x00000000e3900000, 0x00000000e3900000| Untracked 
|  58|0x00000000e3a00000, 0x00000000e3a00000, 0x00000000e3b00000|  0%| F|  |TAMS 0x00000000e3a00000, 0x00000000e3a00000| Untracked 
|  59|0x00000000e3b00000, 0x00000000e3b00000, 0x00000000e3c00000|  0%| F|  |TAMS 0x00000000e3b00000, 0x00000000e3b00000| Untracked 
|  60|0x00000000e3c00000, 0x00000000e3c00000, 0x00000000e3d00000|  0%| F|  |TAMS 0x00000000e3c00000, 0x00000000e3c00000| Untracked 
|  61|0x00000000e3d00000, 0x00000000e3d00000, 0x00000000e3e00000|  0%| F|  |TAMS 0x00000000e3d00000, 0x00000000e3d00000| Untracked 
|  62|0x00000000e3e00000, 0x00000000e3e00000, 0x00000000e3f00000|  0%| F|  |TAMS 0x00000000e3e00000, 0x00000000e3e00000| Untracked 
|  63|0x00000000e3f00000, 0x00000000e3f00000, 0x00000000e4000000|  0%| F|  |TAMS 0x00000000e3f00000, 0x00000000e3f00000| Untracked 
|  64|0x00000000e4000000, 0x00000000e4000000, 0x00000000e4100000|  0%| F|  |TAMS 0x00000000e4000000, 0x00000000e4000000| Untracked 
|  65|0x00000000e4100000, 0x00000000e4100000, 0x00000000e4200000|  0%| F|  |TAMS 0x00000000e4100000, 0x00000000e4100000| Untracked 
|  66|0x00000000e4200000, 0x00000000e4200000, 0x00000000e4300000|  0%| F|  |TAMS 0x00000000e4200000, 0x00000000e4200000| Untracked 
|  67|0x00000000e4300000, 0x00000000e4300000, 0x00000000e4400000|  0%| F|  |TAMS 0x00000000e4300000, 0x00000000e4300000| Untracked 
|  68|0x00000000e4400000, 0x00000000e4400000, 0x00000000e4500000|  0%| F|  |TAMS 0x00000000e4400000, 0x00000000e4400000| Untracked 
|  69|0x00000000e4500000, 0x00000000e4500000, 0x00000000e4600000|  0%| F|  |TAMS 0x00000000e4500000, 0x00000000e4500000| Untracked 
|  70|0x00000000e4600000, 0x00000000e4600000, 0x00000000e4700000|  0%| F|  |TAMS 0x00000000e4600000, 0x00000000e4600000| Untracked 
|  71|0x00000000e4700000, 0x00000000e4700000, 0x00000000e4800000|  0%| F|  |TAMS 0x00000000e4700000, 0x00000000e4700000| Untracked 
|  72|0x00000000e4800000, 0x00000000e4800000, 0x00000000e4900000|  0%| F|  |TAMS 0x00000000e4800000, 0x00000000e4800000| Untracked 
|  73|0x00000000e4900000, 0x00000000e4900000, 0x00000000e4a00000|  0%| F|  |TAMS 0x00000000e4900000, 0x00000000e4900000| Untracked 
|  74|0x00000000e4a00000, 0x00000000e4a00000, 0x00000000e4b00000|  0%| F|  |TAMS 0x00000000e4a00000, 0x00000000e4a00000| Untracked 
|  75|0x00000000e4b00000, 0x00000000e4b00000, 0x00000000e4c00000|  0%| F|  |TAMS 0x00000000e4b00000, 0x00000000e4b00000| Untracked 
|  76|0x00000000e4c00000, 0x00000000e4c00000, 0x00000000e4d00000|  0%| F|  |TAMS 0x00000000e4c00000, 0x00000000e4c00000| Untracked 
|  77|0x00000000e4d00000, 0x00000000e4d00000, 0x00000000e4e00000|  0%| F|  |TAMS 0x00000000e4d00000, 0x00000000e4d00000| Untracked 
|  78|0x00000000e4e00000, 0x00000000e4e00000, 0x00000000e4f00000|  0%| F|  |TAMS 0x00000000e4e00000, 0x00000000e4e00000| Untracked 
|  79|0x00000000e4f00000, 0x00000000e4f00000, 0x00000000e5000000|  0%| F|  |TAMS 0x00000000e4f00000, 0x00000000e4f00000| Untracked 
|  80|0x00000000e5000000, 0x00000000e5000000, 0x00000000e5100000|  0%| F|  |TAMS 0x00000000e5000000, 0x00000000e5000000| Untracked 
|  81|0x00000000e5100000, 0x00000000e5100000, 0x00000000e5200000|  0%| F|  |TAMS 0x00000000e5100000, 0x00000000e5100000| Untracked 
|  82|0x00000000e5200000, 0x00000000e5200000, 0x00000000e5300000|  0%| F|  |TAMS 0x00000000e5200000, 0x00000000e5200000| Untracked 
|  83|0x00000000e5300000, 0x00000000e5300000, 0x00000000e5400000|  0%| F|  |TAMS 0x00000000e5300000, 0x00000000e5300000| Untracked 
|  84|0x00000000e5400000, 0x00000000e5400000, 0x00000000e5500000|  0%| F|  |TAMS 0x00000000e5400000, 0x00000000e5400000| Untracked 
|  85|0x00000000e5500000, 0x00000000e5500000, 0x00000000e5600000|  0%| F|  |TAMS 0x00000000e5500000, 0x00000000e5500000| Untracked 
|  86|0x00000000e5600000, 0x00000000e5600000, 0x00000000e5700000|  0%| F|  |TAMS 0x00000000e5600000, 0x00000000e5600000| Untracked 
|  87|0x00000000e5700000, 0x00000000e5700000, 0x00000000e5800000|  0%| F|  |TAMS 0x00000000e5700000, 0x00000000e5700000| Untracked 
|  88|0x00000000e5800000, 0x00000000e5800000, 0x00000000e5900000|  0%| F|  |TAMS 0x00000000e5800000, 0x00000000e5800000| Untracked 
|  89|0x00000000e5900000, 0x00000000e5900000, 0x00000000e5a00000|  0%| F|  |TAMS 0x00000000e5900000, 0x00000000e5900000| Untracked 
|  90|0x00000000e5a00000, 0x00000000e5a00000, 0x00000000e5b00000|  0%| F|  |TAMS 0x00000000e5a00000, 0x00000000e5a00000| Untracked 
|  91|0x00000000e5b00000, 0x00000000e5b00000, 0x00000000e5c00000|  0%| F|  |TAMS 0x00000000e5b00000, 0x00000000e5b00000| Untracked 
|  92|0x00000000e5c00000, 0x00000000e5c00000, 0x00000000e5d00000|  0%| F|  |TAMS 0x00000000e5c00000, 0x00000000e5c00000| Untracked 
|  93|0x00000000e5d00000, 0x00000000e5d00000, 0x00000000e5e00000|  0%| F|  |TAMS 0x00000000e5d00000, 0x00000000e5d00000| Untracked 
|  94|0x00000000e5e00000, 0x00000000e5e00000, 0x00000000e5f00000|  0%| F|  |TAMS 0x00000000e5e00000, 0x00000000e5e00000| Untracked 
|  95|0x00000000e5f00000, 0x00000000e5f00000, 0x00000000e6000000|  0%| F|  |TAMS 0x00000000e5f00000, 0x00000000e5f00000| Untracked 
|  96|0x00000000e6000000, 0x00000000e6000000, 0x00000000e6100000|  0%| F|  |TAMS 0x00000000e6000000, 0x00000000e6000000| Untracked 
|  97|0x00000000e6100000, 0x00000000e6100000, 0x00000000e6200000|  0%| F|  |TAMS 0x00000000e6100000, 0x00000000e6100000| Untracked 
|  98|0x00000000e6200000, 0x00000000e6200000, 0x00000000e6300000|  0%| F|  |TAMS 0x00000000e6200000, 0x00000000e6200000| Untracked 
|  99|0x00000000e6300000, 0x00000000e6300000, 0x00000000e6400000|  0%| F|  |TAMS 0x00000000e6300000, 0x00000000e6300000| Untracked 
| 100|0x00000000e6400000, 0x00000000e6400000, 0x00000000e6500000|  0%| F|  |TAMS 0x00000000e6400000, 0x00000000e6400000| Untracked 
| 101|0x00000000e6500000, 0x00000000e6500000, 0x00000000e6600000|  0%| F|  |TAMS 0x00000000e6500000, 0x00000000e6500000| Untracked 
| 102|0x00000000e6600000, 0x00000000e6600000, 0x00000000e6700000|  0%| F|  |TAMS 0x00000000e6600000, 0x00000000e6600000| Untracked 
| 103|0x00000000e6700000, 0x00000000e6700000, 0x00000000e6800000|  0%| F|  |TAMS 0x00000000e6700000, 0x00000000e6700000| Untracked 
| 104|0x00000000e6800000, 0x00000000e6800000, 0x00000000e6900000|  0%| F|  |TAMS 0x00000000e6800000, 0x00000000e6800000| Untracked 
| 105|0x00000000e6900000, 0x00000000e6900000, 0x00000000e6a00000|  0%| F|  |TAMS 0x00000000e6900000, 0x00000000e6900000| Untracked 
| 106|0x00000000e6a00000, 0x00000000e6a00000, 0x00000000e6b00000|  0%| F|  |TAMS 0x00000000e6a00000, 0x00000000e6a00000| Untracked 
| 107|0x00000000e6b00000, 0x00000000e6b00000, 0x00000000e6c00000|  0%| F|  |TAMS 0x00000000e6b00000, 0x00000000e6b00000| Untracked 
| 108|0x00000000e6c00000, 0x00000000e6c00000, 0x00000000e6d00000|  0%| F|  |TAMS 0x00000000e6c00000, 0x00000000e6c00000| Untracked 
| 109|0x00000000e6d00000, 0x00000000e6d00000, 0x00000000e6e00000|  0%| F|  |TAMS 0x00000000e6d00000, 0x00000000e6d00000| Untracked 
| 110|0x00000000e6e00000, 0x00000000e6e00000, 0x00000000e6f00000|  0%| F|  |TAMS 0x00000000e6e00000, 0x00000000e6e00000| Untracked 
| 111|0x00000000e6f00000, 0x00000000e6f00000, 0x00000000e7000000|  0%| F|  |TAMS 0x00000000e6f00000, 0x00000000e6f00000| Untracked 
| 112|0x00000000e7000000, 0x00000000e7000000, 0x00000000e7100000|  0%| F|  |TAMS 0x00000000e7000000, 0x00000000e7000000| Untracked 
| 113|0x00000000e7100000, 0x00000000e7100000, 0x00000000e7200000|  0%| F|  |TAMS 0x00000000e7100000, 0x00000000e7100000| Untracked 
| 114|0x00000000e7200000, 0x00000000e7200000, 0x00000000e7300000|  0%| F|  |TAMS 0x00000000e7200000, 0x00000000e7200000| Untracked 
| 115|0x00000000e7300000, 0x00000000e7300000, 0x00000000e7400000|  0%| F|  |TAMS 0x00000000e7300000, 0x00000000e7300000| Untracked 
| 116|0x00000000e7400000, 0x00000000e7400000, 0x00000000e7500000|  0%| F|  |TAMS 0x00000000e7400000, 0x00000000e7400000| Untracked 
| 117|0x00000000e7500000, 0x00000000e7500000, 0x00000000e7600000|  0%| F|  |TAMS 0x00000000e7500000, 0x00000000e7500000| Untracked 
| 118|0x00000000e7600000, 0x00000000e7600000, 0x00000000e7700000|  0%| F|  |TAMS 0x00000000e7600000, 0x00000000e7600000| Untracked 
| 119|0x00000000e7700000, 0x00000000e7700000, 0x00000000e7800000|  0%| F|  |TAMS 0x00000000e7700000, 0x00000000e7700000| Untracked 
| 120|0x00000000e7800000, 0x00000000e7800000, 0x00000000e7900000|  0%| F|  |TAMS 0x00000000e7800000, 0x00000000e7800000| Untracked 
| 121|0x00000000e7900000, 0x00000000e7900000, 0x00000000e7a00000|  0%| F|  |TAMS 0x00000000e7900000, 0x00000000e7900000| Untracked 
| 122|0x00000000e7a00000, 0x00000000e7a00000, 0x00000000e7b00000|  0%| F|  |TAMS 0x00000000e7a00000, 0x00000000e7a00000| Untracked 
| 123|0x00000000e7b00000, 0x00000000e7b00000, 0x00000000e7c00000|  0%| F|  |TAMS 0x00000000e7b00000, 0x00000000e7b00000| Untracked 
| 124|0x00000000e7c00000, 0x00000000e7c00000, 0x00000000e7d00000|  0%| F|  |TAMS 0x00000000e7c00000, 0x00000000e7c00000| Untracked 
| 125|0x00000000e7d00000, 0x00000000e7d00000, 0x00000000e7e00000|  0%| F|  |TAMS 0x00000000e7d00000, 0x00000000e7d00000| Untracked 
| 126|0x00000000e7e00000, 0x00000000e7e00000, 0x00000000e7f00000|  0%| F|  |TAMS 0x00000000e7e00000, 0x00000000e7e00000| Untracked 
| 127|0x00000000e7f00000, 0x00000000e7f00000, 0x00000000e8000000|  0%| F|  |TAMS 0x00000000e7f00000, 0x00000000e7f00000| Untracked 
| 128|0x00000000e8000000, 0x00000000e8000000, 0x00000000e8100000|  0%| F|  |TAMS 0x00000000e8000000, 0x00000000e8000000| Untracked 
| 129|0x00000000e8100000, 0x00000000e8100000, 0x00000000e8200000|  0%| F|  |TAMS 0x00000000e8100000, 0x00000000e8100000| Untracked 
| 130|0x00000000e8200000, 0x00000000e8200000, 0x00000000e8300000|  0%| F|  |TAMS 0x00000000e8200000, 0x00000000e8200000| Untracked 
| 131|0x00000000e8300000, 0x00000000e8300000, 0x00000000e8400000|  0%| F|  |TAMS 0x00000000e8300000, 0x00000000e8300000| Untracked 
| 132|0x00000000e8400000, 0x00000000e8400000, 0x00000000e8500000|  0%| F|  |TAMS 0x00000000e8400000, 0x00000000e8400000| Untracked 
| 133|0x00000000e8500000, 0x00000000e8500000, 0x00000000e8600000|  0%| F|  |TAMS 0x00000000e8500000, 0x00000000e8500000| Untracked 
| 134|0x00000000e8600000, 0x00000000e8600000, 0x00000000e8700000|  0%| F|  |TAMS 0x00000000e8600000, 0x00000000e8600000| Untracked 
| 135|0x00000000e8700000, 0x00000000e8700000, 0x00000000e8800000|  0%| F|  |TAMS 0x00000000e8700000, 0x00000000e8700000| Untracked 
| 136|0x00000000e8800000, 0x00000000e8800000, 0x00000000e8900000|  0%| F|  |TAMS 0x00000000e8800000, 0x00000000e8800000| Untracked 
| 137|0x00000000e8900000, 0x00000000e8900000, 0x00000000e8a00000|  0%| F|  |TAMS 0x00000000e8900000, 0x00000000e8900000| Untracked 
| 138|0x00000000e8a00000, 0x00000000e8a00000, 0x00000000e8b00000|  0%| F|  |TAMS 0x00000000e8a00000, 0x00000000e8a00000| Untracked 
| 139|0x00000000e8b00000, 0x00000000e8b00000, 0x00000000e8c00000|  0%| F|  |TAMS 0x00000000e8b00000, 0x00000000e8b00000| Untracked 
| 140|0x00000000e8c00000, 0x00000000e8c00000, 0x00000000e8d00000|  0%| F|  |TAMS 0x00000000e8c00000, 0x00000000e8c00000| Untracked 
| 141|0x00000000e8d00000, 0x00000000e8d00000, 0x00000000e8e00000|  0%| F|  |TAMS 0x00000000e8d00000, 0x00000000e8d00000| Untracked 
| 142|0x00000000e8e00000, 0x00000000e8e00000, 0x00000000e8f00000|  0%| F|  |TAMS 0x00000000e8e00000, 0x00000000e8e00000| Untracked 
| 143|0x00000000e8f00000, 0x00000000e8f00000, 0x00000000e9000000|  0%| F|  |TAMS 0x00000000e8f00000, 0x00000000e8f00000| Untracked 
| 144|0x00000000e9000000, 0x00000000e9000000, 0x00000000e9100000|  0%| F|  |TAMS 0x00000000e9000000, 0x00000000e9000000| Untracked 
| 145|0x00000000e9100000, 0x00000000e9100000, 0x00000000e9200000|  0%| F|  |TAMS 0x00000000e9100000, 0x00000000e9100000| Untracked 
| 146|0x00000000e9200000, 0x00000000e9200000, 0x00000000e9300000|  0%| F|  |TAMS 0x00000000e9200000, 0x00000000e9200000| Untracked 
| 147|0x00000000e9300000, 0x00000000e9300000, 0x00000000e9400000|  0%| F|  |TAMS 0x00000000e9300000, 0x00000000e9300000| Untracked 
| 148|0x00000000e9400000, 0x00000000e9400000, 0x00000000e9500000|  0%| F|  |TAMS 0x00000000e9400000, 0x00000000e9400000| Untracked 
| 149|0x00000000e9500000, 0x00000000e9500000, 0x00000000e9600000|  0%| F|  |TAMS 0x00000000e9500000, 0x00000000e9500000| Untracked 
| 150|0x00000000e9600000, 0x00000000e9600000, 0x00000000e9700000|  0%| F|  |TAMS 0x00000000e9600000, 0x00000000e9600000| Untracked 
| 151|0x00000000e9700000, 0x00000000e9700000, 0x00000000e9800000|  0%| F|  |TAMS 0x00000000e9700000, 0x00000000e9700000| Untracked 
| 152|0x00000000e9800000, 0x00000000e9800000, 0x00000000e9900000|  0%| F|  |TAMS 0x00000000e9800000, 0x00000000e9800000| Untracked 
| 153|0x00000000e9900000, 0x00000000e9900000, 0x00000000e9a00000|  0%| F|  |TAMS 0x00000000e9900000, 0x00000000e9900000| Untracked 
| 154|0x00000000e9a00000, 0x00000000e9a00000, 0x00000000e9b00000|  0%| F|  |TAMS 0x00000000e9a00000, 0x00000000e9a00000| Untracked 
| 155|0x00000000e9b00000, 0x00000000e9b00000, 0x00000000e9c00000|  0%| F|  |TAMS 0x00000000e9b00000, 0x00000000e9b00000| Untracked 
| 156|0x00000000e9c00000, 0x00000000e9c00000, 0x00000000e9d00000|  0%| F|  |TAMS 0x00000000e9c00000, 0x00000000e9c00000| Untracked 
| 157|0x00000000e9d00000, 0x00000000e9d00000, 0x00000000e9e00000|  0%| F|  |TAMS 0x00000000e9d00000, 0x00000000e9d00000| Untracked 
| 158|0x00000000e9e00000, 0x00000000e9e00000, 0x00000000e9f00000|  0%| F|  |TAMS 0x00000000e9e00000, 0x00000000e9e00000| Untracked 
| 159|0x00000000e9f00000, 0x00000000e9f00000, 0x00000000ea000000|  0%| F|  |TAMS 0x00000000e9f00000, 0x00000000e9f00000| Untracked 
| 160|0x00000000ea000000, 0x00000000ea000000, 0x00000000ea100000|  0%| F|  |TAMS 0x00000000ea000000, 0x00000000ea000000| Untracked 
| 161|0x00000000ea100000, 0x00000000ea100000, 0x00000000ea200000|  0%| F|  |TAMS 0x00000000ea100000, 0x00000000ea100000| Untracked 
| 162|0x00000000ea200000, 0x00000000ea200000, 0x00000000ea300000|  0%| F|  |TAMS 0x00000000ea200000, 0x00000000ea200000| Untracked 
| 163|0x00000000ea300000, 0x00000000ea300000, 0x00000000ea400000|  0%| F|  |TAMS 0x00000000ea300000, 0x00000000ea300000| Untracked 
| 164|0x00000000ea400000, 0x00000000ea400000, 0x00000000ea500000|  0%| F|  |TAMS 0x00000000ea400000, 0x00000000ea400000| Untracked 
| 165|0x00000000ea500000, 0x00000000ea500000, 0x00000000ea600000|  0%| F|  |TAMS 0x00000000ea500000, 0x00000000ea500000| Untracked 
| 166|0x00000000ea600000, 0x00000000ea600000, 0x00000000ea700000|  0%| F|  |TAMS 0x00000000ea600000, 0x00000000ea600000| Untracked 
| 167|0x00000000ea700000, 0x00000000ea700000, 0x00000000ea800000|  0%| F|  |TAMS 0x00000000ea700000, 0x00000000ea700000| Untracked 
| 168|0x00000000ea800000, 0x00000000ea800000, 0x00000000ea900000|  0%| F|  |TAMS 0x00000000ea800000, 0x00000000ea800000| Untracked 
| 169|0x00000000ea900000, 0x00000000ea900000, 0x00000000eaa00000|  0%| F|  |TAMS 0x00000000ea900000, 0x00000000ea900000| Untracked 
| 170|0x00000000eaa00000, 0x00000000eaa00000, 0x00000000eab00000|  0%| F|  |TAMS 0x00000000eaa00000, 0x00000000eaa00000| Untracked 
| 171|0x00000000eab00000, 0x00000000eab00000, 0x00000000eac00000|  0%| F|  |TAMS 0x00000000eab00000, 0x00000000eab00000| Untracked 
| 172|0x00000000eac00000, 0x00000000eac00000, 0x00000000ead00000|  0%| F|  |TAMS 0x00000000eac00000, 0x00000000eac00000| Untracked 
| 173|0x00000000ead00000, 0x00000000ead00000, 0x00000000eae00000|  0%| F|  |TAMS 0x00000000ead00000, 0x00000000ead00000| Untracked 
| 174|0x00000000eae00000, 0x00000000eae00000, 0x00000000eaf00000|  0%| F|  |TAMS 0x00000000eae00000, 0x00000000eae00000| Untracked 
| 175|0x00000000eaf00000, 0x00000000eaf00000, 0x00000000eb000000|  0%| F|  |TAMS 0x00000000eaf00000, 0x00000000eaf00000| Untracked 
| 176|0x00000000eb000000, 0x00000000eb000000, 0x00000000eb100000|  0%| F|  |TAMS 0x00000000eb000000, 0x00000000eb000000| Untracked 
| 177|0x00000000eb100000, 0x00000000eb100000, 0x00000000eb200000|  0%| F|  |TAMS 0x00000000eb100000, 0x00000000eb100000| Untracked 
| 178|0x00000000eb200000, 0x00000000eb200000, 0x00000000eb300000|  0%| F|  |TAMS 0x00000000eb200000, 0x00000000eb200000| Untracked 
| 179|0x00000000eb300000, 0x00000000eb300000, 0x00000000eb400000|  0%| F|  |TAMS 0x00000000eb300000, 0x00000000eb300000| Untracked 
| 180|0x00000000eb400000, 0x00000000eb400000, 0x00000000eb500000|  0%| F|  |TAMS 0x00000000eb400000, 0x00000000eb400000| Untracked 
| 181|0x00000000eb500000, 0x00000000eb500000, 0x00000000eb600000|  0%| F|  |TAMS 0x00000000eb500000, 0x00000000eb500000| Untracked 
| 182|0x00000000eb600000, 0x00000000eb600000, 0x00000000eb700000|  0%| F|  |TAMS 0x00000000eb600000, 0x00000000eb600000| Untracked 
| 183|0x00000000eb700000, 0x00000000eb700000, 0x00000000eb800000|  0%| F|  |TAMS 0x00000000eb700000, 0x00000000eb700000| Untracked 
| 184|0x00000000eb800000, 0x00000000eb800000, 0x00000000eb900000|  0%| F|  |TAMS 0x00000000eb800000, 0x00000000eb800000| Untracked 
| 185|0x00000000eb900000, 0x00000000eb900000, 0x00000000eba00000|  0%| F|  |TAMS 0x00000000eb900000, 0x00000000eb900000| Untracked 
| 186|0x00000000eba00000, 0x00000000eba00000, 0x00000000ebb00000|  0%| F|  |TAMS 0x00000000eba00000, 0x00000000eba00000| Untracked 
| 187|0x00000000ebb00000, 0x00000000ebb00000, 0x00000000ebc00000|  0%| F|  |TAMS 0x00000000ebb00000, 0x00000000ebb00000| Untracked 
| 188|0x00000000ebc00000, 0x00000000ebc00000, 0x00000000ebd00000|  0%| F|  |TAMS 0x00000000ebc00000, 0x00000000ebc00000| Untracked 
| 189|0x00000000ebd00000, 0x00000000ebd00000, 0x00000000ebe00000|  0%| F|  |TAMS 0x00000000ebd00000, 0x00000000ebd00000| Untracked 
| 190|0x00000000ebe00000, 0x00000000ebe00000, 0x00000000ebf00000|  0%| F|  |TAMS 0x00000000ebe00000, 0x00000000ebe00000| Untracked 
| 191|0x00000000ebf00000, 0x00000000ebf00000, 0x00000000ec000000|  0%| F|  |TAMS 0x00000000ebf00000, 0x00000000ebf00000| Untracked 
| 192|0x00000000ec000000, 0x00000000ec000000, 0x00000000ec100000|  0%| F|  |TAMS 0x00000000ec000000, 0x00000000ec000000| Untracked 
| 193|0x00000000ec100000, 0x00000000ec100000, 0x00000000ec200000|  0%| F|  |TAMS 0x00000000ec100000, 0x00000000ec100000| Untracked 
| 194|0x00000000ec200000, 0x00000000ec200000, 0x00000000ec300000|  0%| F|  |TAMS 0x00000000ec200000, 0x00000000ec200000| Untracked 
| 195|0x00000000ec300000, 0x00000000ec300000, 0x00000000ec400000|  0%| F|  |TAMS 0x00000000ec300000, 0x00000000ec300000| Untracked 
| 196|0x00000000ec400000, 0x00000000ec400000, 0x00000000ec500000|  0%| F|  |TAMS 0x00000000ec400000, 0x00000000ec400000| Untracked 
| 197|0x00000000ec500000, 0x00000000ec500000, 0x00000000ec600000|  0%| F|  |TAMS 0x00000000ec500000, 0x00000000ec500000| Untracked 
| 198|0x00000000ec600000, 0x00000000ec600000, 0x00000000ec700000|  0%| F|  |TAMS 0x00000000ec600000, 0x00000000ec600000| Untracked 
| 199|0x00000000ec700000, 0x00000000ec700000, 0x00000000ec800000|  0%| F|  |TAMS 0x00000000ec700000, 0x00000000ec700000| Untracked 
| 200|0x00000000ec800000, 0x00000000ec800000, 0x00000000ec900000|  0%| F|  |TAMS 0x00000000ec800000, 0x00000000ec800000| Untracked 
| 201|0x00000000ec900000, 0x00000000ec900000, 0x00000000eca00000|  0%| F|  |TAMS 0x00000000ec900000, 0x00000000ec900000| Untracked 
| 202|0x00000000eca00000, 0x00000000eca00000, 0x00000000ecb00000|  0%| F|  |TAMS 0x00000000eca00000, 0x00000000eca00000| Untracked 
| 203|0x00000000ecb00000, 0x00000000ecb00000, 0x00000000ecc00000|  0%| F|  |TAMS 0x00000000ecb00000, 0x00000000ecb00000| Untracked 
| 204|0x00000000ecc00000, 0x00000000ecc00000, 0x00000000ecd00000|  0%| F|  |TAMS 0x00000000ecc00000, 0x00000000ecc00000| Untracked 
| 205|0x00000000ecd00000, 0x00000000ecd00000, 0x00000000ece00000|  0%| F|  |TAMS 0x00000000ecd00000, 0x00000000ecd00000| Untracked 
| 206|0x00000000ece00000, 0x00000000ece00000, 0x00000000ecf00000|  0%| F|  |TAMS 0x00000000ece00000, 0x00000000ece00000| Untracked 
| 207|0x00000000ecf00000, 0x00000000ecf00000, 0x00000000ed000000|  0%| F|  |TAMS 0x00000000ecf00000, 0x00000000ecf00000| Untracked 
| 208|0x00000000ed000000, 0x00000000ed000000, 0x00000000ed100000|  0%| F|  |TAMS 0x00000000ed000000, 0x00000000ed000000| Untracked 
| 209|0x00000000ed100000, 0x00000000ed100000, 0x00000000ed200000|  0%| F|  |TAMS 0x00000000ed100000, 0x00000000ed100000| Untracked 
| 210|0x00000000ed200000, 0x00000000ed200000, 0x00000000ed300000|  0%| F|  |TAMS 0x00000000ed200000, 0x00000000ed200000| Untracked 
| 211|0x00000000ed300000, 0x00000000ed300000, 0x00000000ed400000|  0%| F|  |TAMS 0x00000000ed300000, 0x00000000ed300000| Untracked 
| 212|0x00000000ed400000, 0x00000000ed400000, 0x00000000ed500000|  0%| F|  |TAMS 0x00000000ed400000, 0x00000000ed400000| Untracked 
| 213|0x00000000ed500000, 0x00000000ed500000, 0x00000000ed600000|  0%| F|  |TAMS 0x00000000ed500000, 0x00000000ed500000| Untracked 
| 214|0x00000000ed600000, 0x00000000ed600000, 0x00000000ed700000|  0%| F|  |TAMS 0x00000000ed600000, 0x00000000ed600000| Untracked 
| 215|0x00000000ed700000, 0x00000000ed700000, 0x00000000ed800000|  0%| F|  |TAMS 0x00000000ed700000, 0x00000000ed700000| Untracked 
| 216|0x00000000ed800000, 0x00000000ed800000, 0x00000000ed900000|  0%| F|  |TAMS 0x00000000ed800000, 0x00000000ed800000| Untracked 
| 217|0x00000000ed900000, 0x00000000ed900000, 0x00000000eda00000|  0%| F|  |TAMS 0x00000000ed900000, 0x00000000ed900000| Untracked 
| 218|0x00000000eda00000, 0x00000000eda00000, 0x00000000edb00000|  0%| F|  |TAMS 0x00000000eda00000, 0x00000000eda00000| Untracked 
| 219|0x00000000edb00000, 0x00000000edb00000, 0x00000000edc00000|  0%| F|  |TAMS 0x00000000edb00000, 0x00000000edb00000| Untracked 
| 220|0x00000000edc00000, 0x00000000edc00000, 0x00000000edd00000|  0%| F|  |TAMS 0x00000000edc00000, 0x00000000edc00000| Untracked 
| 221|0x00000000edd00000, 0x00000000edd00000, 0x00000000ede00000|  0%| F|  |TAMS 0x00000000edd00000, 0x00000000edd00000| Untracked 
| 222|0x00000000ede00000, 0x00000000ede00000, 0x00000000edf00000|  0%| F|  |TAMS 0x00000000ede00000, 0x00000000ede00000| Untracked 
| 223|0x00000000edf00000, 0x00000000edf00000, 0x00000000ee000000|  0%| F|  |TAMS 0x00000000edf00000, 0x00000000edf00000| Untracked 
| 224|0x00000000ee000000, 0x00000000ee000000, 0x00000000ee100000|  0%| F|  |TAMS 0x00000000ee000000, 0x00000000ee000000| Untracked 
| 225|0x00000000ee100000, 0x00000000ee100000, 0x00000000ee200000|  0%| F|  |TAMS 0x00000000ee100000, 0x00000000ee100000| Untracked 
| 226|0x00000000ee200000, 0x00000000ee200000, 0x00000000ee300000|  0%| F|  |TAMS 0x00000000ee200000, 0x00000000ee200000| Untracked 
| 227|0x00000000ee300000, 0x00000000ee300000, 0x00000000ee400000|  0%| F|  |TAMS 0x00000000ee300000, 0x00000000ee300000| Untracked 
| 228|0x00000000ee400000, 0x00000000ee400000, 0x00000000ee500000|  0%| F|  |TAMS 0x00000000ee400000, 0x00000000ee400000| Untracked 
| 229|0x00000000ee500000, 0x00000000ee600000, 0x00000000ee600000|100%| S|CS|TAMS 0x00000000ee500000, 0x00000000ee500000| Complete 
| 230|0x00000000ee600000, 0x00000000ee700000, 0x00000000ee700000|100%| S|CS|TAMS 0x00000000ee600000, 0x00000000ee600000| Complete 
| 231|0x00000000ee700000, 0x00000000ee800000, 0x00000000ee800000|100%| S|CS|TAMS 0x00000000ee700000, 0x00000000ee700000| Complete 
| 232|0x00000000ee800000, 0x00000000ee800000, 0x00000000ee900000|  0%| F|  |TAMS 0x00000000ee800000, 0x00000000ee800000| Untracked 
| 233|0x00000000ee900000, 0x00000000ee900000, 0x00000000eea00000|  0%| F|  |TAMS 0x00000000ee900000, 0x00000000ee900000| Untracked 
| 234|0x00000000eea00000, 0x00000000eea00000, 0x00000000eeb00000|  0%| F|  |TAMS 0x00000000eea00000, 0x00000000eea00000| Untracked 
| 235|0x00000000eeb00000, 0x00000000eeb00000, 0x00000000eec00000|  0%| F|  |TAMS 0x00000000eeb00000, 0x00000000eeb00000| Untracked 
| 236|0x00000000eec00000, 0x00000000eec00000, 0x00000000eed00000|  0%| F|  |TAMS 0x00000000eec00000, 0x00000000eec00000| Untracked 
| 237|0x00000000eed00000, 0x00000000eed00000, 0x00000000eee00000|  0%| F|  |TAMS 0x00000000eed00000, 0x00000000eed00000| Untracked 
| 238|0x00000000eee00000, 0x00000000eee00000, 0x00000000eef00000|  0%| F|  |TAMS 0x00000000eee00000, 0x00000000eee00000| Untracked 
| 239|0x00000000eef00000, 0x00000000eef00000, 0x00000000ef000000|  0%| F|  |TAMS 0x00000000eef00000, 0x00000000eef00000| Untracked 
| 240|0x00000000ef000000, 0x00000000ef000000, 0x00000000ef100000|  0%| F|  |TAMS 0x00000000ef000000, 0x00000000ef000000| Untracked 
| 241|0x00000000ef100000, 0x00000000ef100000, 0x00000000ef200000|  0%| F|  |TAMS 0x00000000ef100000, 0x00000000ef100000| Untracked 
| 242|0x00000000ef200000, 0x00000000ef200000, 0x00000000ef300000|  0%| F|  |TAMS 0x00000000ef200000, 0x00000000ef200000| Untracked 
| 243|0x00000000ef300000, 0x00000000ef300000, 0x00000000ef400000|  0%| F|  |TAMS 0x00000000ef300000, 0x00000000ef300000| Untracked 
| 244|0x00000000ef400000, 0x00000000ef400000, 0x00000000ef500000|  0%| F|  |TAMS 0x00000000ef400000, 0x00000000ef400000| Untracked 
| 245|0x00000000ef500000, 0x00000000ef500000, 0x00000000ef600000|  0%| F|  |TAMS 0x00000000ef500000, 0x00000000ef500000| Untracked 
| 246|0x00000000ef600000, 0x00000000ef600000, 0x00000000ef700000|  0%| F|  |TAMS 0x00000000ef600000, 0x00000000ef600000| Untracked 
| 247|0x00000000ef700000, 0x00000000ef700000, 0x00000000ef800000|  0%| F|  |TAMS 0x00000000ef700000, 0x00000000ef700000| Untracked 
| 248|0x00000000ef800000, 0x00000000ef800000, 0x00000000ef900000|  0%| F|  |TAMS 0x00000000ef800000, 0x00000000ef800000| Untracked 
| 249|0x00000000ef900000, 0x00000000ef900000, 0x00000000efa00000|  0%| F|  |TAMS 0x00000000ef900000, 0x00000000ef900000| Untracked 
| 250|0x00000000efa00000, 0x00000000efa00000, 0x00000000efb00000|  0%| F|  |TAMS 0x00000000efa00000, 0x00000000efa00000| Untracked 
| 251|0x00000000efb00000, 0x00000000efb80800, 0x00000000efc00000| 50%| E|  |TAMS 0x00000000efb00000, 0x00000000efb00000| Complete 
| 252|0x00000000efc00000, 0x00000000efd00000, 0x00000000efd00000|100%| E|CS|TAMS 0x00000000efc00000, 0x00000000efc00000| Complete 
| 253|0x00000000efd00000, 0x00000000efe00000, 0x00000000efe00000|100%| E|CS|TAMS 0x00000000efd00000, 0x00000000efd00000| Complete 
| 254|0x00000000efe00000, 0x00000000eff00000, 0x00000000eff00000|100%| E|CS|TAMS 0x00000000efe00000, 0x00000000efe00000| Complete 
| 255|0x00000000eff00000, 0x00000000f0000000, 0x00000000f0000000|100%| E|CS|TAMS 0x00000000eff00000, 0x00000000eff00000| Complete 

Card table byte_map: [0x000001a1a2570000,0x000001a1a2670000] _byte_map_base: 0x000001a1a1e70000

Marking Bits (Prev, Next): (CMBitMap*) 0x000001a18a9d15c8, (CMBitMap*) 0x000001a18a9d1600
 Prev Bits: [0x000001a1a2770000, 0x000001a1a2f70000)
 Next Bits: [0x000001a1a2f70000, 0x000001a1a3770000)

Polling page: 0x000001a188910000

Metaspace:

Usage:
  Non-class:     13.95 MB capacity,    13.60 MB ( 97%) used,   306.20 KB (  2%) free+waste,    53.69 KB ( <1%) overhead. 
      Class:      1.90 MB capacity,     1.70 MB ( 89%) used,   179.52 KB (  9%) free+waste,    27.38 KB (  1%) overhead. 
       Both:     15.86 MB capacity,    15.30 MB ( 97%) used,   485.71 KB (  3%) free+waste,    81.06 KB ( <1%) overhead. 

Virtual space:
  Non-class space:       14.00 MB reserved,      14.00 MB (100%) committed 
      Class space:        1.00 GB reserved,       2.00 MB ( <1%) committed 
             Both:        1.01 GB reserved,      16.00 MB (  2%) committed 

Chunk freelists:
   Non-Class:  49.00 KB
       Class:  2.00 KB
        Both:  51.00 KB

MaxMetaspaceSize: 17179869184.00 GB
CompressedClassSpaceSize: 1.00 GB
Initial GC threshold: 20.80 MB
Current GC threshold: 20.80 MB
CDS: off

CodeHeap 'non-profiled nmethods': size=120000Kb used=414Kb max_used=414Kb free=119585Kb
 bounds [0x000001a19abf0000, 0x000001a19ae60000, 0x000001a1a2120000]
CodeHeap 'profiled nmethods': size=120000Kb used=2482Kb max_used=2482Kb free=117518Kb
 bounds [0x000001a1936c0000, 0x000001a193930000, 0x000001a19abf0000]
CodeHeap 'non-nmethods': size=5760Kb used=1152Kb max_used=1176Kb free=4607Kb
 bounds [0x000001a193120000, 0x000001a193390000, 0x000001a1936c0000]
 total_blobs=1715 nmethods=1302 adapters=327
 compilation: enabled
              stopped_count=0, restarted_count=0
 full_count=0

Compilation events (20 events):
Event: 1.041 Thread 0x000001a1a6a79800 nmethod 1293 0x000001a193929490 code [0x000001a193929640, 0x000001a193929758]
Event: 1.042 Thread 0x000001a1a6a79800 1294       3       java.util.regex.Pattern::peek (26 bytes)
Event: 1.042 Thread 0x000001a1a6a79800 nmethod 1294 0x000001a193929810 code [0x000001a1939299e0, 0x000001a193929c48]
Event: 1.042 Thread 0x000001a1a7525800 nmethod 1288 0x000001a19ac56690 code [0x000001a19ac56860, 0x000001a19ac56f98]
Event: 1.043 Thread 0x000001a1a6a79800 1295       3       java.lang.StringUTF16::getChar (60 bytes)
Event: 1.043 Thread 0x000001a1a6a79800 nmethod 1295 0x000001a193929d90 code [0x000001a193929f40, 0x000001a19392a098]
Event: 1.043 Thread 0x000001a1a6a6d800 1296       4       java.lang.StringUTF16::getChar (60 bytes)
Event: 1.044 Thread 0x000001a1a6a6d800 nmethod 1296 0x000001a19ac57290 code [0x000001a19ac57420, 0x000001a19ac574d8]
Event: 1.046 Thread 0x000001a1a6a79800 1297       1       java.util.stream.FindOps$FindSink::cancellationRequested (5 bytes)
Event: 1.046 Thread 0x000001a1a6a79800 nmethod 1297 0x000001a19ac57590 code [0x000001a19ac57740, 0x000001a19ac577f8]
Event: 1.046 Thread 0x000001a1a6a79800 1298       3       java.lang.String::hashCode (49 bytes)
Event: 1.046 Thread 0x000001a1a6a79800 nmethod 1298 0x000001a19392a190 code [0x000001a19392a380, 0x000001a19392a788]
Event: 1.047 Thread 0x000001a1a6a6d800 1299       4       jdk.internal.ref.CleanerFactory::cleaner (4 bytes)
Event: 1.047 Thread 0x000001a1a6a6d800 nmethod 1299 0x000001a19ac57890 code [0x000001a19ac57a20, 0x000001a19ac57a78]
Event: 1.048 Thread 0x000001a1a6a79800 1300       3       java.lang.CharacterData::of (120 bytes)
Event: 1.049 Thread 0x000001a1a6a79800 nmethod 1300 0x000001a19392a910 code [0x000001a19392ab20, 0x000001a19392b1f8]
Event: 1.055 Thread 0x000001a1a6a79800 1301       3       sun.net.www.ParseUtil::firstEncodeIndex (86 bytes)
Event: 1.055 Thread 0x000001a1a6a79800 nmethod 1301 0x000001a19392b410 code [0x000001a19392b660, 0x000001a19392c008]
Event: 1.055 Thread 0x000001a1a6a79800 1302       3       sun.net.www.ParseUtil::match (50 bytes)
Event: 1.055 Thread 0x000001a1a6a79800 nmethod 1302 0x000001a19392c390 code [0x000001a19392c540, 0x000001a19392c798]

GC Heap History (2 events):
Event: 0.985 GC heap before
{Heap before GC invocations=0 (full 0):
 garbage-first heap   total 262144K, used 23552K [0x00000000e0000000, 0x0000000100000000)
  region size 1024K, 24 young (24576K), 0 survivors (0K)
 Metaspace       used 14875K, capacity 15385K, committed 15744K, reserved 1062912K
  class space    used 1632K, capacity 1813K, committed 1920K, reserved 1048576K
}
Event: 0.993 GC heap after
{Heap after GC invocations=1 (full 0):
 garbage-first heap   total 262144K, used 3806K [0x00000000e0000000, 0x0000000100000000)
  region size 1024K, 3 young (3072K), 3 survivors (3072K)
 Metaspace       used 14875K, capacity 15385K, committed 15744K, reserved 1062912K
  class space    used 1632K, capacity 1813K, committed 1920K, reserved 1048576K
}

Deoptimization events (20 events):
Event: 1.022 Thread 0x000001a1a72d5000 DEOPT PACKING pc=0x000001a19ac48278 sp=0x0000003d8a8fbfe0
Event: 1.022 Thread 0x000001a1a72d5000 DEOPT UNPACKING pc=0x000001a19316a1af sp=0x0000003d8a8fbf80 mode 2
Event: 1.042 Thread 0x000001a1a72d5000 Uncommon trap: trap_request=0xffffff4d fr.pc=0x000001a19ac0ad78 relative=0x0000000000000058
Event: 1.042 Thread 0x000001a1a72d5000 Uncommon trap: reason=unstable_if action=reinterpret pc=0x000001a19ac0ad78 method=java.lang.String.isLatin1()Z @ 10 c2
Event: 1.042 Thread 0x000001a1a72d5000 DEOPT PACKING pc=0x000001a19ac0ad78 sp=0x0000003d8a8fa8a0
Event: 1.042 Thread 0x000001a1a72d5000 DEOPT UNPACKING pc=0x000001a19316a1af sp=0x0000003d8a8fa830 mode 2
Event: 1.042 Thread 0x000001a1a72d5000 Uncommon trap: trap_request=0xffffff4d fr.pc=0x000001a19abfe3e4 relative=0x0000000000000044
Event: 1.042 Thread 0x000001a1a72d5000 Uncommon trap: reason=unstable_if action=reinterpret pc=0x000001a19abfe3e4 method=java.lang.CharacterData.of(I)Ljava/lang/CharacterData; @ 4 c2
Event: 1.042 Thread 0x000001a1a72d5000 DEOPT PACKING pc=0x000001a19abfe3e4 sp=0x0000003d8a8fa180
Event: 1.042 Thread 0x000001a1a72d5000 DEOPT UNPACKING pc=0x000001a19316a1af sp=0x0000003d8a8fa118 mode 2
Event: 1.045 Thread 0x000001a1a72d5000 Uncommon trap: trap_request=0xffffff4d fr.pc=0x000001a19ac12818 relative=0x0000000000000178
Event: 1.045 Thread 0x000001a1a72d5000 Uncommon trap: reason=unstable_if action=reinterpret pc=0x000001a19ac12818 method=java.lang.String.isLatin1()Z @ 10 c2
Event: 1.045 Thread 0x000001a1a72d5000 DEOPT PACKING pc=0x000001a19ac12818 sp=0x0000003d8a8faa10
Event: 1.045 Thread 0x000001a1a72d5000 DEOPT UNPACKING pc=0x000001a19316a1af sp=0x0000003d8a8fa938 mode 2
Event: 1.050 Thread 0x000001a1a72d5000 Uncommon trap: trap_request=0xffffff4d fr.pc=0x000001a19ac35e9c relative=0x000000000000005c
Event: 1.050 Thread 0x000001a1a72d5000 Uncommon trap: reason=unstable_if action=reinterpret pc=0x000001a19ac35e9c method=sun.net.www.ParseUtil.firstEncodeIndex(Ljava/lang/String;)I @ 51 c2
Event: 1.050 Thread 0x000001a1a72d5000 DEOPT PACKING pc=0x000001a19ac35e9c sp=0x0000003d8a8f7670
Event: 1.050 Thread 0x000001a1a72d5000 DEOPT UNPACKING pc=0x000001a19316a1af sp=0x0000003d8a8f75f8 mode 2
Event: 1.884 Thread 0x000001a1a72d5000 DEOPT PACKING pc=0x000001a19392bf30 sp=0x0000003d8a8f91f0
Event: 1.884 Thread 0x000001a1a72d5000 DEOPT UNPACKING pc=0x000001a19316a95e sp=0x0000003d8a8f8708 mode 0

Classes redefined (0 events):
No events

Internal exceptions (20 events):
Event: 0.829 Thread 0x000001a1a72d5000 Exception <a 'java/lang/NoSuchMethodError'{0x00000000eeea6670}: 'java.lang.Object java.lang.invoke.DirectMethodHandle$Holder.invokeStaticInit(java.lang.Object, java.lang.Object, java.lang.Object)'> (0x00000000eeea6670) thrown at [s\src\hotspot\share\interpreter\linkResolver.cpp, line 773]
Event: 0.830 Thread 0x000001a1a72d5000 Exception <a 'java/lang/NoSuchMethodError'{0x00000000eeeadac0}: 'void java.lang.invoke.DirectMethodHandle$Holder.invokeStaticInit(java.lang.Object, java.lang.Object, java.lang.Object)'> (0x00000000eeeadac0) thrown at [s\src\hotspot\share\interpreter\linkResolver.cpp, line 773]
Event: 0.883 Thread 0x000001a1a72d5000 Exception <a 'java/lang/NoSuchMethodError'{0x00000000eecb92d0}: 'java.lang.Object java.lang.invoke.DirectMethodHandle$Holder.invokeSpecialIFC(java.lang.Object, java.lang.Object, java.lang.Object, java.lang.Object)'> (0x00000000eecb92d0) thrown at [s\src\hotspot\share\interpreter\linkResolver.cpp, line 773]
Event: 0.887 Thread 0x000001a1a72d5000 Exception <a 'java/lang/NoSuchMethodError'{0x00000000eecd8768}: 'java.lang.Object java.lang.invoke.DirectMethodHandle$Holder.invokeInterface(java.lang.Object, java.lang.Object, java.lang.Object)'> (0x00000000eecd8768) thrown at [s\src\hotspot\share\interpreter\linkResolver.cpp, line 773]
Event: 0.903 Thread 0x000001a1a72d5000 Exception <a 'java/lang/NoSuchMethodError'{0x00000000eeb72d38}: 'java.lang.Object java.lang.invoke.Invokers$Holder.linkToTargetMethod(java.lang.Object, java.lang.Object, java.lang.Object, java.lang.Object, java.lang.Object, java.lang.Object)'> (0x00000000eeb72d38) thrown at [s\src\hotspot\share\interpreter\linkResolver.cpp, line 773]
Event: 0.909 Thread 0x000001a1a72d5000 Exception <a 'java/lang/IncompatibleClassChangeError'{0x00000000eebbf9d8}: Found class java.lang.Object, but interface was expected> (0x00000000eebbf9d8) thrown at [s\src\hotspot\share\interpreter\linkResolver.cpp, line 839]
Event: 0.918 Thread 0x000001a1a72d5000 Exception <a 'java/lang/IncompatibleClassChangeError'{0x00000000eea031a8}: Found class java.lang.Object, but interface was expected> (0x00000000eea031a8) thrown at [s\src\hotspot\share\interpreter\linkResolver.cpp, line 839]
Event: 0.929 Thread 0x000001a1a72d5000 Exception <a 'java/lang/NoSuchMethodError'{0x00000000eea818d8}: 'void java.lang.invoke.DirectMethodHandle$Holder.invokeSpecial(java.lang.Object, java.lang.Object, java.lang.Object, java.lang.Object, java.lang.Object)'> (0x00000000eea818d8) thrown at [s\src\hotspot\share\interpreter\linkResolver.cpp, line 773]
Event: 0.944 Thread 0x000001a1a72d5000 Exception <a 'java/lang/NoSuchMethodError'{0x00000000ee910268}: 'void java.lang.invoke.DirectMethodHandle$Holder.invokeInterface(java.lang.Object, java.lang.Object, java.lang.Object, java.lang.Object)'> (0x00000000ee910268) thrown at [s\src\hotspot\share\interpreter\linkResolver.cpp, line 773]
Event: 0.944 Thread 0x000001a1a72d5000 Exception <a 'java/lang/IncompatibleClassChangeError'{0x00000000ee9132d0}: Found class java.lang.Object, but interface was expected> (0x00000000ee9132d0) thrown at [s\src\hotspot\share\interpreter\linkResolver.cpp, line 839]
Event: 0.947 Thread 0x000001a1a72d5000 Exception <a 'java/lang/NoSuchMethodError'{0x00000000ee92f3a8}: 'void java.lang.invoke.DirectMethodHandle$Holder.invokeStatic(java.lang.Object, java.lang.Object, java.lang.Object, java.lang.Object)'> (0x00000000ee92f3a8) thrown at [s\src\hotspot\share\interpreter\linkResolver.cpp, line 773]
Event: 0.958 Thread 0x000001a1a72d5000 Exception <a 'java/lang/NoSuchMethodError'{0x00000000ee9bf810}: 'int java.lang.invoke.DirectMethodHandle$Holder.invokeStatic(java.lang.Object, java.lang.Object, java.lang.Object, java.lang.Object, java.lang.Object)'> (0x00000000ee9bf810) thrown at [s\src\hotspot\share\interpreter\linkResolver.cpp, line 773]
Event: 0.967 Thread 0x000001a1a72d5000 Exception <a 'java/lang/NoSuchMethodError'{0x00000000ee81aa28}: 'void java.lang.invoke.DirectMethodHandle$Holder.invokeStaticInit(java.lang.Object)'> (0x00000000ee81aa28) thrown at [s\src\hotspot\share\interpreter\linkResolver.cpp, line 773]
Event: 0.973 Thread 0x000001a1a72d5000 Exception <a 'java/lang/NoSuchMethodError'{0x00000000ee84ecd0}: 'void java.lang.invoke.DirectMethodHandle$Holder.invokeSpecial(java.lang.Object, java.lang.Object)'> (0x00000000ee84ecd0) thrown at [s\src\hotspot\share\interpreter\linkResolver.cpp, line 773]
Event: 1.003 Thread 0x000001a1a72d5000 Exception <a 'java/lang/NoSuchMethodError'{0x00000000eff55cb8}: 'int java.lang.invoke.DirectMethodHandle$Holder.invokeStaticInit(java.lang.Object, java.lang.Object)'> (0x00000000eff55cb8) thrown at [s\src\hotspot\share\interpreter\linkResolver.cpp, line 773]
Event: 1.021 Thread 0x000001a1a72d5000 Exception <a 'java/lang/NoSuchMethodError'{0x00000000efebfe10}: 'java.lang.Object java.lang.invoke.DirectMethodHandle$Holder.invokeVirtual(java.lang.Object, java.lang.Object, java.lang.Object)'> (0x00000000efebfe10) thrown at [s\src\hotspot\share\interpreter\linkResolver.cpp, line 773]
Event: 1.027 Thread 0x000001a1a72d5000 Exception <a 'java/lang/NoSuchMethodError'{0x00000000efd019d0}: 'void java.lang.invoke.DirectMethodHandle$Holder.invokeStatic(java.lang.Object, java.lang.Object, java.lang.Object, java.lang.Object, java.lang.Object)'> (0x00000000efd019d0) thrown at [s\src\hotspot\share\interpreter\linkResolver.cpp, line 773]
Event: 1.028 Thread 0x000001a1a72d5000 Exception <a 'java/lang/NoSuchMethodError'{0x00000000efd100c0}: 'java.lang.Object java.lang.invoke.Invokers$Holder.linkToTargetMethod(java.lang.Object, java.lang.Object, java.lang.Object, java.lang.Object, java.lang.Object, java.lang.Object, java.lang.Object)'> (0x00000000efd100c0) thrown at [s\src\hotspot\share\interpreter\linkResolver.cpp, line 773]
Event: 1.029 Thread 0x000001a1a72d5000 Exception <a 'java/lang/NoSuchMethodError'{0x00000000efd16118}: 'java.lang.Object java.lang.invoke.DirectMethodHandle$Holder.invokeInterface(java.lang.Object, java.lang.Object, java.lang.Object, java.lang.Object, java.lang.Object)'> (0x00000000efd16118) thrown at [s\src\hotspot\share\interpreter\linkResolver.cpp, line 773]
Event: 1.029 Thread 0x000001a1a72d5000 Exception <a 'java/lang/IncompatibleClassChangeError'{0x00000000efd19870}: Found class java.lang.Object, but interface was expected> (0x00000000efd19870) thrown at [s\src\hotspot\share\interpreter\linkResolver.cpp, line 839]

Events (20 events):
Event: 1.882 loading class kotlin/LazyKt__LazyJVMKt
Event: 1.882 loading class kotlin/LazyKt__LazyJVMKt done
Event: 1.883 loading class kotlin/NoWhenBranchMatchedException
Event: 1.883 loading class kotlin/NoWhenBranchMatchedException done
Event: 1.884 loading class kotlin/SynchronizedLazyImpl
Event: 1.884 loading class kotlin/SynchronizedLazyImpl done
Event: 1.884 loading class kotlin/Lazy
Event: 1.884 loading class kotlin/Lazy done
Event: 1.885 loading class kotlin/UNINITIALIZED_VALUE
Event: 1.885 loading class kotlin/UNINITIALIZED_VALUE done
Event: 1.886 loading class com/huskerdev/ojgl/platforms/WinGLPlatform
Event: 1.886 loading class com/huskerdev/ojgl/platforms/WinGLPlatform done
Event: 1.888 loading class com/huskerdev/ojgl/platforms/WinGLPlatform$Companion
Event: 1.888 loading class com/huskerdev/ojgl/platforms/WinGLPlatform$Companion done
Event: 2.187 loading class com/huskerdev/ojgl/platforms/WGLContext
Event: 2.187 loading class com/huskerdev/ojgl/platforms/WGLContext done
Event: 2.191 loading class com/huskerdev/ojgl/GLMin
Event: 2.191 loading class com/huskerdev/ojgl/GLMin done
Event: 2.191 loading class com/huskerdev/ojgl/GLMin$Companion
Event: 2.191 loading class com/huskerdev/ojgl/GLMin$Companion done


Dynamic libraries:
0x00007ff741f30000 - 0x00007ff741f3d000 	C:\Users\redfa\.jdks\corretto-11.0.20.1\bin\java.exe
0x00007ffc94d90000 - 0x00007ffc94fa4000 	C:\Windows\SYSTEM32\ntdll.dll
0x00007ffc93cf0000 - 0x00007ffc93db4000 	C:\Windows\System32\KERNEL32.DLL
0x00007ffc927a0000 - 0x00007ffc92b44000 	C:\Windows\System32\KERNELBASE.dll
0x00007ffc92680000 - 0x00007ffc92791000 	C:\Windows\System32\ucrtbase.dll
0x00007ffc87070000 - 0x00007ffc87087000 	C:\Users\redfa\.jdks\corretto-11.0.20.1\bin\jli.dll
0x00007ffc7f4e0000 - 0x00007ffc7f4f9000 	C:\Users\redfa\.jdks\corretto-11.0.20.1\bin\VCRUNTIME140.dll
0x00007ffc948f0000 - 0x00007ffc94a9a000 	C:\Windows\System32\USER32.dll
0x00007ffc92290000 - 0x00007ffc922b6000 	C:\Windows\System32\win32u.dll
0x00007ffc92be0000 - 0x00007ffc92c09000 	C:\Windows\System32\GDI32.dll
0x00007ffc7dfd0000 - 0x00007ffc7e25f000 	C:\Windows\WinSxS\amd64_microsoft.windows.common-controls_6595b64144ccf1df_6.0.22621.2070_none_2713e6537381f706\COMCTL32.dll
0x00007ffc92560000 - 0x00007ffc92679000 	C:\Windows\System32\gdi32full.dll
0x00007ffc94aa0000 - 0x00007ffc94b47000 	C:\Windows\System32\msvcrt.dll
0x00007ffc921f0000 - 0x00007ffc9228a000 	C:\Windows\System32\msvcp_win.dll
0x00007ffc92c10000 - 0x00007ffc92c41000 	C:\Windows\System32\IMM32.DLL
0x00007ffc5e2a0000 - 0x00007ffc5e33b000 	C:\Users\redfa\.jdks\corretto-11.0.20.1\bin\msvcp140.dll
0x00007ffc3f220000 - 0x00007ffc3fdab000 	C:\Users\redfa\.jdks\corretto-11.0.20.1\bin\server\jvm.dll
0x00007ffc93a40000 - 0x00007ffc93af0000 	C:\Windows\System32\ADVAPI32.dll
0x00007ffc94830000 - 0x00007ffc948d6000 	C:\Windows\System32\sechost.dll
0x00007ffc94bd0000 - 0x00007ffc94ce7000 	C:\Windows\System32\RPCRT4.dll
0x00007ffc930f0000 - 0x00007ffc930f8000 	C:\Windows\System32\PSAPI.DLL
0x00007ffc7eb70000 - 0x00007ffc7eb79000 	C:\Windows\SYSTEM32\WSOCK32.dll
0x00007ffc93950000 - 0x00007ffc939c1000 	C:\Windows\System32\WS2_32.dll
0x00007ffc8ba60000 - 0x00007ffc8ba6a000 	C:\Windows\SYSTEM32\VERSION.dll
0x00007ffc7a580000 - 0x00007ffc7a5b4000 	C:\Windows\SYSTEM32\WINMM.dll
0x00007ffc912a0000 - 0x00007ffc912b8000 	C:\Windows\SYSTEM32\kernel.appcore.dll
0x00007ffc85ec0000 - 0x00007ffc85ed0000 	C:\Users\redfa\.jdks\corretto-11.0.20.1\bin\verify.dll
0x00007ffc90620000 - 0x00007ffc9084e000 	C:\Windows\SYSTEM32\DBGHELP.DLL
0x00007ffc92c50000 - 0x00007ffc92fda000 	C:\Windows\System32\combase.dll
0x00007ffc93bf0000 - 0x00007ffc93cc7000 	C:\Windows\System32\OLEAUT32.dll
0x00007ffc83ea0000 - 0x00007ffc83ed2000 	C:\Windows\SYSTEM32\dbgcore.DLL
0x00007ffc92170000 - 0x00007ffc921ea000 	C:\Windows\System32\bcryptPrimitives.dll
0x00007ffc6ea70000 - 0x00007ffc6ea98000 	C:\Users\redfa\.jdks\corretto-11.0.20.1\bin\java.dll
0x00007ffc859c0000 - 0x00007ffc859ca000 	C:\Users\redfa\.jdks\corretto-11.0.20.1\bin\jimage.dll
0x00007ffc7f3e0000 - 0x00007ffc7f3f8000 	C:\Users\redfa\.jdks\corretto-11.0.20.1\bin\zip.dll
0x00007ffc94010000 - 0x00007ffc94826000 	C:\Windows\System32\SHELL32.dll
0x00007ffc8fc80000 - 0x00007ffc9056a000 	C:\Windows\SYSTEM32\windows.storage.dll
0x00007ffc8fb40000 - 0x00007ffc8fc7e000 	C:\Windows\SYSTEM32\wintypes.dll
0x00007ffc93af0000 - 0x00007ffc93be3000 	C:\Windows\System32\SHCORE.dll
0x00007ffc93100000 - 0x00007ffc9315e000 	C:\Windows\System32\shlwapi.dll
0x00007ffc920a0000 - 0x00007ffc920c6000 	C:\Windows\SYSTEM32\profapi.dll
0x00007ffc7eb80000 - 0x00007ffc7eb99000 	C:\Users\redfa\.jdks\corretto-11.0.20.1\bin\net.dll
0x00007ffc8bca0000 - 0x00007ffc8bdd7000 	C:\Windows\SYSTEM32\WINHTTP.dll
0x00007ffc91720000 - 0x00007ffc91789000 	C:\Windows\system32\mswsock.dll
0x00007ffc7c6b0000 - 0x00007ffc7c6c3000 	C:\Users\redfa\.jdks\corretto-11.0.20.1\bin\nio.dll
0x00007ffc91970000 - 0x00007ffc9198b000 	C:\Windows\SYSTEM32\CRYPTSP.dll
0x00007ffc91210000 - 0x00007ffc91245000 	C:\Windows\system32\rsaenh.dll
0x00007ffc91810000 - 0x00007ffc9183c000 	C:\Windows\SYSTEM32\USERENV.dll
0x00007ffc91b10000 - 0x00007ffc91b38000 	C:\Windows\SYSTEM32\bcrypt.dll
0x00007ffc91990000 - 0x00007ffc9199c000 	C:\Windows\SYSTEM32\CRYPTBASE.dll
0x00007ffc90d10000 - 0x00007ffc90d3d000 	C:\Windows\SYSTEM32\IPHLPAPI.DLL
0x00007ffc937a0000 - 0x00007ffc937a9000 	C:\Windows\System32\NSI.dll
0x00007ffc8d1d0000 - 0x00007ffc8d1e9000 	C:\Windows\SYSTEM32\dhcpcsvc6.DLL
0x00007ffc8d1b0000 - 0x00007ffc8d1cf000 	C:\Windows\SYSTEM32\dhcpcsvc.DLL
0x00007ffc90d80000 - 0x00007ffc90e73000 	C:\Windows\SYSTEM32\DNSAPI.dll
0x00007ffc85ed0000 - 0x00007ffc85ed9000 	C:\Users\redfa\AppData\Local\Temp\ojgl-x64.dll
0x00007ffc8b5e0000 - 0x00007ffc8b5ec000 	C:\Windows\SYSTEM32\VCRUNTIME140_1.dll
0x00007ffc58ef0000 - 0x00007ffc58ff0000 	C:\Windows\SYSTEM32\OPENGL32.dll
0x00007ffc859d0000 - 0x00007ffc859fd000 	C:\Windows\SYSTEM32\GLU32.dll
0x00007ffc8f3a0000 - 0x00007ffc8f3d8000 	C:\Windows\SYSTEM32\dxcore.dll
0x00007ffc8f250000 - 0x00007ffc8f2fb000 	C:\Windows\system32\uxtheme.dll
0x00007ffc93dc0000 - 0x00007ffc93ee7000 	C:\Windows\System32\MSCTF.dll
0x00007ffc93040000 - 0x00007ffc930f0000 	C:\Windows\System32\clbcatq.dll
0x00007ffc2b910000 - 0x00007ffc2fb9d000 	C:\Windows\System32\DriverStore\FileRepository\nv_dispi.inf_amd64_14c40086f8e718c9\nvoglv64.dll
0x00007ffc93160000 - 0x00007ffc935d4000 	C:\Windows\System32\SETUPAPI.dll
0x00007ffc937b0000 - 0x00007ffc9394c000 	C:\Windows\System32\ole32.dll
0x00007ffc8f150000 - 0x00007ffc8f164000 	C:\Windows\SYSTEM32\WTSAPI32.dll
0x00007ffc91e40000 - 0x00007ffc91e52000 	C:\Windows\SYSTEM32\msasn1.dll
0x00007ffc846c0000 - 0x00007ffc846f2000 	C:\Windows\SYSTEM32\cryptnet.dll
0x00007ffc923f0000 - 0x00007ffc92557000 	C:\Windows\System32\CRYPT32.dll
0x00007ffc84560000 - 0x00007ffc846b8000 	C:\Windows\SYSTEM32\drvstore.dll
0x00007ffc91e10000 - 0x00007ffc91e3c000 	C:\Windows\SYSTEM32\devobj.dll
0x00007ffc91e60000 - 0x00007ffc91eae000 	C:\Windows\SYSTEM32\CFGMGR32.dll
0x00007ffc91a20000 - 0x00007ffc91a6b000 	C:\Windows\SYSTEM32\wldp.dll
0x00007ffc92380000 - 0x00007ffc923eb000 	C:\Windows\System32\WINTRUST.dll
0x00007ffc912c0000 - 0x00007ffc912f4000 	C:\Windows\SYSTEM32\ntmarta.dll
0x00007ffc56240000 - 0x00007ffc56511000 	C:\Windows\system32\nvspcap64.dll
0x00007ffc8f5e0000 - 0x00007ffc8f60b000 	C:\Windows\SYSTEM32\dwmapi.dll
0x00007ffc91060000 - 0x00007ffc910ad000 	C:\Windows\SYSTEM32\powrprof.dll
0x00007ffc91040000 - 0x00007ffc91053000 	C:\Windows\SYSTEM32\UMPDC.dll
0x00007ffc90c90000 - 0x00007ffc90cf6000 	C:\Windows\SYSTEM32\WINSTA.dll

dbghelp: loaded successfully - version: 4.0.5 - missing functions: none
symbol engine: initialized successfully - sym options: 0x614 - pdb path: .;C:\Users\redfa\.jdks\corretto-11.0.20.1\bin;C:\Windows\SYSTEM32;C:\Windows\WinSxS\amd64_microsoft.windows.common-controls_6595b64144ccf1df_6.0.22621.2070_none_2713e6537381f706;C:\Users\redfa\.jdks\corretto-11.0.20.1\bin\server;C:\Users\redfa\AppData\Local\Temp;C:\Windows\System32\DriverStore\FileRepository\nv_dispi.inf_amd64_14c40086f8e718c9

VM Arguments:
jvm_args: -Dorg.gradle.native=false -Xmx512m -Dfile.encoding=windows-1251 -Duser.country=RU -Duser.language=ru -Duser.variant -ea 
java_command: worker.org.gradle.process.internal.worker.GradleWorkerMain 'Gradle Test Executor 1'
java_class_path (initial): C:\\Users\\redfa\\.gradle\\caches\\6.9\\workerMain\\gradle-worker.jar;D:\\Projects\\kotlin\\offscreen-jgl\\build\\classes\\java\\test;D:\\Projects\\kotlin\\offscreen-jgl\\build\\classes\\kotlin\\test;D:\\Projects\\kotlin\\offscreen-jgl\\build\\resources\\test;D:\\Projects\\kotlin\\offscreen-jgl\\build\\classes\\java\\main;D:\\Projects\\kotlin\\offscreen-jgl\\build\\classes\\kotlin\\main;D:\\Projects\\kotlin\\offscreen-jgl\\build\\resources\\main;C:\\Users\\redfa\\.gradle\\caches\\modules-2\\files-2.1\\org.jetbrains.kotlin\\kotlin-stdlib-jdk8\\1.6.21\\eeb4d60d75e9ea9c11200d52974e522793b14fba\\kotlin-stdlib-jdk8-1.6.21.jar;C:\\Users\\redfa\\.gradle\\caches\\modules-2\\files-2.1\\org.junit.platform\\junit-platform-engine\\1.8.2\\b737de09f19864bd136805c84df7999a142fec29\\junit-platform-engine-1.8.2.jar;C:\\Users\\redfa\\.gradle\\caches\\modules-2\\files-2.1\\org.junit.platform\\junit-platform-commons\\1.8.2\\32c8b8617c1342376fd5af2053da6410d8866861\\junit-platform-commons-1.8.2.jar;C:\\Users\\redfa\\.gradle\\caches\\modules-2\\files-2.1\\org.junit.jupiter\\junit-jupiter-engine\\5.8.2\\c598b4328d2f397194d11df3b1648d68d7d990e3\\junit-jupiter-engine-5.8.2.jar;C:\\Users\\redfa\\.gradle\\caches\\modules-2\\files-2.1\\org.junit.jupiter\\junit-jupiter-api\\5.8.2\\4c21029217adf07e4c0d0c5e192b6bf610c94bdc\\junit-jupiter-api-5.8.2.jar;C:\\Users\\redfa\\.gradle\\caches\\modules-2\\files-2.1\\org.jetbrains.kotlin\\kotlin-stdlib-jdk7\\1.6.21\\568c1b78a8e17a4f35b31f0a74e2916095ed74c2\\kotlin-stdlib-jdk7-1.6.21.jar;C:\\Users\\redfa\\.gradle\\caches\\modules-2\\files-2.1\\org.jetbrains.kotlin\\kotlin-stdlib\\1.6.21\\11ef67f1900634fd951bad28c53ec957fabbe5b8\\kotlin-stdlib-1.6.21.jar;C:\\Users\\redfa\\.gradle\\caches\\modules-2\\files-2.1\\org.opentest4j\\opentest4j\\1.2.0\\28c11eb91f9b6d8e200631d46e20a7f407f2a046\\opentest4j-1.2.0.jar;C:\\Users\\redfa\\.gradle\\caches\\modules-2\\files-2.1\\org.jetbrains.kotlin\\kotlin-stdlib-common\\1.6.21\\5e5b55c26dbc8037
Launcher Type: SUN_STANDARD

[Global flags]
     intx CICompilerCount                          = 4                                         {product} {ergonomic}
     uint ConcGCThreads                            = 2                                         {product} {ergonomic}
     uint G1ConcRefinementThreads                  = 8                                         {product} {ergonomic}
   size_t G1HeapRegionSize                         = 1048576                                   {product} {ergonomic}
    uintx GCDrainStackTargetSize                   = 64                                        {product} {ergonomic}
   size_t InitialHeapSize                          = 268435456                                 {product} {ergonomic}
   size_t MarkStackSize                            = 4194304                                   {product} {ergonomic}
   size_t MaxHeapSize                              = 536870912                                 {product} {command line}
   size_t MaxNewSize                               = 321912832                                 {product} {ergonomic}
   size_t MinHeapDeltaBytes                        = 1048576                                   {product} {ergonomic}
    uintx NonNMethodCodeHeapSize                   = 5836300                                {pd product} {ergonomic}
    uintx NonProfiledCodeHeapSize                  = 122910970                              {pd product} {ergonomic}
    uintx ProfiledCodeHeapSize                     = 122910970                              {pd product} {ergonomic}
    uintx ReservedCodeCacheSize                    = 251658240                              {pd product} {ergonomic}
     bool SegmentedCodeCache                       = true                                      {product} {ergonomic}
     bool UseCompressedClassPointers               = true                                 {lp64_product} {ergonomic}
     bool UseCompressedOops                        = true                                 {lp64_product} {ergonomic}
     bool UseG1GC                                  = true                                      {product} {ergonomic}
     bool UseLargePagesIndividualAllocation        = false                                  {pd product} {ergonomic}

Logging:
Log output configuration:
 #0: stdout all=warning uptime,level,tags
 #1: stderr all=off uptime,level,tags

Environment Variables:
JAVA_HOME=C:\Users\redfa\.jdks\liberica-17.0.8.1
PATH=C:\Windows\system32;C:\Windows;C:\Windows\System32\Wbem;C:\Windows\System32\WindowsPowerShell\v1.0\;C:\Windows\System32\OpenSSH\;C:\Program Files\NVIDIA Corporation\NVIDIA NvDLISR;C:\Program Files (x86)\NVIDIA Corporation\PhysX\Common;C:\Program Files\nodejs\;C:\Program Files\Git\cmd;C:\Program Files (x86)\Windows Kits\10\Windows Performance Toolkit\;C:\Program Files\PuTTY\;C:\Program Files\CMake\bin;C:\Users\redfa\AppData\Local\Microsoft\WindowsApps;C:\Users\redfa\AppData\Roaming\npm;D:\Apps\IntelliJ IDEA 2023.2\bin;;C:\MinGW\bin;
USERNAME=redfa
OS=Windows_NT
PROCESSOR_IDENTIFIER=AMD64 Family 21 Model 2 Stepping 0, AuthenticAMD
TMP=C:\Users\redfa\AppData\Local\Temp
TEMP=C:\Users\redfa\AppData\Local\Temp



---------------  S Y S T E M  ---------------

OS: Windows 11 , 64 bit Build 22621 (10.0.22621.2070)
OS uptime: 18 days 6:55 hours

CPU:total 8 (initial active 8) (8 cores per cpu, 1 threads per core) family 21 model 2 stepping 0 microcode 0x0, cmov, cx8, fxsr, mmx, sse, sse2, sse3, ssse3, sse4.1, sse4.2, popcnt, avx, aes, clmul, mmxext, 3dnowpref, lzcnt, sse4a, tsc, tscinvbit, tscinv, bmi1, fma

Memory: 4k page, system-wide physical 16326M (5621M free)
TotalPageFile size 18502M (AvailPageFile size 2256M)
current process WorkingSet (physical memory assigned to process): 121M, peak: 121M
current process commit charge ("private bytes"): 392M, peak: 392M

vm_info: OpenJDK 64-Bit Server VM (11.0.20.1+9-LTS) for windows-amd64 JRE (11.0.20.1+9-LTS), built on Aug 19 2023 03:46:24 by "Administrator" with MS VC++ 15.9 (VS2017)

END.
