#
# A fatal error has been detected by the Java Runtime Environment:
#
#  EXCEPTION_ACCESS_VIOLATION (0xc0000005) at pc=0x0000000000000000, pid=15040, tid=18672
#
# JRE version: OpenJDK Runtime Environment Corretto-11.0.20.9.1 (11.0.20.1+9) (build 11.0.20.1+9-LTS)
# Java VM: OpenJDK 64-Bit Server VM Corretto-11.0.20.9.1 (11.0.20.1+9-LTS, mixed mode, tiered, compressed oops, g1 gc, windows-amd64)
# Problematic frame:
# C  0x0000000000000000
#
# No core dump will be written. Minidumps are not enabled by default on client versions of Windows
#
# If you would like to submit a bug report, please visit:
#   https://github.com/corretto/corretto-11/issues/
# The crash happened outside the Java Virtual Machine in native code.
# See problematic frame for where to report the bug.
#

---------------  S U M M A R Y ------------

Command Line: -Dorg.gradle.native=false -Xmx512m -Dfile.encoding=windows-1251 -Duser.country=RU -Duser.language=ru -Duser.variant -ea worker.org.gradle.process.internal.worker.GradleWorkerMain 'Gradle Test Executor 6'

Host: AMD FX(tm)-8350 Eight-Core Processor           , 8 cores, 15G,  Windows 11 , 64 bit Build 22621 (10.0.22621.2070)
Time: Mon Aug 28 16:33:29 2023 RTZ 2 (s 11 , 64 bit Build 22621 (10.0.22621.2070) elapsed time: 1.411206 seconds (0d 0h 0m 1s)

---------------  T H R E A D  ---------------

Current thread (0x0000027bfad85000):  JavaThread "Test worker" [_thread_in_native, id=18672, stack(0x000000898cd00000,0x000000898ce00000)]

Stack: [0x000000898cd00000,0x000000898ce00000],  sp=0x000000898cdfad78,  free space=1003k
Native frames: (J=compiled Java code, j=interpreted, Vv=VM code, C=native code)

Java frames: (J=compiled Java code, j=interpreted, Vv=VM code)
j  com.huskerdev.ojgl.GLMin.glFinish()V+0
j  com.huskerdev.ojgl.GLMin$Companion.glFinish()V+0
j  com.husker.ojgl.OJGLTest.testFunctions()V+101
v  ~StubRoutines::call_stub
j  jdk.internal.reflect.NativeMethodAccessorImpl.invoke0(Ljava/lang/reflect/Method;Ljava/lang/Object;[Ljava/lang/Object;)Ljava/lang/Object;+0 java.base@11.0.20.1
j  jdk.internal.reflect.NativeMethodAccessorImpl.invoke(Ljava/lang/Object;[Ljava/lang/Object;)Ljava/lang/Object;+100 java.base@11.0.20.1
j  jdk.internal.reflect.DelegatingMethodAccessorImpl.invoke(Ljava/lang/Object;[Ljava/lang/Object;)Ljava/lang/Object;+6 java.base@11.0.20.1
j  java.lang.reflect.Method.invoke(Ljava/lang/Object;[Ljava/lang/Object;)Ljava/lang/Object;+59 java.base@11.0.20.1
j  org.junit.platform.commons.util.ReflectionUtils.invokeMethod(Ljava/lang/reflect/Method;Ljava/lang/Object;[Ljava/lang/Object;)Ljava/lang/Object;+42
j  org.junit.jupiter.engine.execution.MethodInvocation.proceed()Ljava/lang/Object;+16
j  org.junit.jupiter.engine.execution.InvocationInterceptorChain$ValidatingInvocation.proceed()Ljava/lang/Object;+8
j  org.junit.jupiter.engine.extension.TimeoutExtension.intercept(Lorg/junit/jupiter/api/extension/InvocationInterceptor$Invocation;Lorg/junit/jupiter/api/extension/ReflectiveInvocationContext;Lorg/junit/jupiter/api/extension/ExtensionContext;Lorg/junit/jupiter/engine/extension/TimeoutDuration;Lorg/junit/jupiter/engine/extension/TimeoutExtension$TimeoutProvider;)Ljava/lang/Object;+28
j  org.junit.jupiter.engine.extension.TimeoutExtension.interceptTestableMethod(Lorg/junit/jupiter/api/extension/InvocationInterceptor$Invocation;Lorg/junit/jupiter/api/extension/ReflectiveInvocationContext;Lorg/junit/jupiter/api/extension/ExtensionContext;Lorg/junit/jupiter/engine/extension/TimeoutExtension$TimeoutProvider;)Ljava/lang/Object;+31
j  org.junit.jupiter.engine.extension.TimeoutExtension.interceptTestMethod(Lorg/junit/jupiter/api/extension/InvocationInterceptor$Invocation;Lorg/junit/jupiter/api/extension/ReflectiveInvocationContext;Lorg/junit/jupiter/api/extension/ExtensionContext;)V+9
j  org.junit.jupiter.engine.descriptor.TestMethodTestDescriptor$$Lambda$161.apply(Lorg/junit/jupiter/api/extension/InvocationInterceptor;Lorg/junit/jupiter/api/extension/InvocationInterceptor$Invocation;Lorg/junit/jupiter/api/extension/ReflectiveInvocationContext;Lorg/junit/jupiter/api/extension/ExtensionContext;)V+5
j  org.junit.jupiter.engine.execution.ExecutableInvoker$ReflectiveInterceptorCall.lambda$ofVoidMethod$0(Lorg/junit/jupiter/engine/execution/ExecutableInvoker$ReflectiveInterceptorCall$VoidMethodInterceptorCall;Lorg/junit/jupiter/api/extension/InvocationInterceptor;Lorg/junit/jupiter/api/extension/InvocationInterceptor$Invocation;Lorg/junit/jupiter/api/extension/ReflectiveInvocationContext;Lorg/junit/jupiter/api/extension/ExtensionContext;)Ljava/lang/Void;+6
j  org.junit.jupiter.engine.execution.ExecutableInvoker$ReflectiveInterceptorCall$$Lambda$162.apply(Lorg/junit/jupiter/api/extension/InvocationInterceptor;Lorg/junit/jupiter/api/extension/InvocationInterceptor$Invocation;Lorg/junit/jupiter/api/extension/ReflectiveInvocationContext;Lorg/junit/jupiter/api/extension/ExtensionContext;)Ljava/lang/Object;+9
j  org.junit.jupiter.engine.execution.ExecutableInvoker.lambda$invoke$0(Lorg/junit/jupiter/engine/execution/ExecutableInvoker$ReflectiveInterceptorCall;Lorg/junit/jupiter/api/extension/ReflectiveInvocationContext;Lorg/junit/jupiter/api/extension/ExtensionContext;Lorg/junit/jupiter/api/extension/InvocationInterceptor;Lorg/junit/jupiter/api/extension/InvocationInterceptor$Invocation;)Ljava/lang/Object;+6
j  org.junit.jupiter.engine.execution.ExecutableInvoker$$Lambda$311.apply(Lorg/junit/jupiter/api/extension/InvocationInterceptor;Lorg/junit/jupiter/api/extension/InvocationInterceptor$Invocation;)Ljava/lang/Object;+14
j  org.junit.jupiter.engine.execution.InvocationInterceptorChain$InterceptedInvocation.proceed()Ljava/lang/Object;+12
j  org.junit.jupiter.engine.execution.InvocationInterceptorChain.proceed(Lorg/junit/jupiter/api/extension/InvocationInterceptor$Invocation;)Ljava/lang/Object;+1
j  org.junit.jupiter.engine.execution.InvocationInterceptorChain.chainAndInvoke(Lorg/junit/jupiter/api/extension/InvocationInterceptor$Invocation;Lorg/junit/jupiter/engine/execution/InvocationInterceptorChain$InterceptorCall;Ljava/util/List;)Ljava/lang/Object;+24
j  org.junit.jupiter.engine.execution.InvocationInterceptorChain.invoke(Lorg/junit/jupiter/api/extension/InvocationInterceptor$Invocation;Lorg/junit/jupiter/engine/extension/ExtensionRegistry;Lorg/junit/jupiter/engine/execution/InvocationInterceptorChain$InterceptorCall;)Ljava/lang/Object;+31
j  org.junit.jupiter.engine.execution.ExecutableInvoker.invoke(Lorg/junit/jupiter/api/extension/InvocationInterceptor$Invocation;Lorg/junit/jupiter/api/extension/ReflectiveInvocationContext;Lorg/junit/jupiter/api/extension/ExtensionContext;Lorg/junit/jupiter/engine/extension/ExtensionRegistry;Lorg/junit/jupiter/engine/execution/ExecutableInvoker$ReflectiveInterceptorCall;)Ljava/lang/Object;+15
j  org.junit.jupiter.engine.execution.ExecutableInvoker.invoke(Ljava/lang/reflect/Method;Ljava/lang/Object;Lorg/junit/jupiter/api/extension/ExtensionContext;Lorg/junit/jupiter/engine/extension/ExtensionRegistry;Lorg/junit/jupiter/engine/execution/ExecutableInvoker$ReflectiveInterceptorCall;)Ljava/lang/Object;+56
j  org.junit.jupiter.engine.descriptor.TestMethodTestDescriptor.lambda$invokeTestMethod$7(Lorg/junit/jupiter/api/extension/ExtensionContext;Lorg/junit/jupiter/engine/execution/JupiterEngineExecutionContext;)V+28
j  org.junit.jupiter.engine.descriptor.TestMethodTestDescriptor$$Lambda$323.execute()V+12
j  org.junit.platform.engine.support.hierarchical.ThrowableCollector.execute(Lorg/junit/platform/engine/support/hierarchical/ThrowableCollector$Executable;)V+1
j  org.junit.jupiter.engine.descriptor.TestMethodTestDescriptor.invokeTestMethod(Lorg/junit/jupiter/engine/execution/JupiterEngineExecutionContext;Lorg/junit/platform/engine/support/hierarchical/Node$DynamicTestExecutor;)V+21
j  org.junit.jupiter.engine.descriptor.TestMethodTestDescriptor.execute(Lorg/junit/jupiter/engine/execution/JupiterEngineExecutionContext;Lorg/junit/platform/engine/support/hierarchical/Node$DynamicTestExecutor;)Lorg/junit/jupiter/engine/execution/JupiterEngineExecutionContext;+44
j  org.junit.jupiter.engine.descriptor.TestMethodTestDescriptor.execute(Lorg/junit/platform/engine/support/hierarchical/EngineExecutionContext;Lorg/junit/platform/engine/support/hierarchical/Node$DynamicTestExecutor;)Lorg/junit/platform/engine/support/hierarchical/EngineExecutionContext;+6
j  org.junit.platform.engine.support.hierarchical.NodeTestTask.lambda$executeRecursively$6()V+79
j  org.junit.platform.engine.support.hierarchical.NodeTestTask$$Lambda$251.execute()V+4
j  org.junit.platform.engine.support.hierarchical.ThrowableCollector.execute(Lorg/junit/platform/engine/support/hierarchical/ThrowableCollector$Executable;)V+1
j  org.junit.platform.engine.support.hierarchical.NodeTestTask.lambda$executeRecursively$8(Lorg/junit/platform/engine/support/hierarchical/EngineExecutionContext;)V+15
j  org.junit.platform.engine.support.hierarchical.NodeTestTask$$Lambda$250.invoke(Lorg/junit/platform/engine/support/hierarchical/EngineExecutionContext;)V+5
j  org.junit.platform.engine.support.hierarchical.Node.around(Lorg/junit/platform/engine/support/hierarchical/EngineExecutionContext;Lorg/junit/platform/engine/support/hierarchical/Node$Invocation;)V+2
j  org.junit.platform.engine.support.hierarchical.NodeTestTask.lambda$executeRecursively$9()V+14
j  org.junit.platform.engine.support.hierarchical.NodeTestTask$$Lambda$249.execute()V+4
j  org.junit.platform.engine.support.hierarchical.ThrowableCollector.execute(Lorg/junit/platform/engine/support/hierarchical/ThrowableCollector$Executable;)V+1
j  org.junit.platform.engine.support.hierarchical.NodeTestTask.executeRecursively()V+31
j  org.junit.platform.engine.support.hierarchical.NodeTestTask.execute()V+55
j  org.junit.platform.engine.support.hierarchical.SameThreadHierarchicalTestExecutorService$$Lambda$255.accept(Ljava/lang/Object;)V+4
j  java.util.ArrayList.forEach(Ljava/util/function/Consumer;)V+46 java.base@11.0.20.1
j  org.junit.platform.engine.support.hierarchical.SameThreadHierarchicalTestExecutorService.invokeAll(Ljava/util/List;)V+6
j  org.junit.platform.engine.support.hierarchical.NodeTestTask.lambda$executeRecursively$6()V+116
j  org.junit.platform.engine.support.hierarchical.NodeTestTask$$Lambda$251.execute()V+4
j  org.junit.platform.engine.support.hierarchical.ThrowableCollector.execute(Lorg/junit/platform/engine/support/hierarchical/ThrowableCollector$Executable;)V+1
j  org.junit.platform.engine.support.hierarchical.NodeTestTask.lambda$executeRecursively$8(Lorg/junit/platform/engine/support/hierarchical/EngineExecutionContext;)V+15
j  org.junit.platform.engine.support.hierarchical.NodeTestTask$$Lambda$250.invoke(Lorg/junit/platform/engine/support/hierarchical/EngineExecutionContext;)V+5
j  org.junit.platform.engine.support.hierarchical.Node.around(Lorg/junit/platform/engine/support/hierarchical/EngineExecutionContext;Lorg/junit/platform/engine/support/hierarchical/Node$Invocation;)V+2
j  org.junit.platform.engine.support.hierarchical.NodeTestTask.lambda$executeRecursively$9()V+14
j  org.junit.platform.engine.support.hierarchical.NodeTestTask$$Lambda$249.execute()V+4
j  org.junit.platform.engine.support.hierarchical.ThrowableCollector.execute(Lorg/junit/platform/engine/support/hierarchical/ThrowableCollector$Executable;)V+1
j  org.junit.platform.engine.support.hierarchical.NodeTestTask.executeRecursively()V+31
j  org.junit.platform.engine.support.hierarchical.NodeTestTask.execute()V+55
j  org.junit.platform.engine.support.hierarchical.SameThreadHierarchicalTestExecutorService$$Lambda$255.accept(Ljava/lang/Object;)V+4
j  java.util.ArrayList.forEach(Ljava/util/function/Consumer;)V+46 java.base@11.0.20.1
j  org.junit.platform.engine.support.hierarchical.SameThreadHierarchicalTestExecutorService.invokeAll(Ljava/util/List;)V+6
j  org.junit.platform.engine.support.hierarchical.NodeTestTask.lambda$executeRecursively$6()V+116
j  org.junit.platform.engine.support.hierarchical.NodeTestTask$$Lambda$251.execute()V+4
j  org.junit.platform.engine.support.hierarchical.ThrowableCollector.execute(Lorg/junit/platform/engine/support/hierarchical/ThrowableCollector$Executable;)V+1
j  org.junit.platform.engine.support.hierarchical.NodeTestTask.lambda$executeRecursively$8(Lorg/junit/platform/engine/support/hierarchical/EngineExecutionContext;)V+15
j  org.junit.platform.engine.support.hierarchical.NodeTestTask$$Lambda$250.invoke(Lorg/junit/platform/engine/support/hierarchical/EngineExecutionContext;)V+5
j  org.junit.platform.engine.support.hierarchical.Node.around(Lorg/junit/platform/engine/support/hierarchical/EngineExecutionContext;Lorg/junit/platform/engine/support/hierarchical/Node$Invocation;)V+2
j  org.junit.platform.engine.support.hierarchical.NodeTestTask.lambda$executeRecursively$9()V+14
j  org.junit.platform.engine.support.hierarchical.NodeTestTask$$Lambda$249.execute()V+4
j  org.junit.platform.engine.support.hierarchical.ThrowableCollector.execute(Lorg/junit/platform/engine/support/hierarchical/ThrowableCollector$Executable;)V+1
j  org.junit.platform.engine.support.hierarchical.NodeTestTask.executeRecursively()V+31
j  org.junit.platform.engine.support.hierarchical.NodeTestTask.execute()V+55
j  org.junit.platform.engine.support.hierarchical.SameThreadHierarchicalTestExecutorService.submit(Lorg/junit/platform/engine/support/hierarchical/HierarchicalTestExecutorService$TestTask;)Ljava/util/concurrent/Future;+1
j  org.junit.platform.engine.support.hierarchical.HierarchicalTestExecutor.execute()Ljava/util/concurrent/Future;+74
j  org.junit.platform.engine.support.hierarchical.HierarchicalTestEngine.execute(Lorg/junit/platform/engine/ExecutionRequest;)V+31
j  org.junit.platform.launcher.core.EngineExecutionOrchestrator.execute(Lorg/junit/platform/engine/TestDescriptor;Lorg/junit/platform/engine/EngineExecutionListener;Lorg/junit/platform/engine/ConfigurationParameters;Lorg/junit/platform/engine/TestEngine;)V+24
j  org.junit.platform.launcher.core.EngineExecutionOrchestrator.execute(Lorg/junit/platform/launcher/core/LauncherDiscoveryResult;Lorg/junit/platform/engine/EngineExecutionListener;)V+86
j  org.junit.platform.launcher.core.EngineExecutionOrchestrator.lambda$execute$0(Lorg/junit/platform/launcher/core/InternalTestPlan;Lorg/junit/platform/launcher/core/LauncherDiscoveryResult;Lorg/junit/platform/launcher/TestExecutionListener;)V+18
j  org.junit.platform.launcher.core.EngineExecutionOrchestrator$$Lambda$209.accept(Ljava/lang/Object;)V+16
j  org.junit.platform.launcher.core.EngineExecutionOrchestrator.withInterceptedStreams(Lorg/junit/platform/engine/ConfigurationParameters;Lorg/junit/platform/launcher/core/TestExecutionListenerRegistry;Ljava/util/function/Consumer;)V+43
j  org.junit.platform.launcher.core.EngineExecutionOrchestrator.execute(Lorg/junit/platform/launcher/core/InternalTestPlan;[Lorg/junit/platform/launcher/TestExecutionListener;)V+35
j  org.junit.platform.launcher.core.DefaultLauncher.execute(Lorg/junit/platform/launcher/core/InternalTestPlan;[Lorg/junit/platform/launcher/TestExecutionListener;)V+6
j  org.junit.platform.launcher.core.DefaultLauncher.execute(Lorg/junit/platform/launcher/LauncherDiscoveryRequest;[Lorg/junit/platform/launcher/TestExecutionListener;)V+33
j  org.gradle.api.internal.tasks.testing.junitplatform.JUnitPlatformTestClassProcessor$CollectAllTestClassesExecutor.processAllTestClasses()V+58
j  org.gradle.api.internal.tasks.testing.junitplatform.JUnitPlatformTestClassProcessor$CollectAllTestClassesExecutor.access$000(Lorg/gradle/api/internal/tasks/testing/junitplatform/JUnitPlatformTestClassProcessor$CollectAllTestClassesExecutor;)V+1
j  org.gradle.api.internal.tasks.testing.junitplatform.JUnitPlatformTestClassProcessor.stop()V+4
j  org.gradle.api.internal.tasks.testing.SuiteTestClassProcessor.stop()V+4
v  ~StubRoutines::call_stub
j  jdk.internal.reflect.NativeMethodAccessorImpl.invoke0(Ljava/lang/reflect/Method;Ljava/lang/Object;[Ljava/lang/Object;)Ljava/lang/Object;+0 java.base@11.0.20.1
j  jdk.internal.reflect.NativeMethodAccessorImpl.invoke(Ljava/lang/Object;[Ljava/lang/Object;)Ljava/lang/Object;+100 java.base@11.0.20.1
j  jdk.internal.reflect.DelegatingMethodAccessorImpl.invoke(Ljava/lang/Object;[Ljava/lang/Object;)Ljava/lang/Object;+6 java.base@11.0.20.1
j  java.lang.reflect.Method.invoke(Ljava/lang/Object;[Ljava/lang/Object;)Ljava/lang/Object;+59 java.base@11.0.20.1
j  org.gradle.internal.dispatch.ReflectionDispatch.dispatch(Lorg/gradle/internal/dispatch/MethodInvocation;)V+19
j  org.gradle.internal.dispatch.ReflectionDispatch.dispatch(Ljava/lang/Object;)V+5
j  org.gradle.internal.dispatch.ContextClassLoaderDispatch.dispatch(Ljava/lang/Object;)V+22
j  org.gradle.internal.dispatch.ProxyDispatchAdapter$DispatchingInvocationHandler.invoke(Ljava/lang/Object;Ljava/lang/reflect/Method;[Ljava/lang/Object;)Ljava/lang/Object;+177
j  com.sun.proxy.$Proxy2.stop()V+9
j  org.gradle.api.internal.tasks.testing.worker.TestWorker.stop()V+12
v  ~StubRoutines::call_stub
j  jdk.internal.reflect.NativeMethodAccessorImpl.invoke0(Ljava/lang/reflect/Method;Ljava/lang/Object;[Ljava/lang/Object;)Ljava/lang/Object;+0 java.base@11.0.20.1
j  jdk.internal.reflect.NativeMethodAccessorImpl.invoke(Ljava/lang/Object;[Ljava/lang/Object;)Ljava/lang/Object;+100 java.base@11.0.20.1
j  jdk.internal.reflect.DelegatingMethodAccessorImpl.invoke(Ljava/lang/Object;[Ljava/lang/Object;)Ljava/lang/Object;+6 java.base@11.0.20.1
j  java.lang.reflect.Method.invoke(Ljava/lang/Object;[Ljava/lang/Object;)Ljava/lang/Object;+59 java.base@11.0.20.1
j  org.gradle.internal.dispatch.ReflectionDispatch.dispatch(Lorg/gradle/internal/dispatch/MethodInvocation;)V+19
j  org.gradle.internal.dispatch.ReflectionDispatch.dispatch(Ljava/lang/Object;)V+5
j  org.gradle.internal.remote.internal.hub.MessageHubBackedObjectConnection$DispatchWrapper.dispatch(Lorg/gradle/internal/dispatch/MethodInvocation;)V+5
j  org.gradle.internal.remote.internal.hub.MessageHubBackedObjectConnection$DispatchWrapper.dispatch(Ljava/lang/Object;)V+5
j  org.gradle.internal.remote.internal.hub.MessageHub$Handler.run()V+174
j  org.gradle.internal.concurrent.ExecutorPolicy$CatchAndRecordFailures.onExecute(Ljava/lang/Runnable;)V+1
j  org.gradle.internal.concurrent.ManagedExecutorImpl$1.run()V+25
j  java.util.concurrent.ThreadPoolExecutor.runWorker(Ljava/util/concurrent/ThreadPoolExecutor$Worker;)V+92 java.base@11.0.20.1
j  java.util.concurrent.ThreadPoolExecutor$Worker.run()V+5 java.base@11.0.20.1
j  org.gradle.internal.concurrent.ThreadFactoryImpl$ManagedThreadRunnable.run()V+7
j  java.lang.Thread.run()V+11 java.base@11.0.20.1
v  ~StubRoutines::call_stub

siginfo: EXCEPTION_ACCESS_VIOLATION (0xc0000005), data execution prevention violation at address 0x0000000000000000


Register to memory mapping:

RIP=0x0 is NULL
RAX=0x00007ffc85f3185c ojgl-x64.dll
RBX={method} {0x0000027bfcaeb390} 'glFinish' '()V' in 'com/huskerdev/ojgl/GLMin'
RCX=0x0000027bfad85348 points into unknown readable memory: 0x00007ffc3fc6beb0 | b0 be c6 3f fc 7f 00 00
RDX=0x000000898cdfadf8 is pointing into the stack for thread: 0x0000027bfad85000
RSP=0x000000898cdfad78 is pointing into the stack for thread: 0x0000027bfad85000
RBP=0x000000898cdfade8 is pointing into the stack for thread: 0x0000027bfad85000
RSI=0x0 is NULL
RDI=0x0000027be6c1a4c3 is at code_begin+2307 in an Interpreter codelet
invoke return entry points  [0x0000027be6c19bc0, 0x0000027be6c1a5a0]  2528 bytes
R8 =0x000000000000000a is an unknown value
R9 =0x000000000000000a is an unknown value
R10=0x0000027be6c1f6a8 is at code_begin+1000 in an Interpreter codelet
method entry point (kind = native)  [0x0000027be6c1f2c0, 0x0000027be6c1fd60]  2720 bytes
R11=0x00000000efb0b8d0 is an oop: java.lang.Class 
{0x00000000efb0b8d0} - klass: 'java/lang/Class'
 - ---- fields (total size 15 words):
 - private volatile transient strict 'cachedConstructor' 'Ljava/lang/reflect/Constructor;' @12  NULL (0)
 - private volatile transient strict 'newInstanceCallerCache' 'Ljava/lang/Class;' @16  NULL (0)
 - private transient 'name' 'Ljava/lang/String;' @20  "com.huskerdev.ojgl.GLMin"{0x00000000efb0b958} (efb0b958)
 - private transient 'module' 'Ljava/lang/Module;' @24  a 'java/lang/Module'{0x00000000ee702d38} (ee702d38)
 - private final 'classLoader' 'Ljava/lang/ClassLoader;' @28  a 'jdk/internal/loader/ClassLoaders$AppClassLoader'{0x00000000ee700000} (ee700000)
 - private transient 'packageName' 'Ljava/lang/String;' @32  "com.huskerdev.ojgl"{0x00000000efdd2270} (efdd2270)
 - private final strict 'componentType' 'Ljava/lang/Class;' @36  NULL (0)
 - private volatile transient strict 'reflectionData' 'Ljava/lang/ref/SoftReference;' @40  NULL (0)
 - private volatile transient 'genericInfo' 'Lsun/reflect/generics/repository/ClassRepository;' @44  NULL (0)
 - private volatile transient strict 'enumConstants' '[Ljava/lang/Object;' @48  NULL (0)
 - private volatile transient strict 'enumConstantDirectory' 'Ljava/util/Map;' @52  NULL (0)
 - private volatile transient 'annotationData' 'Ljava/lang/Class$AnnotationData;' @56  NULL (0)
 - private volatile transient 'annotationType' 'Lsun/reflect/annotation/AnnotationType;' @60  NULL (0)
 - transient 'classValueMap' 'Ljava/lang/ClassValue$ClassValueMap;' @64  NULL (0)
 - private volatile transient 'classRedefinedCount' 'I' @96  0
 - signature: Lcom/huskerdev/ojgl/GLMin;
 - fake entry for mirror: 'com/huskerdev/ojgl/GLMin'
 - fake entry for array: NULL
 - fake entry for oop_size: 15
 - fake entry for static_oop_field_count: 1
 - public static final 'Companion' 'Lcom/huskerdev/ojgl/GLMin$Companion;' @112  a 'com/huskerdev/ojgl/GLMin$Companion'{0x00000000efb0edc0} (efb0edc0)
R12=0x0 is NULL
R13=0x0000027bfcaeb380 is pointing into metadata
R14=0x000000898cdfae00 is pointing into the stack for thread: 0x0000027bfad85000
R15=0x0000027bfad85000 is a thread


Registers:
RAX=0x00007ffc85f3185c, RBX=0x0000027bfcaeb388, RCX=0x0000027bfad85348, RDX=0x000000898cdfadf8
RSP=0x000000898cdfad78, RBP=0x000000898cdfade8, RSI=0x0000000000000000, RDI=0x0000027be6c1a4c3
R8 =0x000000000000000a, R9 =0x000000000000000a, R10=0x0000027be6c1f6a8, R11=0x00000000efb0b8d0
R12=0x0000000000000000, R13=0x0000027bfcaeb380, R14=0x000000898cdfae00, R15=0x0000027bfad85000
RIP=0x0000000000000000, EFLAGS=0x0000000000010206

Top of Stack: (sp=0x000000898cdfad78)
0x000000898cdfad78:   0000027be6c1f6d7 0000000000000000
0x000000898cdfad88:   00000000ee726c70 0000027bfcaecc18
0x000000898cdfad98:   0000027be6c1f376 000000898cdfada0
0x000000898cdfada8:   0000027bfcaeb380 000000898cdfae00
0x000000898cdfadb8:   0000027bfcaeb528 0000000000000000
0x000000898cdfadc8:   00000000efb0b8d0 0000027bfcaeb388
0x000000898cdfadd8:   0000000000000000 000000898cdfae08
0x000000898cdfade8:   000000898cdfae50 0000027be6c1a4c3
0x000000898cdfadf8:   00000000efb0b8d0 0000027be6c1c698
0x000000898cdfae08:   000000898cdfae08 0000027bfcaecbf8
0x000000898cdfae18:   000000898cdfae60 0000027bfcaece38
0x000000898cdfae28:   0000000000000000 00000000efb0ecb0
0x000000898cdfae38:   0000027bfcaecc18 000000898cdfae08
0x000000898cdfae48:   000000898cdfae60 000000898cdfaeb0
0x000000898cdfae58:   0000027be6c1a4c3 00000000efb0edc0
0x000000898cdfae68:   000000898cdfae68 0000027bfa11e805 

Instructions: (pc=0x0000000000000000)
0xffffffffffffff00:   


Stack slot to memory mapping:
stack at sp + 0 slots: 0x0000027be6c1f6d7 is at code_begin+1047 in an Interpreter codelet
method entry point (kind = native)  [0x0000027be6c1f2c0, 0x0000027be6c1fd60]  2720 bytes
stack at sp + 1 slots: 0x0 is NULL
stack at sp + 2 slots: 0x00000000ee726c70 is an oop: java.lang.Boolean 
{0x00000000ee726c70} - klass: 'java/lang/Boolean'
 - ---- fields (total size 2 words):
 - private final 'value' 'Z' @12  true
stack at sp + 3 slots: {method} {0x0000027bfcaecc20} 'glFinish' '()V' in 'com/huskerdev/ojgl/GLMin$Companion'
stack at sp + 4 slots: 0x0000027be6c1f376 is at code_begin+182 in an Interpreter codelet
method entry point (kind = native)  [0x0000027be6c1f2c0, 0x0000027be6c1fd60]  2720 bytes
stack at sp + 5 slots: 0x000000898cdfada0 is pointing into the stack for thread: 0x0000027bfad85000
stack at sp + 6 slots: 0x0000027bfcaeb380 is pointing into metadata
stack at sp + 7 slots: 0x000000898cdfae00 is pointing into the stack for thread: 0x0000027bfad85000


---------------  P R O C E S S  ---------------

Threads class SMR info:
_java_thread_list=0x0000027bfa6bea20, length=14, elements={
0x0000027bde499800, 0x0000027bf9cc6000, 0x0000027bf9cc7800, 0x0000027bfa54a000,
0x0000027bfa54b000, 0x0000027bfa54c000, 0x0000027bfa54f800, 0x0000027bfa551800,
0x0000027bfa56d000, 0x0000027bfa6d3000, 0x0000027bfad85000, 0x0000027bfae27800,
0x0000027bfae2a000, 0x0000027bfafab800
}

Java Threads: ( => current thread )
  0x0000027bde499800 JavaThread "main" [_thread_blocked, id=17040, stack(0x000000898bb00000,0x000000898bc00000)]
  0x0000027bf9cc6000 JavaThread "Reference Handler" daemon [_thread_blocked, id=10048, stack(0x000000898c200000,0x000000898c300000)]
  0x0000027bf9cc7800 JavaThread "Finalizer" daemon [_thread_blocked, id=8512, stack(0x000000898c300000,0x000000898c400000)]
  0x0000027bfa54a000 JavaThread "Signal Dispatcher" daemon [_thread_blocked, id=5692, stack(0x000000898c400000,0x000000898c500000)]
  0x0000027bfa54b000 JavaThread "Attach Listener" daemon [_thread_blocked, id=8692, stack(0x000000898c500000,0x000000898c600000)]
  0x0000027bfa54c000 JavaThread "Service Thread" daemon [_thread_blocked, id=5744, stack(0x000000898c600000,0x000000898c700000)]
  0x0000027bfa54f800 JavaThread "C2 CompilerThread0" daemon [_thread_blocked, id=21324, stack(0x000000898c700000,0x000000898c800000)]
  0x0000027bfa551800 JavaThread "C1 CompilerThread0" daemon [_thread_blocked, id=11452, stack(0x000000898c800000,0x000000898c900000)]
  0x0000027bfa56d000 JavaThread "Sweeper thread" daemon [_thread_blocked, id=2776, stack(0x000000898c900000,0x000000898ca00000)]
  0x0000027bfa6d3000 JavaThread "Common-Cleaner" daemon [_thread_blocked, id=19320, stack(0x000000898cb00000,0x000000898cc00000)]
=>0x0000027bfad85000 JavaThread "Test worker" [_thread_in_native, id=18672, stack(0x000000898cd00000,0x000000898ce00000)]
  0x0000027bfae27800 JavaThread "/127.0.0.1:63601 to /127.0.0.1:63600 workers Thread 2" [_thread_blocked, id=612, stack(0x000000898ce00000,0x000000898cf00000)]
  0x0000027bfae2a000 JavaThread "/127.0.0.1:63601 to /127.0.0.1:63600 workers Thread 3" [_thread_in_native, id=13760, stack(0x000000898cf00000,0x000000898d000000)]
  0x0000027bfafab800 JavaThread "C2 CompilerThread1" daemon [_thread_blocked, id=12168, stack(0x000000898d000000,0x000000898d100000)]

Other Threads:
  0x0000027bf9cc3000 VMThread "VM Thread" [stack: 0x000000898c100000,0x000000898c200000] [id=14276]
  0x0000027bfa6c7000 WatcherThread [stack: 0x000000898ca00000,0x000000898cb00000] [id=7848]
  0x0000027bde4b2000 GCTaskThread "GC Thread#0" [stack: 0x000000898bc00000,0x000000898bd00000] [id=17352]
  0x0000027bfba8d800 GCTaskThread "GC Thread#1" [stack: 0x000000898d100000,0x000000898d200000] [id=14436]
  0x0000027bfae84000 GCTaskThread "GC Thread#2" [stack: 0x000000898d200000,0x000000898d300000] [id=20312]
  0x0000027bfb176800 GCTaskThread "GC Thread#3" [stack: 0x000000898d300000,0x000000898d400000] [id=20196]
  0x0000027bfbb89800 GCTaskThread "GC Thread#4" [stack: 0x000000898d400000,0x000000898d500000] [id=19708]
  0x0000027bfbb8a800 GCTaskThread "GC Thread#5" [stack: 0x000000898d500000,0x000000898d600000] [id=10496]
  0x0000027bfba87800 GCTaskThread "GC Thread#6" [stack: 0x000000898d600000,0x000000898d700000] [id=13124]
  0x0000027bfba88800 GCTaskThread "GC Thread#7" [stack: 0x000000898d700000,0x000000898d800000] [id=6652]
  0x0000027bde4c5000 ConcurrentGCThread "G1 Main Marker" [stack: 0x000000898bd00000,0x000000898be00000] [id=776]
  0x0000027bde4c7000 ConcurrentGCThread "G1 Conc#0" [stack: 0x000000898be00000,0x000000898bf00000] [id=8432]
  0x0000027bf9b2a800 ConcurrentGCThread "G1 Refine#0" [stack: 0x000000898bf00000,0x000000898c000000] [id=21440]
  0x0000027bf9b2d000 ConcurrentGCThread "G1 Young RemSet Sampling" [stack: 0x000000898c000000,0x000000898c100000] [id=3516]

Threads with active compile tasks:

VM state:not at safepoint (normal execution)

VM Mutex/Monitor currently owned by a thread: None

Heap address: 0x00000000e0000000, size: 512 MB, Compressed Oops mode: 32-bit
Narrow klass base: 0x0000000000000000, Narrow klass shift: 3
Compressed class space size: 1073741824 Address: 0x0000000100000000

Heap:
 garbage-first heap   total 262144K, used 7903K [0x00000000e0000000, 0x0000000100000000)
  region size 1024K, 8 young (8192K), 3 survivors (3072K)
 Metaspace       used 15787K, capacity 16365K, committed 16640K, reserved 1064960K
  class space    used 1745K, capacity 1950K, committed 2048K, reserved 1048576K
Heap Regions: E=young(eden), S=young(survivor), O=old, HS=humongous(starts), HC=humongous(continues), CS=collection set, F=free, A=archive, TAMS=top-at-mark-start (previous, next)
|   0|0x00000000e0000000, 0x00000000e00b7e00, 0x00000000e0100000| 71%| O|  |TAMS 0x00000000e0000000, 0x00000000e0000000| Untracked 
|   1|0x00000000e0100000, 0x00000000e0100000, 0x00000000e0200000|  0%| F|  |TAMS 0x00000000e0100000, 0x00000000e0100000| Untracked 
|   2|0x00000000e0200000, 0x00000000e0200000, 0x00000000e0300000|  0%| F|  |TAMS 0x00000000e0200000, 0x00000000e0200000| Untracked 
|   3|0x00000000e0300000, 0x00000000e0300000, 0x00000000e0400000|  0%| F|  |TAMS 0x00000000e0300000, 0x00000000e0300000| Untracked 
|   4|0x00000000e0400000, 0x00000000e0400000, 0x00000000e0500000|  0%| F|  |TAMS 0x00000000e0400000, 0x00000000e0400000| Untracked 
|   5|0x00000000e0500000, 0x00000000e0500000, 0x00000000e0600000|  0%| F|  |TAMS 0x00000000e0500000, 0x00000000e0500000| Untracked 
|   6|0x00000000e0600000, 0x00000000e0600000, 0x00000000e0700000|  0%| F|  |TAMS 0x00000000e0600000, 0x00000000e0600000| Untracked 
|   7|0x00000000e0700000, 0x00000000e0700000, 0x00000000e0800000|  0%| F|  |TAMS 0x00000000e0700000, 0x00000000e0700000| Untracked 
|   8|0x00000000e0800000, 0x00000000e0800000, 0x00000000e0900000|  0%| F|  |TAMS 0x00000000e0800000, 0x00000000e0800000| Untracked 
|   9|0x00000000e0900000, 0x00000000e0900000, 0x00000000e0a00000|  0%| F|  |TAMS 0x00000000e0900000, 0x00000000e0900000| Untracked 
|  10|0x00000000e0a00000, 0x00000000e0a00000, 0x00000000e0b00000|  0%| F|  |TAMS 0x00000000e0a00000, 0x00000000e0a00000| Untracked 
|  11|0x00000000e0b00000, 0x00000000e0b00000, 0x00000000e0c00000|  0%| F|  |TAMS 0x00000000e0b00000, 0x00000000e0b00000| Untracked 
|  12|0x00000000e0c00000, 0x00000000e0c00000, 0x00000000e0d00000|  0%| F|  |TAMS 0x00000000e0c00000, 0x00000000e0c00000| Untracked 
|  13|0x00000000e0d00000, 0x00000000e0d00000, 0x00000000e0e00000|  0%| F|  |TAMS 0x00000000e0d00000, 0x00000000e0d00000| Untracked 
|  14|0x00000000e0e00000, 0x00000000e0e00000, 0x00000000e0f00000|  0%| F|  |TAMS 0x00000000e0e00000, 0x00000000e0e00000| Untracked 
|  15|0x00000000e0f00000, 0x00000000e0f00000, 0x00000000e1000000|  0%| F|  |TAMS 0x00000000e0f00000, 0x00000000e0f00000| Untracked 
|  16|0x00000000e1000000, 0x00000000e1000000, 0x00000000e1100000|  0%| F|  |TAMS 0x00000000e1000000, 0x00000000e1000000| Untracked 
|  17|0x00000000e1100000, 0x00000000e1100000, 0x00000000e1200000|  0%| F|  |TAMS 0x00000000e1100000, 0x00000000e1100000| Untracked 
|  18|0x00000000e1200000, 0x00000000e1200000, 0x00000000e1300000|  0%| F|  |TAMS 0x00000000e1200000, 0x00000000e1200000| Untracked 
|  19|0x00000000e1300000, 0x00000000e1300000, 0x00000000e1400000|  0%| F|  |TAMS 0x00000000e1300000, 0x00000000e1300000| Untracked 
|  20|0x00000000e1400000, 0x00000000e1400000, 0x00000000e1500000|  0%| F|  |TAMS 0x00000000e1400000, 0x00000000e1400000| Untracked 
|  21|0x00000000e1500000, 0x00000000e1500000, 0x00000000e1600000|  0%| F|  |TAMS 0x00000000e1500000, 0x00000000e1500000| Untracked 
|  22|0x00000000e1600000, 0x00000000e1600000, 0x00000000e1700000|  0%| F|  |TAMS 0x00000000e1600000, 0x00000000e1600000| Untracked 
|  23|0x00000000e1700000, 0x00000000e1700000, 0x00000000e1800000|  0%| F|  |TAMS 0x00000000e1700000, 0x00000000e1700000| Untracked 
|  24|0x00000000e1800000, 0x00000000e1800000, 0x00000000e1900000|  0%| F|  |TAMS 0x00000000e1800000, 0x00000000e1800000| Untracked 
|  25|0x00000000e1900000, 0x00000000e1900000, 0x00000000e1a00000|  0%| F|  |TAMS 0x00000000e1900000, 0x00000000e1900000| Untracked 
|  26|0x00000000e1a00000, 0x00000000e1a00000, 0x00000000e1b00000|  0%| F|  |TAMS 0x00000000e1a00000, 0x00000000e1a00000| Untracked 
|  27|0x00000000e1b00000, 0x00000000e1b00000, 0x00000000e1c00000|  0%| F|  |TAMS 0x00000000e1b00000, 0x00000000e1b00000| Untracked 
|  28|0x00000000e1c00000, 0x00000000e1c00000, 0x00000000e1d00000|  0%| F|  |TAMS 0x00000000e1c00000, 0x00000000e1c00000| Untracked 
|  29|0x00000000e1d00000, 0x00000000e1d00000, 0x00000000e1e00000|  0%| F|  |TAMS 0x00000000e1d00000, 0x00000000e1d00000| Untracked 
|  30|0x00000000e1e00000, 0x00000000e1e00000, 0x00000000e1f00000|  0%| F|  |TAMS 0x00000000e1e00000, 0x00000000e1e00000| Untracked 
|  31|0x00000000e1f00000, 0x00000000e1f00000, 0x00000000e2000000|  0%| F|  |TAMS 0x00000000e1f00000, 0x00000000e1f00000| Untracked 
|  32|0x00000000e2000000, 0x00000000e2000000, 0x00000000e2100000|  0%| F|  |TAMS 0x00000000e2000000, 0x00000000e2000000| Untracked 
|  33|0x00000000e2100000, 0x00000000e2100000, 0x00000000e2200000|  0%| F|  |TAMS 0x00000000e2100000, 0x00000000e2100000| Untracked 
|  34|0x00000000e2200000, 0x00000000e2200000, 0x00000000e2300000|  0%| F|  |TAMS 0x00000000e2200000, 0x00000000e2200000| Untracked 
|  35|0x00000000e2300000, 0x00000000e2300000, 0x00000000e2400000|  0%| F|  |TAMS 0x00000000e2300000, 0x00000000e2300000| Untracked 
|  36|0x00000000e2400000, 0x00000000e2400000, 0x00000000e2500000|  0%| F|  |TAMS 0x00000000e2400000, 0x00000000e2400000| Untracked 
|  37|0x00000000e2500000, 0x00000000e2500000, 0x00000000e2600000|  0%| F|  |TAMS 0x00000000e2500000, 0x00000000e2500000| Untracked 
|  38|0x00000000e2600000, 0x00000000e2600000, 0x00000000e2700000|  0%| F|  |TAMS 0x00000000e2600000, 0x00000000e2600000| Untracked 
|  39|0x00000000e2700000, 0x00000000e2700000, 0x00000000e2800000|  0%| F|  |TAMS 0x00000000e2700000, 0x00000000e2700000| Untracked 
|  40|0x00000000e2800000, 0x00000000e2800000, 0x00000000e2900000|  0%| F|  |TAMS 0x00000000e2800000, 0x00000000e2800000| Untracked 
|  41|0x00000000e2900000, 0x00000000e2900000, 0x00000000e2a00000|  0%| F|  |TAMS 0x00000000e2900000, 0x00000000e2900000| Untracked 
|  42|0x00000000e2a00000, 0x00000000e2a00000, 0x00000000e2b00000|  0%| F|  |TAMS 0x00000000e2a00000, 0x00000000e2a00000| Untracked 
|  43|0x00000000e2b00000, 0x00000000e2b00000, 0x00000000e2c00000|  0%| F|  |TAMS 0x00000000e2b00000, 0x00000000e2b00000| Untracked 
|  44|0x00000000e2c00000, 0x00000000e2c00000, 0x00000000e2d00000|  0%| F|  |TAMS 0x00000000e2c00000, 0x00000000e2c00000| Untracked 
|  45|0x00000000e2d00000, 0x00000000e2d00000, 0x00000000e2e00000|  0%| F|  |TAMS 0x00000000e2d00000, 0x00000000e2d00000| Untracked 
|  46|0x00000000e2e00000, 0x00000000e2e00000, 0x00000000e2f00000|  0%| F|  |TAMS 0x00000000e2e00000, 0x00000000e2e00000| Untracked 
|  47|0x00000000e2f00000, 0x00000000e2f00000, 0x00000000e3000000|  0%| F|  |TAMS 0x00000000e2f00000, 0x00000000e2f00000| Untracked 
|  48|0x00000000e3000000, 0x00000000e3000000, 0x00000000e3100000|  0%| F|  |TAMS 0x00000000e3000000, 0x00000000e3000000| Untracked 
|  49|0x00000000e3100000, 0x00000000e3100000, 0x00000000e3200000|  0%| F|  |TAMS 0x00000000e3100000, 0x00000000e3100000| Untracked 
|  50|0x00000000e3200000, 0x00000000e3200000, 0x00000000e3300000|  0%| F|  |TAMS 0x00000000e3200000, 0x00000000e3200000| Untracked 
|  51|0x00000000e3300000, 0x00000000e3300000, 0x00000000e3400000|  0%| F|  |TAMS 0x00000000e3300000, 0x00000000e3300000| Untracked 
|  52|0x00000000e3400000, 0x00000000e3400000, 0x00000000e3500000|  0%| F|  |TAMS 0x00000000e3400000, 0x00000000e3400000| Untracked 
|  53|0x00000000e3500000, 0x00000000e3500000, 0x00000000e3600000|  0%| F|  |TAMS 0x00000000e3500000, 0x00000000e3500000| Untracked 
|  54|0x00000000e3600000, 0x00000000e3600000, 0x00000000e3700000|  0%| F|  |TAMS 0x00000000e3600000, 0x00000000e3600000| Untracked 
|  55|0x00000000e3700000, 0x00000000e3700000, 0x00000000e3800000|  0%| F|  |TAMS 0x00000000e3700000, 0x00000000e3700000| Untracked 
|  56|0x00000000e3800000, 0x00000000e3800000, 0x00000000e3900000|  0%| F|  |TAMS 0x00000000e3800000, 0x00000000e3800000| Untracked 
|  57|0x00000000e3900000, 0x00000000e3900000, 0x00000000e3a00000|  0%| F|  |TAMS 0x00000000e3900000, 0x00000000e3900000| Untracked 
|  58|0x00000000e3a00000, 0x00000000e3a00000, 0x00000000e3b00000|  0%| F|  |TAMS 0x00000000e3a00000, 0x00000000e3a00000| Untracked 
|  59|0x00000000e3b00000, 0x00000000e3b00000, 0x00000000e3c00000|  0%| F|  |TAMS 0x00000000e3b00000, 0x00000000e3b00000| Untracked 
|  60|0x00000000e3c00000, 0x00000000e3c00000, 0x00000000e3d00000|  0%| F|  |TAMS 0x00000000e3c00000, 0x00000000e3c00000| Untracked 
|  61|0x00000000e3d00000, 0x00000000e3d00000, 0x00000000e3e00000|  0%| F|  |TAMS 0x00000000e3d00000, 0x00000000e3d00000| Untracked 
|  62|0x00000000e3e00000, 0x00000000e3e00000, 0x00000000e3f00000|  0%| F|  |TAMS 0x00000000e3e00000, 0x00000000e3e00000| Untracked 
|  63|0x00000000e3f00000, 0x00000000e3f00000, 0x00000000e4000000|  0%| F|  |TAMS 0x00000000e3f00000, 0x00000000e3f00000| Untracked 
|  64|0x00000000e4000000, 0x00000000e4000000, 0x00000000e4100000|  0%| F|  |TAMS 0x00000000e4000000, 0x00000000e4000000| Untracked 
|  65|0x00000000e4100000, 0x00000000e4100000, 0x00000000e4200000|  0%| F|  |TAMS 0x00000000e4100000, 0x00000000e4100000| Untracked 
|  66|0x00000000e4200000, 0x00000000e4200000, 0x00000000e4300000|  0%| F|  |TAMS 0x00000000e4200000, 0x00000000e4200000| Untracked 
|  67|0x00000000e4300000, 0x00000000e4300000, 0x00000000e4400000|  0%| F|  |TAMS 0x00000000e4300000, 0x00000000e4300000| Untracked 
|  68|0x00000000e4400000, 0x00000000e4400000, 0x00000000e4500000|  0%| F|  |TAMS 0x00000000e4400000, 0x00000000e4400000| Untracked 
|  69|0x00000000e4500000, 0x00000000e4500000, 0x00000000e4600000|  0%| F|  |TAMS 0x00000000e4500000, 0x00000000e4500000| Untracked 
|  70|0x00000000e4600000, 0x00000000e4600000, 0x00000000e4700000|  0%| F|  |TAMS 0x00000000e4600000, 0x00000000e4600000| Untracked 
|  71|0x00000000e4700000, 0x00000000e4700000, 0x00000000e4800000|  0%| F|  |TAMS 0x00000000e4700000, 0x00000000e4700000| Untracked 
|  72|0x00000000e4800000, 0x00000000e4800000, 0x00000000e4900000|  0%| F|  |TAMS 0x00000000e4800000, 0x00000000e4800000| Untracked 
|  73|0x00000000e4900000, 0x00000000e4900000, 0x00000000e4a00000|  0%| F|  |TAMS 0x00000000e4900000, 0x00000000e4900000| Untracked 
|  74|0x00000000e4a00000, 0x00000000e4a00000, 0x00000000e4b00000|  0%| F|  |TAMS 0x00000000e4a00000, 0x00000000e4a00000| Untracked 
|  75|0x00000000e4b00000, 0x00000000e4b00000, 0x00000000e4c00000|  0%| F|  |TAMS 0x00000000e4b00000, 0x00000000e4b00000| Untracked 
|  76|0x00000000e4c00000, 0x00000000e4c00000, 0x00000000e4d00000|  0%| F|  |TAMS 0x00000000e4c00000, 0x00000000e4c00000| Untracked 
|  77|0x00000000e4d00000, 0x00000000e4d00000, 0x00000000e4e00000|  0%| F|  |TAMS 0x00000000e4d00000, 0x00000000e4d00000| Untracked 
|  78|0x00000000e4e00000, 0x00000000e4e00000, 0x00000000e4f00000|  0%| F|  |TAMS 0x00000000e4e00000, 0x00000000e4e00000| Untracked 
|  79|0x00000000e4f00000, 0x00000000e4f00000, 0x00000000e5000000|  0%| F|  |TAMS 0x00000000e4f00000, 0x00000000e4f00000| Untracked 
|  80|0x00000000e5000000, 0x00000000e5000000, 0x00000000e5100000|  0%| F|  |TAMS 0x00000000e5000000, 0x00000000e5000000| Untracked 
|  81|0x00000000e5100000, 0x00000000e5100000, 0x00000000e5200000|  0%| F|  |TAMS 0x00000000e5100000, 0x00000000e5100000| Untracked 
|  82|0x00000000e5200000, 0x00000000e5200000, 0x00000000e5300000|  0%| F|  |TAMS 0x00000000e5200000, 0x00000000e5200000| Untracked 
|  83|0x00000000e5300000, 0x00000000e5300000, 0x00000000e5400000|  0%| F|  |TAMS 0x00000000e5300000, 0x00000000e5300000| Untracked 
|  84|0x00000000e5400000, 0x00000000e5400000, 0x00000000e5500000|  0%| F|  |TAMS 0x00000000e5400000, 0x00000000e5400000| Untracked 
|  85|0x00000000e5500000, 0x00000000e5500000, 0x00000000e5600000|  0%| F|  |TAMS 0x00000000e5500000, 0x00000000e5500000| Untracked 
|  86|0x00000000e5600000, 0x00000000e5600000, 0x00000000e5700000|  0%| F|  |TAMS 0x00000000e5600000, 0x00000000e5600000| Untracked 
|  87|0x00000000e5700000, 0x00000000e5700000, 0x00000000e5800000|  0%| F|  |TAMS 0x00000000e5700000, 0x00000000e5700000| Untracked 
|  88|0x00000000e5800000, 0x00000000e5800000, 0x00000000e5900000|  0%| F|  |TAMS 0x00000000e5800000, 0x00000000e5800000| Untracked 
|  89|0x00000000e5900000, 0x00000000e5900000, 0x00000000e5a00000|  0%| F|  |TAMS 0x00000000e5900000, 0x00000000e5900000| Untracked 
|  90|0x00000000e5a00000, 0x00000000e5a00000, 0x00000000e5b00000|  0%| F|  |TAMS 0x00000000e5a00000, 0x00000000e5a00000| Untracked 
|  91|0x00000000e5b00000, 0x00000000e5b00000, 0x00000000e5c00000|  0%| F|  |TAMS 0x00000000e5b00000, 0x00000000e5b00000| Untracked 
|  92|0x00000000e5c00000, 0x00000000e5c00000, 0x00000000e5d00000|  0%| F|  |TAMS 0x00000000e5c00000, 0x00000000e5c00000| Untracked 
|  93|0x00000000e5d00000, 0x00000000e5d00000, 0x00000000e5e00000|  0%| F|  |TAMS 0x00000000e5d00000, 0x00000000e5d00000| Untracked 
|  94|0x00000000e5e00000, 0x00000000e5e00000, 0x00000000e5f00000|  0%| F|  |TAMS 0x00000000e5e00000, 0x00000000e5e00000| Untracked 
|  95|0x00000000e5f00000, 0x00000000e5f00000, 0x00000000e6000000|  0%| F|  |TAMS 0x00000000e5f00000, 0x00000000e5f00000| Untracked 
|  96|0x00000000e6000000, 0x00000000e6000000, 0x00000000e6100000|  0%| F|  |TAMS 0x00000000e6000000, 0x00000000e6000000| Untracked 
|  97|0x00000000e6100000, 0x00000000e6100000, 0x00000000e6200000|  0%| F|  |TAMS 0x00000000e6100000, 0x00000000e6100000| Untracked 
|  98|0x00000000e6200000, 0x00000000e6200000, 0x00000000e6300000|  0%| F|  |TAMS 0x00000000e6200000, 0x00000000e6200000| Untracked 
|  99|0x00000000e6300000, 0x00000000e6300000, 0x00000000e6400000|  0%| F|  |TAMS 0x00000000e6300000, 0x00000000e6300000| Untracked 
| 100|0x00000000e6400000, 0x00000000e6400000, 0x00000000e6500000|  0%| F|  |TAMS 0x00000000e6400000, 0x00000000e6400000| Untracked 
| 101|0x00000000e6500000, 0x00000000e6500000, 0x00000000e6600000|  0%| F|  |TAMS 0x00000000e6500000, 0x00000000e6500000| Untracked 
| 102|0x00000000e6600000, 0x00000000e6600000, 0x00000000e6700000|  0%| F|  |TAMS 0x00000000e6600000, 0x00000000e6600000| Untracked 
| 103|0x00000000e6700000, 0x00000000e6700000, 0x00000000e6800000|  0%| F|  |TAMS 0x00000000e6700000, 0x00000000e6700000| Untracked 
| 104|0x00000000e6800000, 0x00000000e6800000, 0x00000000e6900000|  0%| F|  |TAMS 0x00000000e6800000, 0x00000000e6800000| Untracked 
| 105|0x00000000e6900000, 0x00000000e6900000, 0x00000000e6a00000|  0%| F|  |TAMS 0x00000000e6900000, 0x00000000e6900000| Untracked 
| 106|0x00000000e6a00000, 0x00000000e6a00000, 0x00000000e6b00000|  0%| F|  |TAMS 0x00000000e6a00000, 0x00000000e6a00000| Untracked 
| 107|0x00000000e6b00000, 0x00000000e6b00000, 0x00000000e6c00000|  0%| F|  |TAMS 0x00000000e6b00000, 0x00000000e6b00000| Untracked 
| 108|0x00000000e6c00000, 0x00000000e6c00000, 0x00000000e6d00000|  0%| F|  |TAMS 0x00000000e6c00000, 0x00000000e6c00000| Untracked 
| 109|0x00000000e6d00000, 0x00000000e6d00000, 0x00000000e6e00000|  0%| F|  |TAMS 0x00000000e6d00000, 0x00000000e6d00000| Untracked 
| 110|0x00000000e6e00000, 0x00000000e6e00000, 0x00000000e6f00000|  0%| F|  |TAMS 0x00000000e6e00000, 0x00000000e6e00000| Untracked 
| 111|0x00000000e6f00000, 0x00000000e6f00000, 0x00000000e7000000|  0%| F|  |TAMS 0x00000000e6f00000, 0x00000000e6f00000| Untracked 
| 112|0x00000000e7000000, 0x00000000e7000000, 0x00000000e7100000|  0%| F|  |TAMS 0x00000000e7000000, 0x00000000e7000000| Untracked 
| 113|0x00000000e7100000, 0x00000000e7100000, 0x00000000e7200000|  0%| F|  |TAMS 0x00000000e7100000, 0x00000000e7100000| Untracked 
| 114|0x00000000e7200000, 0x00000000e7200000, 0x00000000e7300000|  0%| F|  |TAMS 0x00000000e7200000, 0x00000000e7200000| Untracked 
| 115|0x00000000e7300000, 0x00000000e7300000, 0x00000000e7400000|  0%| F|  |TAMS 0x00000000e7300000, 0x00000000e7300000| Untracked 
| 116|0x00000000e7400000, 0x00000000e7400000, 0x00000000e7500000|  0%| F|  |TAMS 0x00000000e7400000, 0x00000000e7400000| Untracked 
| 117|0x00000000e7500000, 0x00000000e7500000, 0x00000000e7600000|  0%| F|  |TAMS 0x00000000e7500000, 0x00000000e7500000| Untracked 
| 118|0x00000000e7600000, 0x00000000e7600000, 0x00000000e7700000|  0%| F|  |TAMS 0x00000000e7600000, 0x00000000e7600000| Untracked 
| 119|0x00000000e7700000, 0x00000000e7700000, 0x00000000e7800000|  0%| F|  |TAMS 0x00000000e7700000, 0x00000000e7700000| Untracked 
| 120|0x00000000e7800000, 0x00000000e7800000, 0x00000000e7900000|  0%| F|  |TAMS 0x00000000e7800000, 0x00000000e7800000| Untracked 
| 121|0x00000000e7900000, 0x00000000e7900000, 0x00000000e7a00000|  0%| F|  |TAMS 0x00000000e7900000, 0x00000000e7900000| Untracked 
| 122|0x00000000e7a00000, 0x00000000e7a00000, 0x00000000e7b00000|  0%| F|  |TAMS 0x00000000e7a00000, 0x00000000e7a00000| Untracked 
| 123|0x00000000e7b00000, 0x00000000e7b00000, 0x00000000e7c00000|  0%| F|  |TAMS 0x00000000e7b00000, 0x00000000e7b00000| Untracked 
| 124|0x00000000e7c00000, 0x00000000e7c00000, 0x00000000e7d00000|  0%| F|  |TAMS 0x00000000e7c00000, 0x00000000e7c00000| Untracked 
| 125|0x00000000e7d00000, 0x00000000e7d00000, 0x00000000e7e00000|  0%| F|  |TAMS 0x00000000e7d00000, 0x00000000e7d00000| Untracked 
| 126|0x00000000e7e00000, 0x00000000e7e00000, 0x00000000e7f00000|  0%| F|  |TAMS 0x00000000e7e00000, 0x00000000e7e00000| Untracked 
| 127|0x00000000e7f00000, 0x00000000e7f00000, 0x00000000e8000000|  0%| F|  |TAMS 0x00000000e7f00000, 0x00000000e7f00000| Untracked 
| 128|0x00000000e8000000, 0x00000000e8000000, 0x00000000e8100000|  0%| F|  |TAMS 0x00000000e8000000, 0x00000000e8000000| Untracked 
| 129|0x00000000e8100000, 0x00000000e8100000, 0x00000000e8200000|  0%| F|  |TAMS 0x00000000e8100000, 0x00000000e8100000| Untracked 
| 130|0x00000000e8200000, 0x00000000e8200000, 0x00000000e8300000|  0%| F|  |TAMS 0x00000000e8200000, 0x00000000e8200000| Untracked 
| 131|0x00000000e8300000, 0x00000000e8300000, 0x00000000e8400000|  0%| F|  |TAMS 0x00000000e8300000, 0x00000000e8300000| Untracked 
| 132|0x00000000e8400000, 0x00000000e8400000, 0x00000000e8500000|  0%| F|  |TAMS 0x00000000e8400000, 0x00000000e8400000| Untracked 
| 133|0x00000000e8500000, 0x00000000e8500000, 0x00000000e8600000|  0%| F|  |TAMS 0x00000000e8500000, 0x00000000e8500000| Untracked 
| 134|0x00000000e8600000, 0x00000000e8600000, 0x00000000e8700000|  0%| F|  |TAMS 0x00000000e8600000, 0x00000000e8600000| Untracked 
| 135|0x00000000e8700000, 0x00000000e8700000, 0x00000000e8800000|  0%| F|  |TAMS 0x00000000e8700000, 0x00000000e8700000| Untracked 
| 136|0x00000000e8800000, 0x00000000e8800000, 0x00000000e8900000|  0%| F|  |TAMS 0x00000000e8800000, 0x00000000e8800000| Untracked 
| 137|0x00000000e8900000, 0x00000000e8900000, 0x00000000e8a00000|  0%| F|  |TAMS 0x00000000e8900000, 0x00000000e8900000| Untracked 
| 138|0x00000000e8a00000, 0x00000000e8a00000, 0x00000000e8b00000|  0%| F|  |TAMS 0x00000000e8a00000, 0x00000000e8a00000| Untracked 
| 139|0x00000000e8b00000, 0x00000000e8b00000, 0x00000000e8c00000|  0%| F|  |TAMS 0x00000000e8b00000, 0x00000000e8b00000| Untracked 
| 140|0x00000000e8c00000, 0x00000000e8c00000, 0x00000000e8d00000|  0%| F|  |TAMS 0x00000000e8c00000, 0x00000000e8c00000| Untracked 
| 141|0x00000000e8d00000, 0x00000000e8d00000, 0x00000000e8e00000|  0%| F|  |TAMS 0x00000000e8d00000, 0x00000000e8d00000| Untracked 
| 142|0x00000000e8e00000, 0x00000000e8e00000, 0x00000000e8f00000|  0%| F|  |TAMS 0x00000000e8e00000, 0x00000000e8e00000| Untracked 
| 143|0x00000000e8f00000, 0x00000000e8f00000, 0x00000000e9000000|  0%| F|  |TAMS 0x00000000e8f00000, 0x00000000e8f00000| Untracked 
| 144|0x00000000e9000000, 0x00000000e9000000, 0x00000000e9100000|  0%| F|  |TAMS 0x00000000e9000000, 0x00000000e9000000| Untracked 
| 145|0x00000000e9100000, 0x00000000e9100000, 0x00000000e9200000|  0%| F|  |TAMS 0x00000000e9100000, 0x00000000e9100000| Untracked 
| 146|0x00000000e9200000, 0x00000000e9200000, 0x00000000e9300000|  0%| F|  |TAMS 0x00000000e9200000, 0x00000000e9200000| Untracked 
| 147|0x00000000e9300000, 0x00000000e9300000, 0x00000000e9400000|  0%| F|  |TAMS 0x00000000e9300000, 0x00000000e9300000| Untracked 
| 148|0x00000000e9400000, 0x00000000e9400000, 0x00000000e9500000|  0%| F|  |TAMS 0x00000000e9400000, 0x00000000e9400000| Untracked 
| 149|0x00000000e9500000, 0x00000000e9500000, 0x00000000e9600000|  0%| F|  |TAMS 0x00000000e9500000, 0x00000000e9500000| Untracked 
| 150|0x00000000e9600000, 0x00000000e9600000, 0x00000000e9700000|  0%| F|  |TAMS 0x00000000e9600000, 0x00000000e9600000| Untracked 
| 151|0x00000000e9700000, 0x00000000e9700000, 0x00000000e9800000|  0%| F|  |TAMS 0x00000000e9700000, 0x00000000e9700000| Untracked 
| 152|0x00000000e9800000, 0x00000000e9800000, 0x00000000e9900000|  0%| F|  |TAMS 0x00000000e9800000, 0x00000000e9800000| Untracked 
| 153|0x00000000e9900000, 0x00000000e9900000, 0x00000000e9a00000|  0%| F|  |TAMS 0x00000000e9900000, 0x00000000e9900000| Untracked 
| 154|0x00000000e9a00000, 0x00000000e9a00000, 0x00000000e9b00000|  0%| F|  |TAMS 0x00000000e9a00000, 0x00000000e9a00000| Untracked 
| 155|0x00000000e9b00000, 0x00000000e9b00000, 0x00000000e9c00000|  0%| F|  |TAMS 0x00000000e9b00000, 0x00000000e9b00000| Untracked 
| 156|0x00000000e9c00000, 0x00000000e9c00000, 0x00000000e9d00000|  0%| F|  |TAMS 0x00000000e9c00000, 0x00000000e9c00000| Untracked 
| 157|0x00000000e9d00000, 0x00000000e9d00000, 0x00000000e9e00000|  0%| F|  |TAMS 0x00000000e9d00000, 0x00000000e9d00000| Untracked 
| 158|0x00000000e9e00000, 0x00000000e9e00000, 0x00000000e9f00000|  0%| F|  |TAMS 0x00000000e9e00000, 0x00000000e9e00000| Untracked 
| 159|0x00000000e9f00000, 0x00000000e9f00000, 0x00000000ea000000|  0%| F|  |TAMS 0x00000000e9f00000, 0x00000000e9f00000| Untracked 
| 160|0x00000000ea000000, 0x00000000ea000000, 0x00000000ea100000|  0%| F|  |TAMS 0x00000000ea000000, 0x00000000ea000000| Untracked 
| 161|0x00000000ea100000, 0x00000000ea100000, 0x00000000ea200000|  0%| F|  |TAMS 0x00000000ea100000, 0x00000000ea100000| Untracked 
| 162|0x00000000ea200000, 0x00000000ea200000, 0x00000000ea300000|  0%| F|  |TAMS 0x00000000ea200000, 0x00000000ea200000| Untracked 
| 163|0x00000000ea300000, 0x00000000ea300000, 0x00000000ea400000|  0%| F|  |TAMS 0x00000000ea300000, 0x00000000ea300000| Untracked 
| 164|0x00000000ea400000, 0x00000000ea400000, 0x00000000ea500000|  0%| F|  |TAMS 0x00000000ea400000, 0x00000000ea400000| Untracked 
| 165|0x00000000ea500000, 0x00000000ea500000, 0x00000000ea600000|  0%| F|  |TAMS 0x00000000ea500000, 0x00000000ea500000| Untracked 
| 166|0x00000000ea600000, 0x00000000ea600000, 0x00000000ea700000|  0%| F|  |TAMS 0x00000000ea600000, 0x00000000ea600000| Untracked 
| 167|0x00000000ea700000, 0x00000000ea700000, 0x00000000ea800000|  0%| F|  |TAMS 0x00000000ea700000, 0x00000000ea700000| Untracked 
| 168|0x00000000ea800000, 0x00000000ea800000, 0x00000000ea900000|  0%| F|  |TAMS 0x00000000ea800000, 0x00000000ea800000| Untracked 
| 169|0x00000000ea900000, 0x00000000ea900000, 0x00000000eaa00000|  0%| F|  |TAMS 0x00000000ea900000, 0x00000000ea900000| Untracked 
| 170|0x00000000eaa00000, 0x00000000eaa00000, 0x00000000eab00000|  0%| F|  |TAMS 0x00000000eaa00000, 0x00000000eaa00000| Untracked 
| 171|0x00000000eab00000, 0x00000000eab00000, 0x00000000eac00000|  0%| F|  |TAMS 0x00000000eab00000, 0x00000000eab00000| Untracked 
| 172|0x00000000eac00000, 0x00000000eac00000, 0x00000000ead00000|  0%| F|  |TAMS 0x00000000eac00000, 0x00000000eac00000| Untracked 
| 173|0x00000000ead00000, 0x00000000ead00000, 0x00000000eae00000|  0%| F|  |TAMS 0x00000000ead00000, 0x00000000ead00000| Untracked 
| 174|0x00000000eae00000, 0x00000000eae00000, 0x00000000eaf00000|  0%| F|  |TAMS 0x00000000eae00000, 0x00000000eae00000| Untracked 
| 175|0x00000000eaf00000, 0x00000000eaf00000, 0x00000000eb000000|  0%| F|  |TAMS 0x00000000eaf00000, 0x00000000eaf00000| Untracked 
| 176|0x00000000eb000000, 0x00000000eb000000, 0x00000000eb100000|  0%| F|  |TAMS 0x00000000eb000000, 0x00000000eb000000| Untracked 
| 177|0x00000000eb100000, 0x00000000eb100000, 0x00000000eb200000|  0%| F|  |TAMS 0x00000000eb100000, 0x00000000eb100000| Untracked 
| 178|0x00000000eb200000, 0x00000000eb200000, 0x00000000eb300000|  0%| F|  |TAMS 0x00000000eb200000, 0x00000000eb200000| Untracked 
| 179|0x00000000eb300000, 0x00000000eb300000, 0x00000000eb400000|  0%| F|  |TAMS 0x00000000eb300000, 0x00000000eb300000| Untracked 
| 180|0x00000000eb400000, 0x00000000eb400000, 0x00000000eb500000|  0%| F|  |TAMS 0x00000000eb400000, 0x00000000eb400000| Untracked 
| 181|0x00000000eb500000, 0x00000000eb500000, 0x00000000eb600000|  0%| F|  |TAMS 0x00000000eb500000, 0x00000000eb500000| Untracked 
| 182|0x00000000eb600000, 0x00000000eb600000, 0x00000000eb700000|  0%| F|  |TAMS 0x00000000eb600000, 0x00000000eb600000| Untracked 
| 183|0x00000000eb700000, 0x00000000eb700000, 0x00000000eb800000|  0%| F|  |TAMS 0x00000000eb700000, 0x00000000eb700000| Untracked 
| 184|0x00000000eb800000, 0x00000000eb800000, 0x00000000eb900000|  0%| F|  |TAMS 0x00000000eb800000, 0x00000000eb800000| Untracked 
| 185|0x00000000eb900000, 0x00000000eb900000, 0x00000000eba00000|  0%| F|  |TAMS 0x00000000eb900000, 0x00000000eb900000| Untracked 
| 186|0x00000000eba00000, 0x00000000eba00000, 0x00000000ebb00000|  0%| F|  |TAMS 0x00000000eba00000, 0x00000000eba00000| Untracked 
| 187|0x00000000ebb00000, 0x00000000ebb00000, 0x00000000ebc00000|  0%| F|  |TAMS 0x00000000ebb00000, 0x00000000ebb00000| Untracked 
| 188|0x00000000ebc00000, 0x00000000ebc00000, 0x00000000ebd00000|  0%| F|  |TAMS 0x00000000ebc00000, 0x00000000ebc00000| Untracked 
| 189|0x00000000ebd00000, 0x00000000ebd00000, 0x00000000ebe00000|  0%| F|  |TAMS 0x00000000ebd00000, 0x00000000ebd00000| Untracked 
| 190|0x00000000ebe00000, 0x00000000ebe00000, 0x00000000ebf00000|  0%| F|  |TAMS 0x00000000ebe00000, 0x00000000ebe00000| Untracked 
| 191|0x00000000ebf00000, 0x00000000ebf00000, 0x00000000ec000000|  0%| F|  |TAMS 0x00000000ebf00000, 0x00000000ebf00000| Untracked 
| 192|0x00000000ec000000, 0x00000000ec000000, 0x00000000ec100000|  0%| F|  |TAMS 0x00000000ec000000, 0x00000000ec000000| Untracked 
| 193|0x00000000ec100000, 0x00000000ec100000, 0x00000000ec200000|  0%| F|  |TAMS 0x00000000ec100000, 0x00000000ec100000| Untracked 
| 194|0x00000000ec200000, 0x00000000ec200000, 0x00000000ec300000|  0%| F|  |TAMS 0x00000000ec200000, 0x00000000ec200000| Untracked 
| 195|0x00000000ec300000, 0x00000000ec300000, 0x00000000ec400000|  0%| F|  |TAMS 0x00000000ec300000, 0x00000000ec300000| Untracked 
| 196|0x00000000ec400000, 0x00000000ec400000, 0x00000000ec500000|  0%| F|  |TAMS 0x00000000ec400000, 0x00000000ec400000| Untracked 
| 197|0x00000000ec500000, 0x00000000ec500000, 0x00000000ec600000|  0%| F|  |TAMS 0x00000000ec500000, 0x00000000ec500000| Untracked 
| 198|0x00000000ec600000, 0x00000000ec600000, 0x00000000ec700000|  0%| F|  |TAMS 0x00000000ec600000, 0x00000000ec600000| Untracked 
| 199|0x00000000ec700000, 0x00000000ec700000, 0x00000000ec800000|  0%| F|  |TAMS 0x00000000ec700000, 0x00000000ec700000| Untracked 
| 200|0x00000000ec800000, 0x00000000ec800000, 0x00000000ec900000|  0%| F|  |TAMS 0x00000000ec800000, 0x00000000ec800000| Untracked 
| 201|0x00000000ec900000, 0x00000000ec900000, 0x00000000eca00000|  0%| F|  |TAMS 0x00000000ec900000, 0x00000000ec900000| Untracked 
| 202|0x00000000eca00000, 0x00000000eca00000, 0x00000000ecb00000|  0%| F|  |TAMS 0x00000000eca00000, 0x00000000eca00000| Untracked 
| 203|0x00000000ecb00000, 0x00000000ecb00000, 0x00000000ecc00000|  0%| F|  |TAMS 0x00000000ecb00000, 0x00000000ecb00000| Untracked 
| 204|0x00000000ecc00000, 0x00000000ecc00000, 0x00000000ecd00000|  0%| F|  |TAMS 0x00000000ecc00000, 0x00000000ecc00000| Untracked 
| 205|0x00000000ecd00000, 0x00000000ecd00000, 0x00000000ece00000|  0%| F|  |TAMS 0x00000000ecd00000, 0x00000000ecd00000| Untracked 
| 206|0x00000000ece00000, 0x00000000ece00000, 0x00000000ecf00000|  0%| F|  |TAMS 0x00000000ece00000, 0x00000000ece00000| Untracked 
| 207|0x00000000ecf00000, 0x00000000ecf00000, 0x00000000ed000000|  0%| F|  |TAMS 0x00000000ecf00000, 0x00000000ecf00000| Untracked 
| 208|0x00000000ed000000, 0x00000000ed000000, 0x00000000ed100000|  0%| F|  |TAMS 0x00000000ed000000, 0x00000000ed000000| Untracked 
| 209|0x00000000ed100000, 0x00000000ed100000, 0x00000000ed200000|  0%| F|  |TAMS 0x00000000ed100000, 0x00000000ed100000| Untracked 
| 210|0x00000000ed200000, 0x00000000ed200000, 0x00000000ed300000|  0%| F|  |TAMS 0x00000000ed200000, 0x00000000ed200000| Untracked 
| 211|0x00000000ed300000, 0x00000000ed300000, 0x00000000ed400000|  0%| F|  |TAMS 0x00000000ed300000, 0x00000000ed300000| Untracked 
| 212|0x00000000ed400000, 0x00000000ed400000, 0x00000000ed500000|  0%| F|  |TAMS 0x00000000ed400000, 0x00000000ed400000| Untracked 
| 213|0x00000000ed500000, 0x00000000ed500000, 0x00000000ed600000|  0%| F|  |TAMS 0x00000000ed500000, 0x00000000ed500000| Untracked 
| 214|0x00000000ed600000, 0x00000000ed600000, 0x00000000ed700000|  0%| F|  |TAMS 0x00000000ed600000, 0x00000000ed600000| Untracked 
| 215|0x00000000ed700000, 0x00000000ed700000, 0x00000000ed800000|  0%| F|  |TAMS 0x00000000ed700000, 0x00000000ed700000| Untracked 
| 216|0x00000000ed800000, 0x00000000ed800000, 0x00000000ed900000|  0%| F|  |TAMS 0x00000000ed800000, 0x00000000ed800000| Untracked 
| 217|0x00000000ed900000, 0x00000000ed900000, 0x00000000eda00000|  0%| F|  |TAMS 0x00000000ed900000, 0x00000000ed900000| Untracked 
| 218|0x00000000eda00000, 0x00000000eda00000, 0x00000000edb00000|  0%| F|  |TAMS 0x00000000eda00000, 0x00000000eda00000| Untracked 
| 219|0x00000000edb00000, 0x00000000edb00000, 0x00000000edc00000|  0%| F|  |TAMS 0x00000000edb00000, 0x00000000edb00000| Untracked 
| 220|0x00000000edc00000, 0x00000000edc00000, 0x00000000edd00000|  0%| F|  |TAMS 0x00000000edc00000, 0x00000000edc00000| Untracked 
| 221|0x00000000edd00000, 0x00000000edd00000, 0x00000000ede00000|  0%| F|  |TAMS 0x00000000edd00000, 0x00000000edd00000| Untracked 
| 222|0x00000000ede00000, 0x00000000ede00000, 0x00000000edf00000|  0%| F|  |TAMS 0x00000000ede00000, 0x00000000ede00000| Untracked 
| 223|0x00000000edf00000, 0x00000000edf00000, 0x00000000ee000000|  0%| F|  |TAMS 0x00000000edf00000, 0x00000000edf00000| Untracked 
| 224|0x00000000ee000000, 0x00000000ee000000, 0x00000000ee100000|  0%| F|  |TAMS 0x00000000ee000000, 0x00000000ee000000| Untracked 
| 225|0x00000000ee100000, 0x00000000ee100000, 0x00000000ee200000|  0%| F|  |TAMS 0x00000000ee100000, 0x00000000ee100000| Untracked 
| 226|0x00000000ee200000, 0x00000000ee200000, 0x00000000ee300000|  0%| F|  |TAMS 0x00000000ee200000, 0x00000000ee200000| Untracked 
| 227|0x00000000ee300000, 0x00000000ee300000, 0x00000000ee400000|  0%| F|  |TAMS 0x00000000ee300000, 0x00000000ee300000| Untracked 
| 228|0x00000000ee400000, 0x00000000ee400000, 0x00000000ee500000|  0%| F|  |TAMS 0x00000000ee400000, 0x00000000ee400000| Untracked 
| 229|0x00000000ee500000, 0x00000000ee600000, 0x00000000ee600000|100%| S|CS|TAMS 0x00000000ee500000, 0x00000000ee500000| Complete 
| 230|0x00000000ee600000, 0x00000000ee700000, 0x00000000ee700000|100%| S|CS|TAMS 0x00000000ee600000, 0x00000000ee600000| Complete 
| 231|0x00000000ee700000, 0x00000000ee800000, 0x00000000ee800000|100%| S|CS|TAMS 0x00000000ee700000, 0x00000000ee700000| Complete 
| 232|0x00000000ee800000, 0x00000000ee800000, 0x00000000ee900000|  0%| F|  |TAMS 0x00000000ee800000, 0x00000000ee800000| Untracked 
| 233|0x00000000ee900000, 0x00000000ee900000, 0x00000000eea00000|  0%| F|  |TAMS 0x00000000ee900000, 0x00000000ee900000| Untracked 
| 234|0x00000000eea00000, 0x00000000eea00000, 0x00000000eeb00000|  0%| F|  |TAMS 0x00000000eea00000, 0x00000000eea00000| Untracked 
| 235|0x00000000eeb00000, 0x00000000eeb00000, 0x00000000eec00000|  0%| F|  |TAMS 0x00000000eeb00000, 0x00000000eeb00000| Untracked 
| 236|0x00000000eec00000, 0x00000000eec00000, 0x00000000eed00000|  0%| F|  |TAMS 0x00000000eec00000, 0x00000000eec00000| Untracked 
| 237|0x00000000eed00000, 0x00000000eed00000, 0x00000000eee00000|  0%| F|  |TAMS 0x00000000eed00000, 0x00000000eed00000| Untracked 
| 238|0x00000000eee00000, 0x00000000eee00000, 0x00000000eef00000|  0%| F|  |TAMS 0x00000000eee00000, 0x00000000eee00000| Untracked 
| 239|0x00000000eef00000, 0x00000000eef00000, 0x00000000ef000000|  0%| F|  |TAMS 0x00000000eef00000, 0x00000000eef00000| Untracked 
| 240|0x00000000ef000000, 0x00000000ef000000, 0x00000000ef100000|  0%| F|  |TAMS 0x00000000ef000000, 0x00000000ef000000| Untracked 
| 241|0x00000000ef100000, 0x00000000ef100000, 0x00000000ef200000|  0%| F|  |TAMS 0x00000000ef100000, 0x00000000ef100000| Untracked 
| 242|0x00000000ef200000, 0x00000000ef200000, 0x00000000ef300000|  0%| F|  |TAMS 0x00000000ef200000, 0x00000000ef200000| Untracked 
| 243|0x00000000ef300000, 0x00000000ef300000, 0x00000000ef400000|  0%| F|  |TAMS 0x00000000ef300000, 0x00000000ef300000| Untracked 
| 244|0x00000000ef400000, 0x00000000ef400000, 0x00000000ef500000|  0%| F|  |TAMS 0x00000000ef400000, 0x00000000ef400000| Untracked 
| 245|0x00000000ef500000, 0x00000000ef500000, 0x00000000ef600000|  0%| F|  |TAMS 0x00000000ef500000, 0x00000000ef500000| Untracked 
| 246|0x00000000ef600000, 0x00000000ef600000, 0x00000000ef700000|  0%| F|  |TAMS 0x00000000ef600000, 0x00000000ef600000| Untracked 
| 247|0x00000000ef700000, 0x00000000ef700000, 0x00000000ef800000|  0%| F|  |TAMS 0x00000000ef700000, 0x00000000ef700000| Untracked 
| 248|0x00000000ef800000, 0x00000000ef800000, 0x00000000ef900000|  0%| F|  |TAMS 0x00000000ef800000, 0x00000000ef800000| Untracked 
| 249|0x00000000ef900000, 0x00000000ef900000, 0x00000000efa00000|  0%| F|  |TAMS 0x00000000ef900000, 0x00000000ef900000| Untracked 
| 250|0x00000000efa00000, 0x00000000efa00000, 0x00000000efb00000|  0%| F|  |TAMS 0x00000000efa00000, 0x00000000efa00000| Untracked 
| 251|0x00000000efb00000, 0x00000000efc00000, 0x00000000efc00000|100%| E|  |TAMS 0x00000000efb00000, 0x00000000efb00000| Complete 
| 252|0x00000000efc00000, 0x00000000efd00000, 0x00000000efd00000|100%| E|CS|TAMS 0x00000000efc00000, 0x00000000efc00000| Complete 
| 253|0x00000000efd00000, 0x00000000efe00000, 0x00000000efe00000|100%| E|CS|TAMS 0x00000000efd00000, 0x00000000efd00000| Complete 
| 254|0x00000000efe00000, 0x00000000eff00000, 0x00000000eff00000|100%| E|CS|TAMS 0x00000000efe00000, 0x00000000efe00000| Complete 
| 255|0x00000000eff00000, 0x00000000f0000000, 0x00000000f0000000|100%| E|CS|TAMS 0x00000000eff00000, 0x00000000eff00000| Complete 

Card table byte_map: [0x0000027bf6040000,0x0000027bf6140000] _byte_map_base: 0x0000027bf5940000

Marking Bits (Prev, Next): (CMBitMap*) 0x0000027bde4c2198, (CMBitMap*) 0x0000027bde4c21d0
 Prev Bits: [0x0000027bf6240000, 0x0000027bf6a40000)
 Next Bits: [0x0000027bf6a40000, 0x0000027bf7240000)

Polling page: 0x0000027bdc410000

Metaspace:

Usage:
  Non-class:     14.08 MB capacity,    13.71 MB ( 97%) used,   318.80 KB (  2%) free+waste,    53.81 KB ( <1%) overhead. 
      Class:      1.90 MB capacity,     1.70 MB ( 89%) used,   177.55 KB (  9%) free+waste,    27.38 KB (  1%) overhead. 
       Both:     15.98 MB capacity,    15.42 MB ( 96%) used,   496.35 KB (  3%) free+waste,    81.19 KB ( <1%) overhead. 

Virtual space:
  Non-class space:       16.00 MB reserved,      14.25 MB ( 89%) committed 
      Class space:        1.00 GB reserved,       2.00 MB ( <1%) committed 
             Both:        1.02 GB reserved,      16.25 MB (  2%) committed 

Chunk freelists:
   Non-Class:  49.00 KB
       Class:  2.00 KB
        Both:  51.00 KB

MaxMetaspaceSize: 17179869184.00 GB
CompressedClassSpaceSize: 1.00 GB
Initial GC threshold: 20.80 MB
Current GC threshold: 20.80 MB
CDS: off

CodeHeap 'non-profiled nmethods': size=120000Kb used=435Kb max_used=435Kb free=119564Kb
 bounds [0x0000027bee6e0000, 0x0000027bee950000, 0x0000027bf5c10000]
CodeHeap 'profiled nmethods': size=120000Kb used=2470Kb max_used=2470Kb free=117529Kb
 bounds [0x0000027be71b0000, 0x0000027be7420000, 0x0000027bee6e0000]
CodeHeap 'non-nmethods': size=5760Kb used=1160Kb max_used=1180Kb free=4599Kb
 bounds [0x0000027be6c10000, 0x0000027be6e80000, 0x0000027be71b0000]
 total_blobs=1725 nmethods=1305 adapters=334
 compilation: enabled
              stopped_count=0, restarted_count=0
 full_count=0

Compilation events (20 events):
Event: 1.047 Thread 0x0000027bfa551800 nmethod 1296 0x0000027be7416410 code [0x0000027be74165c0, 0x0000027be74166d8]
Event: 1.048 Thread 0x0000027bfa551800 1297       3       java.util.regex.Pattern::peek (26 bytes)
Event: 1.048 Thread 0x0000027bfa551800 nmethod 1297 0x0000027be7416790 code [0x0000027be7416960, 0x0000027be7416bc8]
Event: 1.049 Thread 0x0000027bfa551800 1298       3       java.lang.StringUTF16::getChar (60 bytes)
Event: 1.049 Thread 0x0000027bfa551800 nmethod 1298 0x0000027be7416d10 code [0x0000027be7416ec0, 0x0000027be7417018]
Event: 1.049 Thread 0x0000027bfa54f800 nmethod 1294 0x0000027bee74bb90 code [0x0000027bee74bd60, 0x0000027bee74c498]
Event: 1.049 Thread 0x0000027bfafab800 1299       4       java.lang.StringUTF16::getChar (60 bytes)
Event: 1.050 Thread 0x0000027bfafab800 nmethod 1299 0x0000027bee74c790 code [0x0000027bee74c920, 0x0000027bee74c9d8]
Event: 1.052 Thread 0x0000027bfa551800 1300       1       java.util.stream.FindOps$FindSink::cancellationRequested (5 bytes)
Event: 1.052 Thread 0x0000027bfa551800 nmethod 1300 0x0000027bee74ca90 code [0x0000027bee74cc40, 0x0000027bee74ccf8]
Event: 1.054 Thread 0x0000027bfa551800 1301       3       java.lang.String::hashCode (49 bytes)
Event: 1.054 Thread 0x0000027bfa551800 nmethod 1301 0x0000027be7417110 code [0x0000027be7417300, 0x0000027be7417708]
Event: 1.056 Thread 0x0000027bfa551800 1302       3       java.lang.CharacterData::of (120 bytes)
Event: 1.056 Thread 0x0000027bfa551800 nmethod 1302 0x0000027be7417890 code [0x0000027be7417aa0, 0x0000027be7418178]
Event: 1.062 Thread 0x0000027bfa551800 1303       3       sun.net.www.ParseUtil::match (50 bytes)
Event: 1.062 Thread 0x0000027bfa551800 nmethod 1303 0x0000027be7418390 code [0x0000027be7418540, 0x0000027be7418798]
Event: 1.063 Thread 0x0000027bfa551800 1304       3       sun.net.www.ParseUtil::firstEncodeIndex (86 bytes)
Event: 1.064 Thread 0x0000027bfa551800 nmethod 1304 0x0000027be7418810 code [0x0000027be7418a60, 0x0000027be7419408]
Event: 1.070 Thread 0x0000027bfa551800 1305       3       java.lang.String::isLatin1 (19 bytes)
Event: 1.070 Thread 0x0000027bfa551800 nmethod 1305 0x0000027be7419790 code [0x0000027be7419940, 0x0000027be7419ab8]

GC Heap History (2 events):
Event: 0.984 GC heap before
{Heap before GC invocations=0 (full 0):
 garbage-first heap   total 262144K, used 23552K [0x00000000e0000000, 0x0000000100000000)
  region size 1024K, 24 young (24576K), 0 survivors (0K)
 Metaspace       used 14844K, capacity 15382K, committed 15744K, reserved 1062912K
  class space    used 1626K, capacity 1812K, committed 1920K, reserved 1048576K
}
Event: 0.992 GC heap after
{Heap after GC invocations=1 (full 0):
 garbage-first heap   total 262144K, used 3807K [0x00000000e0000000, 0x0000000100000000)
  region size 1024K, 3 young (3072K), 3 survivors (3072K)
 Metaspace       used 14844K, capacity 15382K, committed 15744K, reserved 1062912K
  class space    used 1626K, capacity 1812K, committed 1920K, reserved 1048576K
}

Deoptimization events (20 events):
Event: 1.026 Thread 0x0000027bfad85000 Uncommon trap: trap_request=0xffffff4d fr.pc=0x0000027bee737478 relative=0x0000000000000058
Event: 1.026 Thread 0x0000027bfad85000 Uncommon trap: reason=unstable_if action=reinterpret pc=0x0000027bee737478 method=java.util.Objects.equals(Ljava/lang/Object;Ljava/lang/Object;)Z @ 6 c2
Event: 1.026 Thread 0x0000027bfad85000 DEOPT PACKING pc=0x0000027bee737478 sp=0x000000898cdfc210
Event: 1.026 Thread 0x0000027bfad85000 DEOPT UNPACKING pc=0x0000027be6c5a1af sp=0x000000898cdfc1b0 mode 2
Event: 1.048 Thread 0x0000027bfad85000 Uncommon trap: trap_request=0xffffff4d fr.pc=0x0000027bee6f53f8 relative=0x0000000000000058
Event: 1.048 Thread 0x0000027bfad85000 Uncommon trap: reason=unstable_if action=reinterpret pc=0x0000027bee6f53f8 method=java.lang.String.isLatin1()Z @ 10 c2
Event: 1.048 Thread 0x0000027bfad85000 DEOPT PACKING pc=0x0000027bee6f53f8 sp=0x000000898cdfaad0
Event: 1.048 Thread 0x0000027bfad85000 DEOPT UNPACKING pc=0x0000027be6c5a1af sp=0x000000898cdfaa60 mode 2
Event: 1.048 Thread 0x0000027bfad85000 Uncommon trap: trap_request=0xffffff4d fr.pc=0x0000027bee6ee2e4 relative=0x0000000000000044
Event: 1.048 Thread 0x0000027bfad85000 Uncommon trap: reason=unstable_if action=reinterpret pc=0x0000027bee6ee2e4 method=java.lang.CharacterData.of(I)Ljava/lang/CharacterData; @ 4 c2
Event: 1.048 Thread 0x0000027bfad85000 DEOPT PACKING pc=0x0000027bee6ee2e4 sp=0x000000898cdfa3b0
Event: 1.048 Thread 0x0000027bfad85000 DEOPT UNPACKING pc=0x0000027be6c5a1af sp=0x000000898cdfa348 mode 2
Event: 1.051 Thread 0x0000027bfad85000 Uncommon trap: trap_request=0xffffff4d fr.pc=0x0000027bee703410 relative=0x0000000000000170
Event: 1.051 Thread 0x0000027bfad85000 Uncommon trap: reason=unstable_if action=reinterpret pc=0x0000027bee703410 method=java.lang.String.isLatin1()Z @ 10 c2
Event: 1.051 Thread 0x0000027bfad85000 DEOPT PACKING pc=0x0000027bee703410 sp=0x000000898cdfac40
Event: 1.051 Thread 0x0000027bfad85000 DEOPT UNPACKING pc=0x0000027be6c5a1af sp=0x000000898cdfab68 mode 2
Event: 1.057 Thread 0x0000027bfad85000 Uncommon trap: trap_request=0xffffff4d fr.pc=0x0000027bee72881c relative=0x000000000000005c
Event: 1.057 Thread 0x0000027bfad85000 Uncommon trap: reason=unstable_if action=reinterpret pc=0x0000027bee72881c method=sun.net.www.ParseUtil.firstEncodeIndex(Ljava/lang/String;)I @ 51 c2
Event: 1.057 Thread 0x0000027bfad85000 DEOPT PACKING pc=0x0000027bee72881c sp=0x000000898cdf78a0
Event: 1.057 Thread 0x0000027bfad85000 DEOPT UNPACKING pc=0x0000027be6c5a1af sp=0x000000898cdf7828 mode 2

Classes redefined (0 events):
No events

Internal exceptions (20 events):
Event: 0.823 Thread 0x0000027bfad85000 Exception <a 'java/lang/NoSuchMethodError'{0x00000000eeea8a70}: 'java.lang.Object java.lang.invoke.DirectMethodHandle$Holder.invokeStaticInit(java.lang.Object, java.lang.Object, java.lang.Object)'> (0x00000000eeea8a70) thrown at [s\src\hotspot\share\interpreter\linkResolver.cpp, line 773]
Event: 0.824 Thread 0x0000027bfad85000 Exception <a 'java/lang/NoSuchMethodError'{0x00000000eeeafec0}: 'void java.lang.invoke.DirectMethodHandle$Holder.invokeStaticInit(java.lang.Object, java.lang.Object, java.lang.Object)'> (0x00000000eeeafec0) thrown at [s\src\hotspot\share\interpreter\linkResolver.cpp, line 773]
Event: 0.880 Thread 0x0000027bfad85000 Exception <a 'java/lang/NoSuchMethodError'{0x00000000eecbcd18}: 'java.lang.Object java.lang.invoke.DirectMethodHandle$Holder.invokeSpecialIFC(java.lang.Object, java.lang.Object, java.lang.Object, java.lang.Object)'> (0x00000000eecbcd18) thrown at [s\src\hotspot\share\interpreter\linkResolver.cpp, line 773]
Event: 0.883 Thread 0x0000027bfad85000 Exception <a 'java/lang/NoSuchMethodError'{0x00000000eecdc2b8}: 'java.lang.Object java.lang.invoke.DirectMethodHandle$Holder.invokeInterface(java.lang.Object, java.lang.Object, java.lang.Object)'> (0x00000000eecdc2b8) thrown at [s\src\hotspot\share\interpreter\linkResolver.cpp, line 773]
Event: 0.904 Thread 0x0000027bfad85000 Exception <a 'java/lang/NoSuchMethodError'{0x00000000eeb76910}: 'java.lang.Object java.lang.invoke.Invokers$Holder.linkToTargetMethod(java.lang.Object, java.lang.Object, java.lang.Object, java.lang.Object, java.lang.Object, java.lang.Object)'> (0x00000000eeb76910) thrown at [s\src\hotspot\share\interpreter\linkResolver.cpp, line 773]
Event: 0.911 Thread 0x0000027bfad85000 Exception <a 'java/lang/IncompatibleClassChangeError'{0x00000000eebc36a8}: Found class java.lang.Object, but interface was expected> (0x00000000eebc36a8) thrown at [s\src\hotspot\share\interpreter\linkResolver.cpp, line 839]
Event: 0.921 Thread 0x0000027bfad85000 Exception <a 'java/lang/IncompatibleClassChangeError'{0x00000000eea06e28}: Found class java.lang.Object, but interface was expected> (0x00000000eea06e28) thrown at [s\src\hotspot\share\interpreter\linkResolver.cpp, line 839]
Event: 0.933 Thread 0x0000027bfad85000 Exception <a 'java/lang/NoSuchMethodError'{0x00000000eea85078}: 'void java.lang.invoke.DirectMethodHandle$Holder.invokeSpecial(java.lang.Object, java.lang.Object, java.lang.Object, java.lang.Object, java.lang.Object)'> (0x00000000eea85078) thrown at [s\src\hotspot\share\interpreter\linkResolver.cpp, line 773]
Event: 0.946 Thread 0x0000027bfad85000 Exception <a 'java/lang/NoSuchMethodError'{0x00000000ee913b90}: 'void java.lang.invoke.DirectMethodHandle$Holder.invokeInterface(java.lang.Object, java.lang.Object, java.lang.Object, java.lang.Object)'> (0x00000000ee913b90) thrown at [s\src\hotspot\share\interpreter\linkResolver.cpp, line 773]
Event: 0.947 Thread 0x0000027bfad85000 Exception <a 'java/lang/IncompatibleClassChangeError'{0x00000000ee916bf8}: Found class java.lang.Object, but interface was expected> (0x00000000ee916bf8) thrown at [s\src\hotspot\share\interpreter\linkResolver.cpp, line 839]
Event: 0.949 Thread 0x0000027bfad85000 Exception <a 'java/lang/NoSuchMethodError'{0x00000000ee932f18}: 'void java.lang.invoke.DirectMethodHandle$Holder.invokeStatic(java.lang.Object, java.lang.Object, java.lang.Object, java.lang.Object)'> (0x00000000ee932f18) thrown at [s\src\hotspot\share\interpreter\linkResolver.cpp, line 773]
Event: 0.960 Thread 0x0000027bfad85000 Exception <a 'java/lang/NoSuchMethodError'{0x00000000ee9c3638}: 'int java.lang.invoke.DirectMethodHandle$Holder.invokeStatic(java.lang.Object, java.lang.Object, java.lang.Object, java.lang.Object, java.lang.Object)'> (0x00000000ee9c3638) thrown at [s\src\hotspot\share\interpreter\linkResolver.cpp, line 773]
Event: 0.968 Thread 0x0000027bfad85000 Exception <a 'java/lang/NoSuchMethodError'{0x00000000ee81e8c8}: 'void java.lang.invoke.DirectMethodHandle$Holder.invokeStaticInit(java.lang.Object)'> (0x00000000ee81e8c8) thrown at [s\src\hotspot\share\interpreter\linkResolver.cpp, line 773]
Event: 0.973 Thread 0x0000027bfad85000 Exception <a 'java/lang/NoSuchMethodError'{0x00000000ee852b70}: 'void java.lang.invoke.DirectMethodHandle$Holder.invokeSpecial(java.lang.Object, java.lang.Object)'> (0x00000000ee852b70) thrown at [s\src\hotspot\share\interpreter\linkResolver.cpp, line 773]
Event: 1.003 Thread 0x0000027bfad85000 Exception <a 'java/lang/NoSuchMethodError'{0x00000000eff5a130}: 'int java.lang.invoke.DirectMethodHandle$Holder.invokeStaticInit(java.lang.Object, java.lang.Object)'> (0x00000000eff5a130) thrown at [s\src\hotspot\share\interpreter\linkResolver.cpp, line 773]
Event: 1.025 Thread 0x0000027bfad85000 Exception <a 'java/lang/NoSuchMethodError'{0x00000000efebbd38}: 'java.lang.Object java.lang.invoke.DirectMethodHandle$Holder.invokeVirtual(java.lang.Object, java.lang.Object, java.lang.Object)'> (0x00000000efebbd38) thrown at [s\src\hotspot\share\interpreter\linkResolver.cpp, line 773]
Event: 1.032 Thread 0x0000027bfad85000 Exception <a 'java/lang/NoSuchMethodError'{0x00000000efefb688}: 'void java.lang.invoke.DirectMethodHandle$Holder.invokeStatic(java.lang.Object, java.lang.Object, java.lang.Object, java.lang.Object, java.lang.Object)'> (0x00000000efefb688) thrown at [s\src\hotspot\share\interpreter\linkResolver.cpp, line 773]
Event: 1.033 Thread 0x0000027bfad85000 Exception <a 'java/lang/NoSuchMethodError'{0x00000000efd0a7d0}: 'java.lang.Object java.lang.invoke.Invokers$Holder.linkToTargetMethod(java.lang.Object, java.lang.Object, java.lang.Object, java.lang.Object, java.lang.Object, java.lang.Object, java.lang.Object)'> (0x00000000efd0a7d0) thrown at [s\src\hotspot\share\interpreter\linkResolver.cpp, line 773]
Event: 1.033 Thread 0x0000027bfad85000 Exception <a 'java/lang/NoSuchMethodError'{0x00000000efd10828}: 'java.lang.Object java.lang.invoke.DirectMethodHandle$Holder.invokeInterface(java.lang.Object, java.lang.Object, java.lang.Object, java.lang.Object, java.lang.Object)'> (0x00000000efd10828) thrown at [s\src\hotspot\share\interpreter\linkResolver.cpp, line 773]
Event: 1.033 Thread 0x0000027bfad85000 Exception <a 'java/lang/IncompatibleClassChangeError'{0x00000000efd13f80}: Found class java.lang.Object, but interface was expected> (0x00000000efd13f80) thrown at [s\src\hotspot\share\interpreter\linkResolver.cpp, line 839]

Events (20 events):
Event: 1.383 loading class com/huskerdev/ojgl/GLMin$Companion
Event: 1.383 loading class com/huskerdev/ojgl/GLMin$Companion done
Event: 1.390 loading class org/gradle/internal/io/StreamByteBuffer
Event: 1.390 loading class org/gradle/internal/io/StreamByteBuffer done
Event: 1.391 loading class org/gradle/internal/io/StreamByteBuffer$StreamByteBufferInputStream
Event: 1.391 loading class org/gradle/internal/io/StreamByteBuffer$StreamByteBufferInputStream done
Event: 1.391 loading class org/gradle/internal/io/StreamByteBuffer$StreamByteBufferOutputStream
Event: 1.391 loading class org/gradle/internal/io/StreamByteBuffer$StreamByteBufferOutputStream done
Event: 1.391 loading class java/nio/charset/CharacterCodingException
Event: 1.391 loading class java/nio/charset/CharacterCodingException done
Event: 1.391 loading class org/gradle/internal/io/StreamByteBuffer$StreamByteBufferChunk
Event: 1.391 loading class org/gradle/internal/io/StreamByteBuffer$StreamByteBufferChunk done
Event: 1.392 loading class org/junit/jupiter/api/Assertions
Event: 1.392 loading class org/junit/jupiter/api/Assertions done
Event: 1.396 loading class org/junit/jupiter/api/AssertEquals
Event: 1.396 loading class org/junit/jupiter/api/AssertEquals done
Event: 1.396 loading class org/junit/jupiter/api/AssertionUtils
Event: 1.396 loading class org/junit/jupiter/api/AssertionUtils done
Event: 1.397 loading class org/opentest4j/AssertionFailedError
Event: 1.397 loading class org/opentest4j/AssertionFailedError done


Dynamic libraries:
0x00007ff741f30000 - 0x00007ff741f3d000 	C:\Users\redfa\.jdks\corretto-11.0.20.1\bin\java.exe
0x00007ffc94d90000 - 0x00007ffc94fa4000 	C:\Windows\SYSTEM32\ntdll.dll
0x00007ffc93cf0000 - 0x00007ffc93db4000 	C:\Windows\System32\KERNEL32.DLL
0x00007ffc927a0000 - 0x00007ffc92b44000 	C:\Windows\System32\KERNELBASE.dll
0x00007ffc92680000 - 0x00007ffc92791000 	C:\Windows\System32\ucrtbase.dll
0x00007ffc87070000 - 0x00007ffc87087000 	C:\Users\redfa\.jdks\corretto-11.0.20.1\bin\jli.dll
0x00007ffc7f4e0000 - 0x00007ffc7f4f9000 	C:\Users\redfa\.jdks\corretto-11.0.20.1\bin\VCRUNTIME140.dll
0x00007ffc948f0000 - 0x00007ffc94a9a000 	C:\Windows\System32\USER32.dll
0x00007ffc92290000 - 0x00007ffc922b6000 	C:\Windows\System32\win32u.dll
0x00007ffc7dfd0000 - 0x00007ffc7e25f000 	C:\Windows\WinSxS\amd64_microsoft.windows.common-controls_6595b64144ccf1df_6.0.22621.2070_none_2713e6537381f706\COMCTL32.dll
0x00007ffc92be0000 - 0x00007ffc92c09000 	C:\Windows\System32\GDI32.dll
0x00007ffc94aa0000 - 0x00007ffc94b47000 	C:\Windows\System32\msvcrt.dll
0x00007ffc92560000 - 0x00007ffc92679000 	C:\Windows\System32\gdi32full.dll
0x00007ffc921f0000 - 0x00007ffc9228a000 	C:\Windows\System32\msvcp_win.dll
0x00007ffc92c10000 - 0x00007ffc92c41000 	C:\Windows\System32\IMM32.DLL
0x00007ffc5e2a0000 - 0x00007ffc5e33b000 	C:\Users\redfa\.jdks\corretto-11.0.20.1\bin\msvcp140.dll
0x00007ffc3f220000 - 0x00007ffc3fdab000 	C:\Users\redfa\.jdks\corretto-11.0.20.1\bin\server\jvm.dll
0x00007ffc93a40000 - 0x00007ffc93af0000 	C:\Windows\System32\ADVAPI32.dll
0x00007ffc94830000 - 0x00007ffc948d6000 	C:\Windows\System32\sechost.dll
0x00007ffc94bd0000 - 0x00007ffc94ce7000 	C:\Windows\System32\RPCRT4.dll
0x00007ffc930f0000 - 0x00007ffc930f8000 	C:\Windows\System32\PSAPI.DLL
0x00007ffc7eb70000 - 0x00007ffc7eb79000 	C:\Windows\SYSTEM32\WSOCK32.dll
0x00007ffc7a580000 - 0x00007ffc7a5b4000 	C:\Windows\SYSTEM32\WINMM.dll
0x00007ffc93950000 - 0x00007ffc939c1000 	C:\Windows\System32\WS2_32.dll
0x00007ffc8ba60000 - 0x00007ffc8ba6a000 	C:\Windows\SYSTEM32\VERSION.dll
0x00007ffc912a0000 - 0x00007ffc912b8000 	C:\Windows\SYSTEM32\kernel.appcore.dll
0x00007ffc85ec0000 - 0x00007ffc85ed0000 	C:\Users\redfa\.jdks\corretto-11.0.20.1\bin\verify.dll
0x00007ffc90620000 - 0x00007ffc9084e000 	C:\Windows\SYSTEM32\DBGHELP.DLL
0x00007ffc92c50000 - 0x00007ffc92fda000 	C:\Windows\System32\combase.dll
0x00007ffc93bf0000 - 0x00007ffc93cc7000 	C:\Windows\System32\OLEAUT32.dll
0x00007ffc83ea0000 - 0x00007ffc83ed2000 	C:\Windows\SYSTEM32\dbgcore.DLL
0x00007ffc92170000 - 0x00007ffc921ea000 	C:\Windows\System32\bcryptPrimitives.dll
0x00007ffc6ea70000 - 0x00007ffc6ea98000 	C:\Users\redfa\.jdks\corretto-11.0.20.1\bin\java.dll
0x00007ffc859c0000 - 0x00007ffc859ca000 	C:\Users\redfa\.jdks\corretto-11.0.20.1\bin\jimage.dll
0x00007ffc7f3e0000 - 0x00007ffc7f3f8000 	C:\Users\redfa\.jdks\corretto-11.0.20.1\bin\zip.dll
0x00007ffc94010000 - 0x00007ffc94826000 	C:\Windows\System32\SHELL32.dll
0x00007ffc8fc80000 - 0x00007ffc9056a000 	C:\Windows\SYSTEM32\windows.storage.dll
0x00007ffc8fb40000 - 0x00007ffc8fc7e000 	C:\Windows\SYSTEM32\wintypes.dll
0x00007ffc93af0000 - 0x00007ffc93be3000 	C:\Windows\System32\SHCORE.dll
0x00007ffc93100000 - 0x00007ffc9315e000 	C:\Windows\System32\shlwapi.dll
0x00007ffc920a0000 - 0x00007ffc920c6000 	C:\Windows\SYSTEM32\profapi.dll
0x00007ffc7eb80000 - 0x00007ffc7eb99000 	C:\Users\redfa\.jdks\corretto-11.0.20.1\bin\net.dll
0x00007ffc8bca0000 - 0x00007ffc8bdd7000 	C:\Windows\SYSTEM32\WINHTTP.dll
0x00007ffc91720000 - 0x00007ffc91789000 	C:\Windows\system32\mswsock.dll
0x00007ffc7c6b0000 - 0x00007ffc7c6c3000 	C:\Users\redfa\.jdks\corretto-11.0.20.1\bin\nio.dll
0x00007ffc91970000 - 0x00007ffc9198b000 	C:\Windows\SYSTEM32\CRYPTSP.dll
0x00007ffc91210000 - 0x00007ffc91245000 	C:\Windows\system32\rsaenh.dll
0x00007ffc91810000 - 0x00007ffc9183c000 	C:\Windows\SYSTEM32\USERENV.dll
0x00007ffc91b10000 - 0x00007ffc91b38000 	C:\Windows\SYSTEM32\bcrypt.dll
0x00007ffc91990000 - 0x00007ffc9199c000 	C:\Windows\SYSTEM32\CRYPTBASE.dll
0x00007ffc90d10000 - 0x00007ffc90d3d000 	C:\Windows\SYSTEM32\IPHLPAPI.DLL
0x00007ffc937a0000 - 0x00007ffc937a9000 	C:\Windows\System32\NSI.dll
0x00007ffc8d1d0000 - 0x00007ffc8d1e9000 	C:\Windows\SYSTEM32\dhcpcsvc6.DLL
0x00007ffc8d1b0000 - 0x00007ffc8d1cf000 	C:\Windows\SYSTEM32\dhcpcsvc.DLL
0x00007ffc90d80000 - 0x00007ffc90e73000 	C:\Windows\SYSTEM32\DNSAPI.dll
0x00007ffc85f30000 - 0x00007ffc85f39000 	C:\Users\redfa\AppData\Local\Temp\ojgl-x64.dll
0x00007ffc8b5e0000 - 0x00007ffc8b5ec000 	C:\Windows\SYSTEM32\VCRUNTIME140_1.dll
0x00007ffc58ef0000 - 0x00007ffc58ff0000 	C:\Windows\SYSTEM32\OPENGL32.dll
0x00007ffc859d0000 - 0x00007ffc859fd000 	C:\Windows\SYSTEM32\GLU32.dll
0x00007ffc8f3a0000 - 0x00007ffc8f3d8000 	C:\Windows\SYSTEM32\dxcore.dll
0x00007ffc8f250000 - 0x00007ffc8f2fb000 	C:\Windows\system32\uxtheme.dll
0x00007ffc93dc0000 - 0x00007ffc93ee7000 	C:\Windows\System32\MSCTF.dll
0x00007ffc93040000 - 0x00007ffc930f0000 	C:\Windows\System32\clbcatq.dll
0x00007ffc2b910000 - 0x00007ffc2fb9d000 	C:\Windows\System32\DriverStore\FileRepository\nv_dispi.inf_amd64_14c40086f8e718c9\nvoglv64.dll
0x00007ffc93160000 - 0x00007ffc935d4000 	C:\Windows\System32\SETUPAPI.dll
0x00007ffc937b0000 - 0x00007ffc9394c000 	C:\Windows\System32\ole32.dll
0x00007ffc8f150000 - 0x00007ffc8f164000 	C:\Windows\SYSTEM32\WTSAPI32.dll
0x00007ffc91e40000 - 0x00007ffc91e52000 	C:\Windows\SYSTEM32\msasn1.dll
0x00007ffc846c0000 - 0x00007ffc846f2000 	C:\Windows\SYSTEM32\cryptnet.dll
0x00007ffc923f0000 - 0x00007ffc92557000 	C:\Windows\System32\CRYPT32.dll
0x00007ffc84560000 - 0x00007ffc846b8000 	C:\Windows\SYSTEM32\drvstore.dll
0x00007ffc91e10000 - 0x00007ffc91e3c000 	C:\Windows\SYSTEM32\devobj.dll
0x00007ffc91e60000 - 0x00007ffc91eae000 	C:\Windows\SYSTEM32\cfgmgr32.dll
0x00007ffc91a20000 - 0x00007ffc91a6b000 	C:\Windows\SYSTEM32\wldp.dll
0x00007ffc92380000 - 0x00007ffc923eb000 	C:\Windows\System32\WINTRUST.dll
0x00007ffc912c0000 - 0x00007ffc912f4000 	C:\Windows\SYSTEM32\ntmarta.dll
0x00007ffc56240000 - 0x00007ffc56511000 	C:\Windows\system32\nvspcap64.dll
0x00007ffc8f5e0000 - 0x00007ffc8f60b000 	C:\Windows\SYSTEM32\dwmapi.dll
0x00007ffc91060000 - 0x00007ffc910ad000 	C:\Windows\SYSTEM32\powrprof.dll
0x00007ffc91040000 - 0x00007ffc91053000 	C:\Windows\SYSTEM32\UMPDC.dll
0x00007ffc90c90000 - 0x00007ffc90cf6000 	C:\Windows\SYSTEM32\WINSTA.dll

dbghelp: loaded successfully - version: 4.0.5 - missing functions: none
symbol engine: initialized successfully - sym options: 0x614 - pdb path: .;C:\Users\redfa\.jdks\corretto-11.0.20.1\bin;C:\Windows\SYSTEM32;C:\Windows\WinSxS\amd64_microsoft.windows.common-controls_6595b64144ccf1df_6.0.22621.2070_none_2713e6537381f706;C:\Users\redfa\.jdks\corretto-11.0.20.1\bin\server;C:\Users\redfa\AppData\Local\Temp;C:\Windows\System32\DriverStore\FileRepository\nv_dispi.inf_amd64_14c40086f8e718c9

VM Arguments:
jvm_args: -Dorg.gradle.native=false -Xmx512m -Dfile.encoding=windows-1251 -Duser.country=RU -Duser.language=ru -Duser.variant -ea 
java_command: worker.org.gradle.process.internal.worker.GradleWorkerMain 'Gradle Test Executor 6'
java_class_path (initial): C:\\Users\\redfa\\.gradle\\caches\\6.9\\workerMain\\gradle-worker.jar;D:\\Projects\\kotlin\\offscreen-jgl\\build\\classes\\java\\test;D:\\Projects\\kotlin\\offscreen-jgl\\build\\classes\\kotlin\\test;D:\\Projects\\kotlin\\offscreen-jgl\\build\\resources\\test;D:\\Projects\\kotlin\\offscreen-jgl\\build\\classes\\java\\main;D:\\Projects\\kotlin\\offscreen-jgl\\build\\classes\\kotlin\\main;D:\\Projects\\kotlin\\offscreen-jgl\\build\\resources\\main;C:\\Users\\redfa\\.gradle\\caches\\modules-2\\files-2.1\\org.jetbrains.kotlin\\kotlin-stdlib-jdk8\\1.6.21\\eeb4d60d75e9ea9c11200d52974e522793b14fba\\kotlin-stdlib-jdk8-1.6.21.jar;C:\\Users\\redfa\\.gradle\\caches\\modules-2\\files-2.1\\org.junit.platform\\junit-platform-engine\\1.8.2\\b737de09f19864bd136805c84df7999a142fec29\\junit-platform-engine-1.8.2.jar;C:\\Users\\redfa\\.gradle\\caches\\modules-2\\files-2.1\\org.junit.platform\\junit-platform-commons\\1.8.2\\32c8b8617c1342376fd5af2053da6410d8866861\\junit-platform-commons-1.8.2.jar;C:\\Users\\redfa\\.gradle\\caches\\modules-2\\files-2.1\\org.junit.jupiter\\junit-jupiter-engine\\5.8.2\\c598b4328d2f397194d11df3b1648d68d7d990e3\\junit-jupiter-engine-5.8.2.jar;C:\\Users\\redfa\\.gradle\\caches\\modules-2\\files-2.1\\org.junit.jupiter\\junit-jupiter-api\\5.8.2\\4c21029217adf07e4c0d0c5e192b6bf610c94bdc\\junit-jupiter-api-5.8.2.jar;C:\\Users\\redfa\\.gradle\\caches\\modules-2\\files-2.1\\org.jetbrains.kotlin\\kotlin-stdlib-jdk7\\1.6.21\\568c1b78a8e17a4f35b31f0a74e2916095ed74c2\\kotlin-stdlib-jdk7-1.6.21.jar;C:\\Users\\redfa\\.gradle\\caches\\modules-2\\files-2.1\\org.jetbrains.kotlin\\kotlin-stdlib\\1.6.21\\11ef67f1900634fd951bad28c53ec957fabbe5b8\\kotlin-stdlib-1.6.21.jar;C:\\Users\\redfa\\.gradle\\caches\\modules-2\\files-2.1\\org.opentest4j\\opentest4j\\1.2.0\\28c11eb91f9b6d8e200631d46e20a7f407f2a046\\opentest4j-1.2.0.jar;C:\\Users\\redfa\\.gradle\\caches\\modules-2\\files-2.1\\org.jetbrains.kotlin\\kotlin-stdlib-common\\1.6.21\\5e5b55c26dbc8037
Launcher Type: SUN_STANDARD

[Global flags]
     intx CICompilerCount                          = 4                                         {product} {ergonomic}
     uint ConcGCThreads                            = 2                                         {product} {ergonomic}
     uint G1ConcRefinementThreads                  = 8                                         {product} {ergonomic}
   size_t G1HeapRegionSize                         = 1048576                                   {product} {ergonomic}
    uintx GCDrainStackTargetSize                   = 64                                        {product} {ergonomic}
   size_t InitialHeapSize                          = 268435456                                 {product} {ergonomic}
   size_t MarkStackSize                            = 4194304                                   {product} {ergonomic}
   size_t MaxHeapSize                              = 536870912                                 {product} {command line}
   size_t MaxNewSize                               = 321912832                                 {product} {ergonomic}
   size_t MinHeapDeltaBytes                        = 1048576                                   {product} {ergonomic}
    uintx NonNMethodCodeHeapSize                   = 5836300                                {pd product} {ergonomic}
    uintx NonProfiledCodeHeapSize                  = 122910970                              {pd product} {ergonomic}
    uintx ProfiledCodeHeapSize                     = 122910970                              {pd product} {ergonomic}
    uintx ReservedCodeCacheSize                    = 251658240                              {pd product} {ergonomic}
     bool SegmentedCodeCache                       = true                                      {product} {ergonomic}
     bool UseCompressedClassPointers               = true                                 {lp64_product} {ergonomic}
     bool UseCompressedOops                        = true                                 {lp64_product} {ergonomic}
     bool UseG1GC                                  = true                                      {product} {ergonomic}
     bool UseLargePagesIndividualAllocation        = false                                  {pd product} {ergonomic}

Logging:
Log output configuration:
 #0: stdout all=warning uptime,level,tags
 #1: stderr all=off uptime,level,tags

Environment Variables:
JAVA_HOME=C:\Users\redfa\.jdks\liberica-17.0.8.1
PATH=C:\Windows\system32;C:\Windows;C:\Windows\System32\Wbem;C:\Windows\System32\WindowsPowerShell\v1.0\;C:\Windows\System32\OpenSSH\;C:\Program Files\NVIDIA Corporation\NVIDIA NvDLISR;C:\Program Files (x86)\NVIDIA Corporation\PhysX\Common;C:\Program Files\nodejs\;C:\Program Files\Git\cmd;C:\Program Files (x86)\Windows Kits\10\Windows Performance Toolkit\;C:\Program Files\PuTTY\;C:\Program Files\CMake\bin;C:\Users\redfa\AppData\Local\Microsoft\WindowsApps;C:\Users\redfa\AppData\Roaming\npm;D:\Apps\IntelliJ IDEA 2023.2\bin;;C:\MinGW\bin;
USERNAME=redfa
OS=Windows_NT
PROCESSOR_IDENTIFIER=AMD64 Family 21 Model 2 Stepping 0, AuthenticAMD
TMP=C:\Users\redfa\AppData\Local\Temp
TEMP=C:\Users\redfa\AppData\Local\Temp



---------------  S Y S T E M  ---------------

OS: Windows 11 , 64 bit Build 22621 (10.0.22621.2070)
OS uptime: 18 days 7:05 hours

CPU:total 8 (initial active 8) (8 cores per cpu, 1 threads per core) family 21 model 2 stepping 0 microcode 0x0, cmov, cx8, fxsr, mmx, sse, sse2, sse3, ssse3, sse4.1, sse4.2, popcnt, avx, aes, clmul, mmxext, 3dnowpref, lzcnt, sse4a, tsc, tscinvbit, tscinv, bmi1, fma

Memory: 4k page, system-wide physical 16326M (5002M free)
TotalPageFile size 19539M (AvailPageFile size 2512M)
current process WorkingSet (physical memory assigned to process): 121M, peak: 121M
current process commit charge ("private bytes"): 392M, peak: 392M

vm_info: OpenJDK 64-Bit Server VM (11.0.20.1+9-LTS) for windows-amd64 JRE (11.0.20.1+9-LTS), built on Aug 19 2023 03:46:24 by "Administrator" with MS VC++ 15.9 (VS2017)

END.
